2018-06-29 09:21:42,970 [1]ERROR VideoRecordings.Program - 搜索条件status=0&recorded=1&start_date=2010-01-01&end_date=2018-06-29&start_time=0:00:00&end_time=23:59:59&label[]=[137]
2018-06-29 09:25:43,531 [1]ERROR VideoRecordings.Program - 搜索条件status=0&recorded=1&start_date=2010-01-01&end_date=2018-06-29&start_time=0:00:00&end_time=23:59:59&label[]=[191]
2018-06-29 09:29:04,467 [1]ERROR VideoRecordings.Program - 搜索条件status=0&recorded=1&start_date=2010-01-01&end_date=2018-06-29&start_time=0:00:00&end_time=23:59:59&label[]=[191]
2018-06-29 09:49:41,082 [1]ERROR VideoRecordings.Program - 搜索条件status=0&recorded=1&start_date=2010-01-01&end_date=2018-06-29&start_time=0:00:00&end_time=23:59:59&label[]=[199]
2018-06-29 10:23:16,113 [1]ERROR VideoRecordings.Program - 搜索条件status=0&recorded=1&start_date=2010-01-01&end_date=2018-06-29&start_time=0:00:00&end_time=23:59:59&label[]=[199]
2018-06-29 10:23:23,193 [1]ERROR VideoRecordings.Program - 搜索条件status=0&recorded=1&start_date=2010-01-01&end_date=2018-06-29&start_time=0:00:00&end_time=23:59:59&label[]=[191]
2018-06-29 10:27:21,999 [1]ERROR VideoRecordings.Program - 获取http://192.168.1.198:18080/videos信息
System.Exception: 获取成功
2018-06-29 10:27:22,123 [1]ERROR VideoRecordings.Program - 清空F:\源码\VideoRecordings\VideoRecordings\bin\Debug\ScreenCapture
2018-06-29 10:27:32,196 [1]ERROR VideoRecordings.Program - 清空F:\源码\VideoRecordings\VideoRecordings\bin\Debug\ScreenCapture
2018-06-29 10:27:36,261 [1]ERROR VideoRecordings.Program - 清空F:\源码\VideoRecordings\VideoRecordings\bin\Debug\ScreenCapture
2018-06-29 10:27:45,135 [1]ERROR VideoRecordings.Program - 清空F:\源码\VideoRecordings\VideoRecordings\bin\Debug\ScreenCapture
2018-06-29 10:52:11,234 [1]ERROR VideoRecordings.Program - 搜索条件status=0&recorded=1&start_date=2010-01-01&end_date=2018-06-29&start_time=0:00:00&end_time=23:59:59&label[]=[137]
2018-06-29 10:53:00,791 [1]ERROR VideoRecordings.Program - 搜索条件status=0&recorded=1&start_date=2010-01-01&end_date=2018-06-29&start_time=0:00:00&end_time=23:59:59&label[]=[137]
2018-06-29 10:53:07,506 [1]ERROR VideoRecordings.Program - 搜索条件status=0&recorded=1&start_date=2010-01-01&end_date=2018-06-29&start_time=0:00:00&end_time=23:59:59&label[]=[137]
2018-06-29 11:03:05,320 [1]ERROR VideoRecordings.Program - 搜索条件status=0&recorded=1&start_date=2010-01-01&end_date=2018-06-29&start_time=0:00:00&end_time=23:59:59&label[]=[137]
2018-06-29 11:39:07,017 [1]ERROR VideoRecordings.Program - 搜索条件status=0&recorded=1&start_date=2010-01-01&end_date=2018-06-29&start_time=0:00:00&end_time=23:59:59&label[]=[199]
2018-06-29 11:39:15,153 [1]ERROR VideoRecordings.Program - 搜索条件status=0&recorded=1&start_date=2010-01-01&end_date=2018-06-29&start_time=0:00:00&end_time=23:59:59&label[]=[199]
2018-06-29 12:05:46,770 [1]ERROR VideoRecordings.Program - 搜索条件status=0&recorded=1&start_date=2010-01-01&end_date=2018-06-29&start_time=0:00:00&end_time=23:59:59&label[]=[137]
2018-06-29 12:08:34,436 [1]ERROR VideoRecordings.Program - 搜索条件status=0&recorded=1&start_date=2010-01-01&end_date=2018-06-29&start_time=0:00:00&end_time=23:59:59&label[]=[137]
2018-06-29 12:12:09,553 [1]ERROR VideoRecordings.Program - 搜索条件status=0&recorded=1&start_date=2010-01-01&end_date=2018-06-29&start_time=0:00:00&end_time=23:59:59&label[]=[137]
2018-06-29 12:12:22,922 [1]ERROR VideoRecordings.Program - 获取http://192.168.1.198:18080/videos信息
System.Exception: 获取成功
2018-06-29 12:12:23,144 [1]ERROR VideoRecordings.Program - 清空F:\源码\VideoRecordings\VideoRecordings\bin\Debug\ScreenCapture
2018-06-29 12:12:26,633 [1]ERROR VideoRecordings.Program - 清空F:\源码\VideoRecordings\VideoRecordings\bin\Debug\ScreenCapture
2018-06-29 12:12:27,105 [1]ERROR VideoRecordings.Program - 清空F:\源码\VideoRecordings\VideoRecordings\bin\Debug\ScreenCapture
2018-06-29 12:12:39,206 [1]ERROR VideoRecordings.Program - 清空F:\源码\VideoRecordings\VideoRecordings\bin\Debug\ScreenCapture
2018-06-29 12:12:39,626 [1]ERROR VideoRecordings.Program - 清空F:\源码\VideoRecordings\VideoRecordings\bin\Debug\ScreenCapture
2018-06-29 12:12:40,619 [1]ERROR VideoRecordings.Program - 清空F:\源码\VideoRecordings\VideoRecordings\bin\Debug\ScreenCapture
2018-06-29 12:12:41,108 [1]ERROR VideoRecordings.Program - 清空F:\源码\VideoRecordings\VideoRecordings\bin\Debug\ScreenCapture
2018-06-29 12:12:42,947 [1]ERROR VideoRecordings.Program - 清空F:\源码\VideoRecordings\VideoRecordings\bin\Debug\ScreenCapture
2018-06-29 12:12:43,948 [1]ERROR VideoRecordings.Program - 清空F:\源码\VideoRecordings\VideoRecordings\bin\Debug\ScreenCapture
2018-06-29 12:12:44,892 [1]ERROR VideoRecordings.Program - 清空F:\源码\VideoRecordings\VideoRecordings\bin\Debug\ScreenCapture
2018-06-29 12:12:46,195 [1]ERROR VideoRecordings.Program - 清空F:\源码\VideoRecordings\VideoRecordings\bin\Debug\ScreenCapture
2018-06-29 12:12:50,065 [1]ERROR VideoRecordings.Program - 清空F:\源码\VideoRecordings\VideoRecordings\bin\Debug\ScreenCapture
2018-06-29 12:12:51,039 [1]ERROR VideoRecordings.Program - 清空F:\源码\VideoRecordings\VideoRecordings\bin\Debug\ScreenCapture
2018-06-29 12:12:51,763 [1]ERROR VideoRecordings.Program - 清空F:\源码\VideoRecordings\VideoRecordings\bin\Debug\ScreenCapture
2018-06-29 12:13:02,058 [1]ERROR VideoRecordings.Program - 清空F:\源码\VideoRecordings\VideoRecordings\bin\Debug\ScreenCapture
2018-06-29 12:13:05,235 [1]ERROR VideoRecordings.Program - 清空F:\源码\VideoRecordings\VideoRecordings\bin\Debug\ScreenCapture
2018-06-29 12:13:06,024 [1]ERROR VideoRecordings.Program - 清空F:\源码\VideoRecordings\VideoRecordings\bin\Debug\ScreenCapture
2018-06-29 12:13:10,220 [1]ERROR VideoRecordings.Program - 清空F:\源码\VideoRecordings\VideoRecordings\bin\Debug\ScreenCapture
2018-06-29 12:18:26,230 [1]ERROR VideoRecordings.Program - 搜索条件status=0&recorded=1&start_date=2010-01-01&end_date=2018-06-29&start_time=0:00:00&end_time=23:59:59&label[]=[137]
2018-06-29 13:50:40,938 [1]ERROR VideoRecordings.Program - 搜索条件status=0&recorded=1&start_date=2010-01-01&end_date=2018-06-29&start_time=0:00:00&end_time=23:59:59&label[]=[137]
2018-06-29 13:52:35,447 [1]ERROR VideoRecordings.Program - 获取http://192.168.1.198:18080/videos信息
System.Exception: 获取成功
2018-06-29 13:52:35,583 [1]ERROR VideoRecordings.Program - 清空F:\源码\VideoRecordings\VideoRecordings\bin\Debug\ScreenCapture
2018-06-29 13:52:38,721 [1]ERROR VideoRecordings.Program - 清空F:\源码\VideoRecordings\VideoRecordings\bin\Debug\ScreenCapture
2018-06-29 13:52:39,040 [1]ERROR VideoRecordings.Program - 清空F:\源码\VideoRecordings\VideoRecordings\bin\Debug\ScreenCapture
2018-06-29 13:52:39,291 [1]ERROR VideoRecordings.Program - 清空F:\源码\VideoRecordings\VideoRecordings\bin\Debug\ScreenCapture
2018-06-29 13:52:39,540 [1]ERROR VideoRecordings.Program - 清空F:\源码\VideoRecordings\VideoRecordings\bin\Debug\ScreenCapture
2018-06-29 13:52:39,747 [1]ERROR VideoRecordings.Program - 清空F:\源码\VideoRecordings\VideoRecordings\bin\Debug\ScreenCapture
2018-06-29 13:52:41,274 [1]ERROR VideoRecordings.Program - 清空F:\源码\VideoRecordings\VideoRecordings\bin\Debug\ScreenCapture
2018-06-29 13:52:50,051 [1]ERROR VideoRecordings.Program - 清空F:\源码\VideoRecordings\VideoRecordings\bin\Debug\ScreenCapture
2018-06-29 13:52:59,876 [1]ERROR VideoRecordings.Program - 获取http://192.168.1.198:18080/videos信息
System.Exception: 获取成功
2018-06-29 13:52:59,943 [1]ERROR VideoRecordings.Program - 清空F:\源码\VideoRecordings\VideoRecordings\bin\Debug\ScreenCapture
2018-06-29 13:53:02,085 [1]ERROR VideoRecordings.Program - 清空F:\源码\VideoRecordings\VideoRecordings\bin\Debug\ScreenCapture
2018-06-29 13:53:02,699 [1]ERROR VideoRecordings.Program - 清空F:\源码\VideoRecordings\VideoRecordings\bin\Debug\ScreenCapture
2018-06-29 13:53:11,731 [1]ERROR VideoRecordings.Program - 清空F:\源码\VideoRecordings\VideoRecordings\bin\Debug\ScreenCapture
2018-06-29 13:53:12,897 [1]ERROR VideoRecordings.Program - 清空F:\源码\VideoRecordings\VideoRecordings\bin\Debug\ScreenCapture
2018-06-29 13:53:14,283 [1]ERROR VideoRecordings.Program - 清空F:\源码\VideoRecordings\VideoRecordings\bin\Debug\ScreenCapture
2018-06-29 13:53:24,574 [1]ERROR VideoRecordings.Program - 清空F:\源码\VideoRecordings\VideoRecordings\bin\Debug\ScreenCapture
2018-06-29 13:53:24,868 [1]ERROR VideoRecordings.Program - 清空F:\源码\VideoRecordings\VideoRecordings\bin\Debug\ScreenCapture
2018-06-29 13:53:25,309 [1]ERROR VideoRecordings.Program - 清空F:\源码\VideoRecordings\VideoRecordings\bin\Debug\ScreenCapture
2018-06-29 13:53:26,610 [1]ERROR VideoRecordings.Program - 清空F:\源码\VideoRecordings\VideoRecordings\bin\Debug\ScreenCapture
2018-06-29 13:53:30,556 [1]ERROR VideoRecordings.Program - 清空F:\源码\VideoRecordings\VideoRecordings\bin\Debug\ScreenCapture
2018-06-29 13:53:32,748 [1]ERROR VideoRecordings.Program - 清空F:\源码\VideoRecordings\VideoRecordings\bin\Debug\ScreenCapture
2018-06-29 13:53:41,355 [1]ERROR VideoRecordings.Program - 清空F:\源码\VideoRecordings\VideoRecordings\bin\Debug\ScreenCapture
2018-06-29 13:53:42,932 [1]ERROR VideoRecordings.Program - 清空F:\源码\VideoRecordings\VideoRecordings\bin\Debug\ScreenCapture
2018-06-29 13:53:55,641 [1]ERROR VideoRecordings.Program - 搜索条件status=0&recorded=1&start_date=2010-01-01&end_date=2018-06-29&start_time=0:00:00&end_time=23:59:59&label[]=[191]
2018-06-29 13:58:16,296 [1]ERROR VideoRecordings.Program - 搜索条件status=0&recorded=1&start_date=2010-01-01&end_date=2018-06-29&start_time=0:00:00&end_time=23:59:59&label[]=[137]
2018-06-29 13:58:49,972 [1]ERROR VideoRecordings.Program - 搜索条件status=0&recorded=1&start_date=2010-01-01&end_date=2018-06-29&start_time=0:00:00&end_time=23:59:59&label[]=[]
2018-06-29 13:58:56,027 [1]ERROR VideoRecordings.Program - 搜索条件status=0&recorded=1&start_date=2010-01-01&end_date=2018-06-29&start_time=0:00:00&end_time=23:59:59&label[]=[191]
2018-06-29 13:59:08,256 [1]ERROR VideoRecordings.Program - 搜索条件status=0&recorded=1&start_date=2010-01-01&end_date=2018-06-29&start_time=0:00:00&end_time=23:59:59&label[]=[137]
2018-06-29 13:59:18,210 [1]ERROR VideoRecordings.Program - 搜索条件status=0&recorded=1&start_date=2010-01-01&end_date=2018-06-29&start_time=0:00:00&end_time=23:59:59&label[]=[191]
2018-06-29 14:06:09,236 [1]ERROR VideoRecordings.Program - 搜索条件status=0&recorded=1&start_date=2010-01-01&end_date=2018-06-29&start_time=0:00:00&end_time=23:59:59&label[]=[191]
2018-06-29 14:16:05,772 [1]ERROR VideoRecordings.Program - 获取http://192.168.1.198:18080/videos信息
System.Exception: 获取成功
2018-06-29 14:16:05,929 [1]ERROR VideoRecordings.Program - 清空F:\源码\VideoRecordings\VideoRecordings\bin\Debug\ScreenCapture
2018-06-29 14:23:56,104 [1]ERROR VideoRecordings.Program - 获取http://192.168.1.198:18080/videos信息
System.Exception: 获取成功
2018-06-29 14:25:05,919 [1]ERROR VideoRecordings.Program - 清空F:\源码\VideoRecordings\VideoRecordings\bin\Debug\ScreenCapture
2018-06-29 14:29:44,740 [1]ERROR VideoRecordings.Program - 搜索条件status=0&recorded=1&start_date=2010-01-01&end_date=2018-06-29&start_time=0:00:00&end_time=23:59:59&label[]=[137]
2018-06-29 14:30:21,662 [1]ERROR VideoRecordings.Program - 搜索条件status=0&recorded=1&start_date=2010-01-01&end_date=2018-06-29&start_time=0:00:00&end_time=23:59:59&label[]=[191]
2018-06-29 14:40:54,424 [1]ERROR VideoRecordings.Program - 搜索条件status=0&recorded=1&start_date=2010-01-01&end_date=2018-06-29&start_time=0:00:00&end_time=23:59:59&label[]=[191]
2018-06-29 14:41:06,324 [1]ERROR VideoRecordings.Program - 搜索条件status=0&recorded=1&start_date=2010-01-01&end_date=2018-06-29&start_time=0:00:00&end_time=23:59:59&label[]=[137]
2018-06-29 14:41:31,757 [1]ERROR VideoRecordings.Program - 搜索条件status=0&recorded=1&start_date=2010-01-01&end_date=2018-06-29&start_time=0:00:00&end_time=23:59:59&label[]=[191]
2018-06-29 14:42:57,788 [1]ERROR VideoRecordings.Program - 搜索条件status=0&recorded=1&start_date=2010-01-01&end_date=2018-06-29&start_time=0:00:00&end_time=23:59:59&label[]=[137]
2018-06-29 14:43:05,513 [1]ERROR VideoRecordings.Program - 获取http://192.168.1.198:18080/videos信息
System.Exception: 获取成功
2018-06-29 14:43:05,552 [1]ERROR VideoRecordings.Program - 清空F:\源码\VideoRecordings\VideoRecordings\bin\Debug\ScreenCapture
2018-06-29 14:43:19,848 [1]ERROR VideoRecordings.Program - 获取http://192.168.1.198:18080/videos信息
System.Exception: 获取成功
2018-06-29 14:43:19,895 [1]ERROR VideoRecordings.Program - 清空F:\源码\VideoRecordings\VideoRecordings\bin\Debug\ScreenCapture
2018-06-29 14:43:23,387 [1]ERROR VideoRecordings.Program - 清空F:\源码\VideoRecordings\VideoRecordings\bin\Debug\ScreenCapture
2018-06-29 14:43:27,718 [1]ERROR VideoRecordings.Program - 清空F:\源码\VideoRecordings\VideoRecordings\bin\Debug\ScreenCapture
2018-06-29 14:43:29,880 [1]ERROR VideoRecordings.Program - 清空F:\源码\VideoRecordings\VideoRecordings\bin\Debug\ScreenCapture
2018-06-29 14:45:20,142 [1]ERROR VideoRecordings.Program - 获取http://192.168.1.198:18080/videos信息
System.Exception: 获取成功
2018-06-29 14:45:20,307 [1]ERROR VideoRecordings.Program - 清空F:\源码\VideoRecordings\VideoRecordings\bin\Debug\ScreenCapture
2018-06-29 14:45:23,068 [1]ERROR VideoRecordings.Program - 清空F:\源码\VideoRecordings\VideoRecordings\bin\Debug\ScreenCapture
2018-06-29 14:45:26,706 [1]ERROR VideoRecordings.Program - 清空F:\源码\VideoRecordings\VideoRecordings\bin\Debug\ScreenCapture
2018-06-29 14:45:30,787 [1]ERROR VideoRecordings.Program - 获取http://192.168.1.198:18080/videos信息
System.Exception: 获取成功
2018-06-29 14:45:30,886 [1]ERROR VideoRecordings.Program - 清空F:\源码\VideoRecordings\VideoRecordings\bin\Debug\ScreenCapture
2018-06-29 14:46:31,047 [1]ERROR VideoRecordings.Program - 搜索条件status=0&recorded=1&start_date=2010-01-01&end_date=2018-06-29&start_time=0:00:00&end_time=23:59:59&label[]=[137]
2018-06-29 14:48:03,763 [1]ERROR VideoRecordings.Program - 搜索条件status=0&recorded=1&start_date=2010-01-01&end_date=2018-06-29&start_time=0:00:00&end_time=23:59:59&label[]=[137]
2018-06-29 14:49:02,911 [1]ERROR VideoRecordings.Program - 获取http://192.168.1.198:18080/videos信息
System.Exception: 获取成功
2018-06-29 14:49:03,073 [1]ERROR VideoRecordings.Program - 清空F:\源码\VideoRecordings\VideoRecordings\bin\Debug\ScreenCapture
2018-06-29 14:49:05,697 [1]ERROR VideoRecordings.Program - 清空F:\源码\VideoRecordings\VideoRecordings\bin\Debug\ScreenCapture
2018-06-29 14:49:18,198 [1]ERROR VideoRecordings.Program - 搜索条件status=0&recorded=1&start_date=2010-01-01&end_date=2018-06-29&start_time=0:00:00&end_time=23:59:59&label[]=[137]
2018-06-29 14:49:57,646 [1]ERROR VideoRecordings.Program - 搜索条件status=0&recorded=1&start_date=2010-01-01&end_date=2018-06-29&start_time=0:00:00&end_time=23:59:59&label[]=[137]
2018-06-29 14:55:42,308 [1]ERROR VideoRecordings.Program - 获取http://192.168.1.198:18080/videos信息
System.Exception: 获取成功
2018-06-29 14:55:42,494 [1]ERROR VideoRecordings.Program - 清空F:\源码\VideoRecordings\VideoRecordings\bin\Debug\ScreenCapture
2018-06-29 14:56:56,403 [1]ERROR VideoRecordings.Program - 搜索条件status=0&recorded=1&start_date=2010-01-01&end_date=2018-06-29&start_time=0:00:00&end_time=23:59:59&label[]=[137]
2018-06-29 15:26:18,557 [1]ERROR VideoRecordings.Program - 搜索条件status=0&recorded=1&start_date=2010-01-01&end_date=2018-06-29&start_time=0:00:00&end_time=23:59:59&label[]=[137]
2018-06-29 15:32:47,834 [1]ERROR VideoRecordings.Program - 搜索条件status=0&recorded=1&start_date=2010-01-01&end_date=2018-06-29&start_time=0:00:00&end_time=23:59:59&label[]=[191]
2018-06-29 15:37:25,933 [1]ERROR VideoRecordings.Program - 获取http://192.168.1.198:18080/videos信息
System.Exception: 获取成功
2018-06-29 15:37:26,113 [1]ERROR VideoRecordings.Program - 清空F:\源码\VideoRecordings\VideoRecordings\bin\Debug\ScreenCapture
2018-06-29 15:37:34,953 [1]ERROR VideoRecordings.Program - 搜索条件status=0&recorded=1&start_date=2010-01-01&end_date=2018-06-29&start_time=0:00:00&end_time=23:59:59&label[]=[137]
2018-06-29 16:27:54,638 [1]ERROR VideoRecordings.Program - 获取http://192.168.1.198:18080/videos信息
System.Exception: 获取成功
2018-06-29 16:27:54,821 [1]ERROR VideoRecordings.Program - 清空F:\源码\VideoRecordings\VideoRecordings\bin\Debug\ScreenCapture
2018-06-29 16:27:57,108 [1]ERROR VideoRecordings.Program - 清空F:\源码\VideoRecordings\VideoRecordings\bin\Debug\ScreenCapture
2018-06-29 16:27:58,604 [1]ERROR VideoRecordings.Program - 打开\\192.168.1.234\md5\视频\桐乡视频\SP0143-视频结构化-桐乡-行人搜图（3.2-3.6）-20180313\城河路附近13个点3.2-3.6\1.258WT城河路鱼行街2电枪\205211001211800379-00010001-20180302150000-20180302160000-205211-01.nsf
System.Exception: 打开成功
2018-06-29 16:38:31,304 [1]ERROR VideoRecordings.Program - 获取http://192.168.1.198:18080/videos信息
System.Exception: 获取成功
2018-06-29 16:38:31,469 [1]ERROR VideoRecordings.Program - 清空F:\源码\VideoRecordings\VideoRecordings\bin\Debug\ScreenCapture
2018-06-29 16:38:32,453 [1]ERROR VideoRecordings.Program - 清空F:\源码\VideoRecordings\VideoRecordings\bin\Debug\ScreenCapture
2018-06-29 16:38:35,155 [1]ERROR VideoRecordings.Program - 打开\\192.168.1.234\md5\视频\桐乡视频\SP0143-视频结构化-桐乡-行人搜图（3.2-3.6）-20180313\城河路附近13个点3.2-3.6\1.258WT城河路鱼行街2电枪\205211001211800379-00010001-20180302120000-20180302130000-205211-01.nsf
System.Exception: 打开成功
2018-06-29 17:15:45,885 [1]ERROR VideoRecordings.Program - 搜索条件status=0&recorded=1&start_date=2010-01-01&end_date=2018-06-29&start_time=0:00:00&end_time=23:59:59&label[]=[191]
2018-06-29 17:16:57,156 [1]ERROR VideoRecordings.Program - 搜索条件status=0&recorded=1&start_date=2010-01-01&end_date=2018-06-29&start_time=0:00:00&end_time=23:59:59&label[]=[199]
2018-06-29 17:17:44,693 [1]ERROR VideoRecordings.Program - 搜索条件status=0&recorded=1&start_date=2010-01-01&end_date=2018-06-29&start_time=0:00:00&end_time=23:59:59&label[]=[199]
2018-06-29 17:17:55,060 [1]ERROR VideoRecordings.Program - 搜索条件status=0&recorded=1&start_date=2010-01-01&end_date=2018-06-29&start_time=0:00:00&end_time=23:59:59&label[]=[137]
2018-06-29 18:41:15,774 [1]ERROR VideoRecordings.Program - 搜索条件status=0&recorded=1&start_date=2010-01-01&end_date=2018-06-29&start_time=0:00:00&end_time=23:59:59&label[]=[137]
2018-06-29 18:44:10,196 [1]ERROR VideoRecordings.Program - 搜索条件status=0&recorded=1&start_date=2010-01-01&end_date=2018-06-29&start_time=0:00:00&end_time=23:59:59&label[]=[137]
2018-06-29 18:44:37,865 [1]ERROR VideoRecordings.Program - 获取http://192.168.1.198:18080/videos信息
System.Exception: 获取成功
2018-06-29 18:44:37,954 [1]ERROR VideoRecordings.Program - 清空F:\源码\VideoRecordings\VideoRecordings\bin\Debug\ScreenCapture
2018-06-29 18:44:38,660 [1]ERROR VideoRecordings.Program - 清空F:\源码\VideoRecordings\VideoRecordings\bin\Debug\ScreenCapture
2018-06-29 18:44:40,614 [1]ERROR VideoRecordings.Program - 清空F:\源码\VideoRecordings\VideoRecordings\bin\Debug\ScreenCapture
2018-06-29 18:44:42,105 [1]ERROR VideoRecordings.Program - 清空F:\源码\VideoRecordings\VideoRecordings\bin\Debug\ScreenCapture
2018-06-29 18:44:43,455 [1]ERROR VideoRecordings.Program - 清空F:\源码\VideoRecordings\VideoRecordings\bin\Debug\ScreenCapture
2018-06-29 18:44:44,641 [1]ERROR VideoRecordings.Program - 清空F:\源码\VideoRecordings\VideoRecordings\bin\Debug\ScreenCapture
2018-06-29 18:44:45,250 [1]ERROR VideoRecordings.Program - 清空F:\源码\VideoRecordings\VideoRecordings\bin\Debug\ScreenCapture
2018-06-29 18:44:45,842 [1]ERROR VideoRecordings.Program - 清空F:\源码\VideoRecordings\VideoRecordings\bin\Debug\ScreenCapture
2018-06-29 18:44:47,049 [1]ERROR VideoRecordings.Program - 清空F:\源码\VideoRecordings\VideoRecordings\bin\Debug\ScreenCapture
2018-06-29 18:44:58,134 [1]ERROR VideoRecordings.Program - 获取http://192.168.1.198:18080/videos信息
System.Exception: 获取成功
2018-06-29 18:44:58,181 [1]ERROR VideoRecordings.Program - 清空F:\源码\VideoRecordings\VideoRecordings\bin\Debug\ScreenCapture
2018-06-29 18:45:10,152 [1]ERROR VideoRecordings.Program - 获取http://192.168.1.198:18080/videos信息
System.Exception: 获取成功
2018-06-29 18:45:10,222 [1]ERROR VideoRecordings.Program - 清空F:\源码\VideoRecordings\VideoRecordings\bin\Debug\ScreenCapture
2018-06-29 18:45:15,972 [1]ERROR VideoRecordings.Program - 获取http://192.168.1.198:18080/videos信息
System.Exception: 获取成功
2018-06-29 18:45:16,024 [1]ERROR VideoRecordings.Program - 清空F:\源码\VideoRecordings\VideoRecordings\bin\Debug\ScreenCapture
2018-06-29 18:45:19,186 [1]ERROR VideoRecordings.Program - 获取http://192.168.1.198:18080/videos信息
System.Exception: 获取成功
2018-06-29 18:45:19,241 [1]ERROR VideoRecordings.Program - 清空F:\源码\VideoRecordings\VideoRecordings\bin\Debug\ScreenCapture
2018-06-29 18:45:32,452 [1]ERROR VideoRecordings.Program - 获取http://192.168.1.198:18080/videos信息
System.Exception: 获取成功
2018-06-29 18:45:32,528 [1]ERROR VideoRecordings.Program - 清空F:\源码\VideoRecordings\VideoRecordings\bin\Debug\ScreenCapture
2018-06-29 18:45:33,759 [1]ERROR VideoRecordings.Program - 清空F:\源码\VideoRecordings\VideoRecordings\bin\Debug\ScreenCapture
2018-06-29 18:45:34,320 [1]ERROR VideoRecordings.Program - 清空F:\源码\VideoRecordings\VideoRecordings\bin\Debug\ScreenCapture
2018-06-29 18:45:34,943 [1]ERROR VideoRecordings.Program - 清空F:\源码\VideoRecordings\VideoRecordings\bin\Debug\ScreenCapture
2018-06-29 18:45:35,429 [1]ERROR VideoRecordings.Program - 清空F:\源码\VideoRecordings\VideoRecordings\bin\Debug\ScreenCapture
2018-06-29 18:45:35,920 [1]ERROR VideoRecordings.Program - 清空F:\源码\VideoRecordings\VideoRecordings\bin\Debug\ScreenCapture
2018-06-29 18:45:38,484 [1]ERROR VideoRecordings.Program - 清空F:\源码\VideoRecordings\VideoRecordings\bin\Debug\ScreenCapture
2018-06-29 18:45:53,191 [1]ERROR VideoRecordings.Program - 搜索条件status=0&recorded=1&start_date=2010-01-01&end_date=2018-06-29&start_time=0:00:00&end_time=23:59:59&label[]=[137]
