2018-06-05 09:21:42,334 [1]ERROR VideoRecordings.Program - 搜索条件status=0&recorded=1&start_date=2010-01-01&end_date=2018-06-05&start_time=0:00:00&end_time=23:59:59
2018-06-05 09:24:06,248 [1]ERROR VideoRecordings.Program - 搜索条件status=0&recorded=1&start_date=2010-01-01&end_date=2018-06-05&start_time=0:00:00&end_time=23:59:59
2018-06-05 14:00:21,573 [1]ERROR VideoRecordings.Program - 获取http://192.168.1.225:18080/videos信息
System.Exception: 获取成功
2018-06-05 14:00:21,688 [1]ERROR VideoRecordings.Program - 清空F:\源码\VideoRecordings\VideoRecordings\bin\Debug\ScreenCapture
2018-06-05 14:00:22,913 [1]ERROR VideoRecordings.Program - 清空F:\源码\VideoRecordings\VideoRecordings\bin\Debug\ScreenCapture
2018-06-05 14:00:30,226 [1]ERROR VideoRecordings.Program - 清空F:\源码\VideoRecordings\VideoRecordings\bin\Debug\ScreenCapture
2018-06-05 14:00:32,317 [1]ERROR VideoRecordings.Program - 清空F:\源码\VideoRecordings\VideoRecordings\bin\Debug\ScreenCapture
2018-06-05 14:00:54,653 [1]ERROR VideoRecordings.Program - 清空F:\源码\VideoRecordings\VideoRecordings\bin\Debug\ScreenCapture
2018-06-05 14:00:54,995 [1]ERROR VideoRecordings.Program - 清空F:\源码\VideoRecordings\VideoRecordings\bin\Debug\ScreenCapture
2018-06-05 14:00:56,155 [1]ERROR VideoRecordings.Program - 清空F:\源码\VideoRecordings\VideoRecordings\bin\Debug\ScreenCapture
2018-06-05 14:00:56,624 [1]ERROR VideoRecordings.Program - 清空F:\源码\VideoRecordings\VideoRecordings\bin\Debug\ScreenCapture
2018-06-05 14:00:57,162 [1]ERROR VideoRecordings.Program - 清空F:\源码\VideoRecordings\VideoRecordings\bin\Debug\ScreenCapture
2018-06-05 14:01:00,391 [1]ERROR VideoRecordings.Program - 清空F:\源码\VideoRecordings\VideoRecordings\bin\Debug\ScreenCapture
2018-06-05 14:01:13,124 [1]ERROR VideoRecordings.Program - 清空F:\源码\VideoRecordings\VideoRecordings\bin\Debug\ScreenCapture
2018-06-05 14:01:14,233 [1]ERROR VideoRecordings.Program - 清空F:\源码\VideoRecordings\VideoRecordings\bin\Debug\ScreenCapture
2018-06-05 14:01:14,673 [1]ERROR VideoRecordings.Program - 清空F:\源码\VideoRecordings\VideoRecordings\bin\Debug\ScreenCapture
2018-06-05 14:01:16,065 [1]ERROR VideoRecordings.Program - 打开\\192.168.1.234\md5\视频\桐乡视频\SP0144-视频结构化-桐乡-行人搜图（3.7-3.8）-20180312\城河路附近13个点3.7-3.8\8.256WT城河路宏源路电枪\205211001211800371-00010001-20180301180000-20180301190000-205211-01.nsf
System.Exception: 打开成功
2018-06-05 14:01:21,960 [1]ERROR VideoRecordings.Program - 清空F:\源码\VideoRecordings\VideoRecordings\bin\Debug\ScreenCapture
2018-06-05 14:01:22,348 [1]ERROR VideoRecordings.Program - 打开\\192.168.1.234\md5\视频\桐乡视频\SP0144-视频结构化-桐乡-行人搜图（3.7-3.8）-20180312\城河路附近13个点3.7-3.8\8.256WT城河路宏源路电枪\205211001211800371-00010001-20180301190000-20180301200000-205211-01.nsf
System.Exception: 打开成功
2018-06-05 14:01:33,536 [1]ERROR VideoRecordings.Program - 清空F:\源码\VideoRecordings\VideoRecordings\bin\Debug\ScreenCapture
2018-06-05 14:01:34,106 [1]ERROR VideoRecordings.Program - 清空F:\源码\VideoRecordings\VideoRecordings\bin\Debug\ScreenCapture
2018-06-05 14:01:36,316 [1]ERROR VideoRecordings.Program - 打开\\192.168.1.234\md5\视频\桐乡视频\SP0144-视频结构化-桐乡-行人搜图（3.7-3.8）-20180312\城河路附近13个点3.7-3.8\8.256WT城河路宏源路电枪\205211001211800371-00010001-20180301190000-20180301200000-205211-01.nsf
System.Exception: 打开成功
2018-06-05 17:47:28,714 [1]ERROR VideoRecordings.Program - 搜索条件status=0&recorded=1&start_date=2010-01-01&end_date=2018-06-05&start_time=0:00:00&end_time=23:59:59
