2018-07-11 09:19:24,871 [1]ERROR VideoRecordings.Program - 获取http://192.168.1.198:16080/videos信息
System.Exception: 获取成功
2018-07-11 09:19:25,960 [1]ERROR VideoRecordings.Program - 清空F:\源码\VideoRecordings\VideoRecordings\bin\Debug\ScreenCapture
2018-07-11 09:24:05,948 [1]ERROR VideoRecordings.Program - 获取http://192.168.1.198:16080/videos信息
System.Exception: 获取成功
2018-07-11 09:31:24,683 [1]ERROR VideoRecordings.Program - 获取http://192.168.1.198:16080/videos信息
System.Exception: 获取成功
2018-07-11 10:38:25,860 [1]ERROR VideoRecordings.Program - 搜索条件status=0&recorded=1&start_date=2010-01-01&end_date=2018-07-11&start_time=0:00:00&end_time=23:59:59
2018-07-11 10:38:38,591 [1]ERROR VideoRecordings.Program - 获取http://192.168.1.198:16080/videos信息
System.Exception: 获取成功
2018-07-11 10:39:02,024 [1]ERROR VideoRecordings.Program - 获取http://192.168.1.198:16080/videos信息
System.Exception: 获取成功
2018-07-11 10:39:08,823 [1]ERROR VideoRecordings.Program - 清空F:\源码\VideoRecordings\VideoRecordings\bin\Debug\ScreenCapture
2018-07-11 10:39:20,027 [1]ERROR VideoRecordings.Program - 清空F:\源码\VideoRecordings\VideoRecordings\bin\Debug\ScreenCapture
2018-07-11 10:39:20,258 [1]ERROR VideoRecordings.Program - 清空F:\源码\VideoRecordings\VideoRecordings\bin\Debug\ScreenCapture
2018-07-11 10:39:20,524 [1]ERROR VideoRecordings.Program - 清空F:\源码\VideoRecordings\VideoRecordings\bin\Debug\ScreenCapture
2018-07-11 10:39:20,761 [1]ERROR VideoRecordings.Program - 清空F:\源码\VideoRecordings\VideoRecordings\bin\Debug\ScreenCapture
2018-07-11 10:39:21,026 [1]ERROR VideoRecordings.Program - 清空F:\源码\VideoRecordings\VideoRecordings\bin\Debug\ScreenCapture
2018-07-11 10:39:21,684 [1]ERROR VideoRecordings.Program - 清空F:\源码\VideoRecordings\VideoRecordings\bin\Debug\ScreenCapture
2018-07-11 10:39:22,101 [1]ERROR VideoRecordings.Program - 清空F:\源码\VideoRecordings\VideoRecordings\bin\Debug\ScreenCapture
2018-07-11 10:39:24,785 [1]ERROR VideoRecordings.Program - 获取http://192.168.1.198:16080/videos信息
System.Exception: 获取成功
2018-07-11 10:39:24,803 [1]ERROR VideoRecordings.Program - 清空F:\源码\VideoRecordings\VideoRecordings\bin\Debug\ScreenCapture
2018-07-11 10:39:26,791 [1]ERROR VideoRecordings.Program - 清空F:\源码\VideoRecordings\VideoRecordings\bin\Debug\ScreenCapture
2018-07-11 10:39:27,053 [1]ERROR VideoRecordings.Program - 清空F:\源码\VideoRecordings\VideoRecordings\bin\Debug\ScreenCapture
2018-07-11 10:39:27,321 [1]ERROR VideoRecordings.Program - 清空F:\源码\VideoRecordings\VideoRecordings\bin\Debug\ScreenCapture
2018-07-11 10:39:27,534 [1]ERROR VideoRecordings.Program - 清空F:\源码\VideoRecordings\VideoRecordings\bin\Debug\ScreenCapture
2018-07-11 10:39:27,741 [1]ERROR VideoRecordings.Program - 清空F:\源码\VideoRecordings\VideoRecordings\bin\Debug\ScreenCapture
2018-07-11 10:39:28,029 [1]ERROR VideoRecordings.Program - 清空F:\源码\VideoRecordings\VideoRecordings\bin\Debug\ScreenCapture
2018-07-11 10:39:28,966 [1]ERROR VideoRecordings.Program - 清空F:\源码\VideoRecordings\VideoRecordings\bin\Debug\ScreenCapture
2018-07-11 10:39:33,738 [1]ERROR VideoRecordings.Program - 清空F:\源码\VideoRecordings\VideoRecordings\bin\Debug\ScreenCapture
2018-07-11 10:39:37,288 [1]ERROR VideoRecordings.Program - 获取http://192.168.1.198:16080/videos信息
System.Exception: 获取成功
2018-07-11 10:39:37,307 [1]ERROR VideoRecordings.Program - 清空F:\源码\VideoRecordings\VideoRecordings\bin\Debug\ScreenCapture
2018-07-11 10:39:42,492 [1]ERROR VideoRecordings.Program - 清空F:\源码\VideoRecordings\VideoRecordings\bin\Debug\ScreenCapture
2018-07-11 10:39:42,878 [1]ERROR VideoRecordings.Program - 清空F:\源码\VideoRecordings\VideoRecordings\bin\Debug\ScreenCapture
2018-07-11 10:39:43,276 [1]ERROR VideoRecordings.Program - 清空F:\源码\VideoRecordings\VideoRecordings\bin\Debug\ScreenCapture
2018-07-11 10:39:43,675 [1]ERROR VideoRecordings.Program - 清空F:\源码\VideoRecordings\VideoRecordings\bin\Debug\ScreenCapture
2018-07-11 10:39:43,985 [1]ERROR VideoRecordings.Program - 清空F:\源码\VideoRecordings\VideoRecordings\bin\Debug\ScreenCapture
2018-07-11 10:39:49,494 [1]ERROR VideoRecordings.Program - 清空F:\源码\VideoRecordings\VideoRecordings\bin\Debug\ScreenCapture
2018-07-11 10:39:51,369 [1]ERROR VideoRecordings.Program - 清空F:\源码\VideoRecordings\VideoRecordings\bin\Debug\ScreenCapture
2018-07-11 10:39:53,856 [1]ERROR VideoRecordings.Program - 清空F:\源码\VideoRecordings\VideoRecordings\bin\Debug\ScreenCapture
2018-07-11 10:39:56,665 [1]ERROR VideoRecordings.Program - 清空F:\源码\VideoRecordings\VideoRecordings\bin\Debug\ScreenCapture
2018-07-11 10:40:05,411 [1]ERROR VideoRecordings.Program - 清空F:\源码\VideoRecordings\VideoRecordings\bin\Debug\ScreenCapture
2018-07-11 10:40:05,891 [1]ERROR VideoRecordings.Program - 清空F:\源码\VideoRecordings\VideoRecordings\bin\Debug\ScreenCapture
2018-07-11 10:40:06,234 [1]ERROR VideoRecordings.Program - 清空F:\源码\VideoRecordings\VideoRecordings\bin\Debug\ScreenCapture
2018-07-11 10:40:06,558 [1]ERROR VideoRecordings.Program - 清空F:\源码\VideoRecordings\VideoRecordings\bin\Debug\ScreenCapture
2018-07-11 10:40:06,987 [1]ERROR VideoRecordings.Program - 清空F:\源码\VideoRecordings\VideoRecordings\bin\Debug\ScreenCapture
2018-07-11 10:40:07,319 [1]ERROR VideoRecordings.Program - 清空F:\源码\VideoRecordings\VideoRecordings\bin\Debug\ScreenCapture
2018-07-11 10:40:19,111 [1]ERROR VideoRecordings.Program - 清空F:\源码\VideoRecordings\VideoRecordings\bin\Debug\ScreenCapture
2018-07-11 10:40:55,852 [1]ERROR VideoRecordings.Program - 获取http://192.168.1.198:16080/videos信息
System.Exception: 获取成功
2018-07-11 10:41:17,618 [1]ERROR VideoRecordings.Program - 获取http://192.168.1.198:16080/videos信息
System.Exception: 获取成功
2018-07-11 10:41:20,027 [1]ERROR VideoRecordings.Program - 清空F:\源码\VideoRecordings\VideoRecordings\bin\Debug\ScreenCapture
2018-07-11 10:41:20,910 [1]ERROR VideoRecordings.Program - 打开\\192.168.1.234\md5\视频\桐乡视频\SP0144-视频结构化-桐乡-行人搜图（3.7-3.8）-20180312\城河路附近13个点3.7-3.8\8.256WT城河路宏源路电枪\205211001211800371-00010001-20180301160000-20180301170000-205211-01.nsf
System.Exception: 打开成功
2018-07-11 10:42:26,591 [1]ERROR VideoRecordings.Program - 清空F:\源码\VideoRecordings\VideoRecordings\bin\Debug\ScreenCapture
2018-07-11 10:42:27,161 [1]ERROR VideoRecordings.Program - 清空F:\源码\VideoRecordings\VideoRecordings\bin\Debug\ScreenCapture
2018-07-11 10:42:28,455 [1]ERROR VideoRecordings.Program - 清空F:\源码\VideoRecordings\VideoRecordings\bin\Debug\ScreenCapture
2018-07-11 10:42:28,770 [1]ERROR VideoRecordings.Program - 清空F:\源码\VideoRecordings\VideoRecordings\bin\Debug\ScreenCapture
2018-07-11 10:42:29,061 [1]ERROR VideoRecordings.Program - 清空F:\源码\VideoRecordings\VideoRecordings\bin\Debug\ScreenCapture
2018-07-11 10:42:29,226 [1]ERROR VideoRecordings.Program - 清空F:\源码\VideoRecordings\VideoRecordings\bin\Debug\ScreenCapture
2018-07-11 10:42:30,233 [1]ERROR VideoRecordings.Program - 清空F:\源码\VideoRecordings\VideoRecordings\bin\Debug\ScreenCapture
2018-07-11 10:42:30,917 [1]ERROR VideoRecordings.Program - 清空F:\源码\VideoRecordings\VideoRecordings\bin\Debug\ScreenCapture
2018-07-11 10:42:31,225 [1]ERROR VideoRecordings.Program - 清空F:\源码\VideoRecordings\VideoRecordings\bin\Debug\ScreenCapture
2018-07-11 10:42:31,544 [1]ERROR VideoRecordings.Program - 清空F:\源码\VideoRecordings\VideoRecordings\bin\Debug\ScreenCapture
2018-07-11 10:43:11,980 [1]ERROR VideoRecordings.Program - 获取http://192.168.1.198:16080/videos信息
System.Exception: 获取成功
2018-07-11 10:44:04,466 [1]ERROR VideoRecordings.Program - 搜索条件status=0&recorded=1&start_date=2010-01-01&end_date=2018-07-11&start_time=0:00:00&end_time=23:59:59
2018-07-11 10:44:31,445 [1]ERROR VideoRecordings.Program - 搜索条件status=0&recorded=1&start_date=2010-01-01&end_date=2018-07-11&start_time=0:00:00&end_time=23:59:59
2018-07-11 10:44:50,598 [1]ERROR VideoRecordings.Program - 搜索条件status=0&recorded=1&start_date=2010-01-01&end_date=2018-07-11&start_time=0:00:00&end_time=23:59:59
2018-07-11 10:45:16,083 [1]ERROR VideoRecordings.Program - 搜索条件replicator=兰文川&status=0&recorded=1&start_date=2010-01-01&end_date=2018-07-11&start_time=0:00:00&end_time=23:59:59
2018-07-11 10:45:46,839 [1]ERROR VideoRecordings.Program - 搜索条件replicator=兰文川&status=0&recorded=1&start_date=2010-01-01&end_date=2018-07-11&start_time=0:00:00&end_time=23:59:59
2018-07-11 10:45:58,065 [1]ERROR VideoRecordings.Program - 搜索条件replicator=兰文川&status=0&recorded=1&start_date=2010-01-01&end_date=2018-07-11&start_time=0:00:00&end_time=23:59:59
2018-07-11 10:47:36,536 [1]ERROR VideoRecordings.Program - 获取http://192.168.1.198:16080/videos信息
System.Exception: 获取成功
2018-07-11 10:47:38,328 [1]ERROR VideoRecordings.Program - 清空F:\源码\VideoRecordings\VideoRecordings\bin\Debug\ScreenCapture
2018-07-11 10:47:38,963 [1]ERROR VideoRecordings.Program - 清空F:\源码\VideoRecordings\VideoRecordings\bin\Debug\ScreenCapture
2018-07-11 10:47:39,389 [1]ERROR VideoRecordings.Program - 清空F:\源码\VideoRecordings\VideoRecordings\bin\Debug\ScreenCapture
2018-07-11 10:47:39,710 [1]ERROR VideoRecordings.Program - 清空F:\源码\VideoRecordings\VideoRecordings\bin\Debug\ScreenCapture
2018-07-11 10:47:40,030 [1]ERROR VideoRecordings.Program - 清空F:\源码\VideoRecordings\VideoRecordings\bin\Debug\ScreenCapture
2018-07-11 10:48:19,127 [1]ERROR VideoRecordings.Program - 获取http://192.168.1.198:16080/videos信息
System.Exception: 获取成功
2018-07-11 10:48:20,792 [1]ERROR VideoRecordings.Program - 清空F:\源码\VideoRecordings\VideoRecordings\bin\Debug\ScreenCapture
2018-07-11 10:48:21,333 [1]ERROR VideoRecordings.Program - 清空F:\源码\VideoRecordings\VideoRecordings\bin\Debug\ScreenCapture
2018-07-11 10:48:21,994 [1]ERROR VideoRecordings.Program - 清空F:\源码\VideoRecordings\VideoRecordings\bin\Debug\ScreenCapture
2018-07-11 10:48:22,805 [1]ERROR VideoRecordings.Program - 清空F:\源码\VideoRecordings\VideoRecordings\bin\Debug\ScreenCapture
2018-07-11 10:48:30,735 [1]ERROR VideoRecordings.Program - 获取http://192.168.1.198:16080/videos信息
System.Exception: 获取成功
2018-07-11 10:48:31,738 [1]ERROR VideoRecordings.Program - 清空F:\源码\VideoRecordings\VideoRecordings\bin\Debug\ScreenCapture
2018-07-11 10:48:32,197 [1]ERROR VideoRecordings.Program - 清空F:\源码\VideoRecordings\VideoRecordings\bin\Debug\ScreenCapture
2018-07-11 10:48:32,628 [1]ERROR VideoRecordings.Program - 清空F:\源码\VideoRecordings\VideoRecordings\bin\Debug\ScreenCapture
2018-07-11 10:48:33,291 [1]ERROR VideoRecordings.Program - 清空F:\源码\VideoRecordings\VideoRecordings\bin\Debug\ScreenCapture
2018-07-11 10:48:33,879 [1]ERROR VideoRecordings.Program - 清空F:\源码\VideoRecordings\VideoRecordings\bin\Debug\ScreenCapture
2018-07-11 10:48:35,521 [1]ERROR VideoRecordings.Program - 清空F:\源码\VideoRecordings\VideoRecordings\bin\Debug\ScreenCapture
2018-07-11 10:48:36,619 [1]ERROR VideoRecordings.Program - 清空F:\源码\VideoRecordings\VideoRecordings\bin\Debug\ScreenCapture
2018-07-11 10:48:37,195 [1]ERROR VideoRecordings.Program - 清空F:\源码\VideoRecordings\VideoRecordings\bin\Debug\ScreenCapture
2018-07-11 10:48:37,572 [1]ERROR VideoRecordings.Program - 清空F:\源码\VideoRecordings\VideoRecordings\bin\Debug\ScreenCapture
2018-07-11 10:48:38,095 [1]ERROR VideoRecordings.Program - 清空F:\源码\VideoRecordings\VideoRecordings\bin\Debug\ScreenCapture
2018-07-11 10:48:38,388 [1]ERROR VideoRecordings.Program - 清空F:\源码\VideoRecordings\VideoRecordings\bin\Debug\ScreenCapture
2018-07-11 10:48:38,662 [1]ERROR VideoRecordings.Program - 清空F:\源码\VideoRecordings\VideoRecordings\bin\Debug\ScreenCapture
2018-07-11 10:48:40,059 [1]ERROR VideoRecordings.Program - 清空F:\源码\VideoRecordings\VideoRecordings\bin\Debug\ScreenCapture
2018-07-11 10:48:40,397 [1]ERROR VideoRecordings.Program - 清空F:\源码\VideoRecordings\VideoRecordings\bin\Debug\ScreenCapture
2018-07-11 10:48:40,751 [1]ERROR VideoRecordings.Program - 清空F:\源码\VideoRecordings\VideoRecordings\bin\Debug\ScreenCapture
2018-07-11 10:48:44,746 [1]ERROR VideoRecordings.Program - 清空F:\源码\VideoRecordings\VideoRecordings\bin\Debug\ScreenCapture
2018-07-11 10:49:13,054 [1]ERROR VideoRecordings.Program - 获取http://192.168.1.198:16080/videos信息
System.Exception: 获取成功
2018-07-11 10:49:14,083 [1]ERROR VideoRecordings.Program - 清空F:\源码\VideoRecordings\VideoRecordings\bin\Debug\ScreenCapture
2018-07-11 10:49:14,571 [1]ERROR VideoRecordings.Program - 清空F:\源码\VideoRecordings\VideoRecordings\bin\Debug\ScreenCapture
2018-07-11 10:49:15,074 [1]ERROR VideoRecordings.Program - 清空F:\源码\VideoRecordings\VideoRecordings\bin\Debug\ScreenCapture
2018-07-11 10:49:16,912 [1]ERROR VideoRecordings.Program - 清空F:\源码\VideoRecordings\VideoRecordings\bin\Debug\ScreenCapture
2018-07-11 10:49:17,384 [1]ERROR VideoRecordings.Program - 清空F:\源码\VideoRecordings\VideoRecordings\bin\Debug\ScreenCapture
2018-07-11 10:49:22,559 [1]ERROR VideoRecordings.Program - 获取http://192.168.1.198:16080/videos信息
System.Exception: 获取成功
2018-07-11 10:49:23,014 [1]ERROR VideoRecordings.Program - 清空F:\源码\VideoRecordings\VideoRecordings\bin\Debug\ScreenCapture
2018-07-11 10:49:23,878 [1]ERROR VideoRecordings.Program - 清空F:\源码\VideoRecordings\VideoRecordings\bin\Debug\ScreenCapture
2018-07-11 10:49:24,323 [1]ERROR VideoRecordings.Program - 清空F:\源码\VideoRecordings\VideoRecordings\bin\Debug\ScreenCapture
2018-07-11 10:49:24,635 [1]ERROR VideoRecordings.Program - 清空F:\源码\VideoRecordings\VideoRecordings\bin\Debug\ScreenCapture
2018-07-11 10:49:25,107 [1]ERROR VideoRecordings.Program - 清空F:\源码\VideoRecordings\VideoRecordings\bin\Debug\ScreenCapture
2018-07-11 10:49:25,414 [1]ERROR VideoRecordings.Program - 清空F:\源码\VideoRecordings\VideoRecordings\bin\Debug\ScreenCapture
2018-07-11 10:49:25,821 [1]ERROR VideoRecordings.Program - 清空F:\源码\VideoRecordings\VideoRecordings\bin\Debug\ScreenCapture
2018-07-11 10:49:26,702 [1]ERROR VideoRecordings.Program - 清空F:\源码\VideoRecordings\VideoRecordings\bin\Debug\ScreenCapture
2018-07-11 10:49:27,462 [1]ERROR VideoRecordings.Program - 清空F:\源码\VideoRecordings\VideoRecordings\bin\Debug\ScreenCapture
2018-07-11 10:49:27,804 [1]ERROR VideoRecordings.Program - 清空F:\源码\VideoRecordings\VideoRecordings\bin\Debug\ScreenCapture
2018-07-11 10:49:28,228 [1]ERROR VideoRecordings.Program - 清空F:\源码\VideoRecordings\VideoRecordings\bin\Debug\ScreenCapture
2018-07-11 10:49:28,697 [1]ERROR VideoRecordings.Program - 清空F:\源码\VideoRecordings\VideoRecordings\bin\Debug\ScreenCapture
2018-07-11 10:49:29,329 [1]ERROR VideoRecordings.Program - 清空F:\源码\VideoRecordings\VideoRecordings\bin\Debug\ScreenCapture
2018-07-11 10:49:29,661 [1]ERROR VideoRecordings.Program - 清空F:\源码\VideoRecordings\VideoRecordings\bin\Debug\ScreenCapture
2018-07-11 10:49:29,936 [1]ERROR VideoRecordings.Program - 清空F:\源码\VideoRecordings\VideoRecordings\bin\Debug\ScreenCapture
2018-07-11 10:49:31,265 [1]ERROR VideoRecordings.Program - 清空F:\源码\VideoRecordings\VideoRecordings\bin\Debug\ScreenCapture
2018-07-11 10:49:31,618 [1]ERROR VideoRecordings.Program - 清空F:\源码\VideoRecordings\VideoRecordings\bin\Debug\ScreenCapture
2018-07-11 10:49:50,207 [1]ERROR VideoRecordings.Program - 获取http://192.168.1.198:16080/videos信息
System.Exception: 获取成功
2018-07-11 10:49:51,838 [1]ERROR VideoRecordings.Program - 清空F:\源码\VideoRecordings\VideoRecordings\bin\Debug\ScreenCapture
2018-07-11 10:49:52,339 [1]ERROR VideoRecordings.Program - 清空F:\源码\VideoRecordings\VideoRecordings\bin\Debug\ScreenCapture
2018-07-11 10:49:52,668 [1]ERROR VideoRecordings.Program - 清空F:\源码\VideoRecordings\VideoRecordings\bin\Debug\ScreenCapture
2018-07-11 10:49:53,022 [1]ERROR VideoRecordings.Program - 清空F:\源码\VideoRecordings\VideoRecordings\bin\Debug\ScreenCapture
2018-07-11 10:49:53,452 [1]ERROR VideoRecordings.Program - 清空F:\源码\VideoRecordings\VideoRecordings\bin\Debug\ScreenCapture
2018-07-11 10:49:55,510 [1]ERROR VideoRecordings.Program - 清空F:\源码\VideoRecordings\VideoRecordings\bin\Debug\ScreenCapture
2018-07-11 10:50:06,560 [1]ERROR VideoRecordings.Program - 搜索条件status=0&recorded=1&start_date=2010-01-01&end_date=2018-07-11&start_time=0:00:00&end_time=23:59:59
2018-07-11 10:50:45,479 [1]ERROR VideoRecordings.Program - 获取http://192.168.1.198:16080/videos信息
System.Exception: 获取成功
2018-07-11 10:50:46,630 [1]ERROR VideoRecordings.Program - 清空F:\源码\VideoRecordings\VideoRecordings\bin\Debug\ScreenCapture
2018-07-11 10:50:47,118 [1]ERROR VideoRecordings.Program - 清空F:\源码\VideoRecordings\VideoRecordings\bin\Debug\ScreenCapture
2018-07-11 10:50:48,513 [1]ERROR VideoRecordings.Program - 清空F:\源码\VideoRecordings\VideoRecordings\bin\Debug\ScreenCapture
2018-07-11 10:50:48,941 [1]ERROR VideoRecordings.Program - 清空F:\源码\VideoRecordings\VideoRecordings\bin\Debug\ScreenCapture
2018-07-11 10:50:49,958 [1]ERROR VideoRecordings.Program - 清空F:\源码\VideoRecordings\VideoRecordings\bin\Debug\ScreenCapture
2018-07-11 10:51:53,093 [1]ERROR VideoRecordings.Program - 获取http://192.168.1.198:16080/videos信息
System.Exception: 获取成功
2018-07-11 10:51:54,302 [1]ERROR VideoRecordings.Program - 清空F:\源码\VideoRecordings\VideoRecordings\bin\Debug\ScreenCapture
2018-07-11 10:51:54,785 [1]ERROR VideoRecordings.Program - 清空F:\源码\VideoRecordings\VideoRecordings\bin\Debug\ScreenCapture
2018-07-11 10:51:55,184 [1]ERROR VideoRecordings.Program - 清空F:\源码\VideoRecordings\VideoRecordings\bin\Debug\ScreenCapture
2018-07-11 10:51:55,478 [1]ERROR VideoRecordings.Program - 清空F:\源码\VideoRecordings\VideoRecordings\bin\Debug\ScreenCapture
2018-07-11 10:52:04,080 [1]ERROR VideoRecordings.Program - 获取http://192.168.1.198:16080/videos信息
System.Exception: 获取成功
2018-07-11 10:52:05,382 [1]ERROR VideoRecordings.Program - 清空F:\源码\VideoRecordings\VideoRecordings\bin\Debug\ScreenCapture
2018-07-11 10:52:05,893 [1]ERROR VideoRecordings.Program - 清空F:\源码\VideoRecordings\VideoRecordings\bin\Debug\ScreenCapture
2018-07-11 10:53:26,211 [1]ERROR VideoRecordings.Program - 获取http://192.168.1.198:16080/videos信息
System.Exception: 获取成功
2018-07-11 10:53:27,554 [1]ERROR VideoRecordings.Program - 清空F:\源码\VideoRecordings\VideoRecordings\bin\Debug\ScreenCapture
2018-07-11 10:53:28,043 [1]ERROR VideoRecordings.Program - 清空F:\源码\VideoRecordings\VideoRecordings\bin\Debug\ScreenCapture
2018-07-11 10:53:28,439 [1]ERROR VideoRecordings.Program - 清空F:\源码\VideoRecordings\VideoRecordings\bin\Debug\ScreenCapture
2018-07-11 10:53:28,872 [1]ERROR VideoRecordings.Program - 清空F:\源码\VideoRecordings\VideoRecordings\bin\Debug\ScreenCapture
2018-07-11 10:53:29,260 [1]ERROR VideoRecordings.Program - 清空F:\源码\VideoRecordings\VideoRecordings\bin\Debug\ScreenCapture
2018-07-11 10:53:30,774 [1]ERROR VideoRecordings.Program - 清空F:\源码\VideoRecordings\VideoRecordings\bin\Debug\ScreenCapture
2018-07-11 10:53:31,214 [1]ERROR VideoRecordings.Program - 清空F:\源码\VideoRecordings\VideoRecordings\bin\Debug\ScreenCapture
2018-07-11 10:53:31,741 [1]ERROR VideoRecordings.Program - 清空F:\源码\VideoRecordings\VideoRecordings\bin\Debug\ScreenCapture
2018-07-11 10:53:32,223 [1]ERROR VideoRecordings.Program - 清空F:\源码\VideoRecordings\VideoRecordings\bin\Debug\ScreenCapture
2018-07-11 10:53:32,817 [1]ERROR VideoRecordings.Program - 清空F:\源码\VideoRecordings\VideoRecordings\bin\Debug\ScreenCapture
2018-07-11 10:54:03,460 [1]ERROR VideoRecordings.Program - 搜索条件status=0&recorded=1&start_date=2010-01-01&end_date=2018-07-11&start_time=0:00:00&end_time=23:59:59&label[]=[199]
2018-07-11 10:54:13,880 [1]ERROR VideoRecordings.Program - 搜索条件status=0&recorded=1&start_date=2010-01-01&end_date=2018-07-11&start_time=0:00:00&end_time=23:59:59
2018-07-11 10:56:07,324 [1]ERROR VideoRecordings.Program - 搜索条件status=0&recorded=1&start_date=2010-01-01&end_date=2018-07-11&start_time=0:00:00&end_time=23:59:59
2018-07-11 10:57:02,075 [1]ERROR VideoRecordings.Program - 搜索条件status=0&recorded=1&start_date=2010-01-01&end_date=2018-07-11&start_time=0:00:00&end_time=23:59:59
2018-07-11 10:57:42,985 [1]ERROR VideoRecordings.Program - 搜索条件status=0&recorded=1&start_date=2010-01-01&end_date=2018-07-11&start_time=0:00:00&end_time=23:59:59
2018-07-11 11:01:12,332 [1]ERROR VideoRecordings.Program - 搜索条件status=0&recorded=1&start_date=2010-01-01&end_date=2018-07-11&start_time=0:00:00&end_time=23:59:59
2018-07-11 11:05:02,076 [1]ERROR VideoRecordings.Program - 搜索条件status=0&recorded=1&start_date=2010-01-01&end_date=2018-07-11&start_time=0:00:00&end_time=23:59:59
2018-07-11 11:06:12,926 [1]ERROR VideoRecordings.Program - 搜索条件status=0&recorded=1&start_date=2010-01-01&end_date=2018-07-11&start_time=0:00:00&end_time=23:59:59
2018-07-11 11:07:06,788 [1]ERROR VideoRecordings.Program - 搜索条件status=0&recorded=1&start_date=2010-01-01&end_date=2018-07-11&start_time=0:00:00&end_time=23:59:59
2018-07-11 11:09:44,243 [1]ERROR VideoRecordings.Program - 获取http://192.168.1.198:16080/videos信息
System.Exception: 获取成功
2018-07-11 11:09:45,949 [1]ERROR VideoRecordings.Program - 清空F:\源码\VideoRecordings\VideoRecordings\bin\Debug\ScreenCapture
2018-07-11 11:09:46,608 [1]ERROR VideoRecordings.Program - 打开\\192.168.1.234\md5\视频\桐乡视频\SP0144-视频结构化-桐乡-行人搜图（3.7-3.8）-20180312\城河路附近13个点3.7-3.8\8.256WT城河路宏源路电枪\205211001211800371-00010001-20180307090000-20180307100000-205211-01.nsf
System.Exception: 打开成功
2018-07-11 11:09:56,698 [1]ERROR VideoRecordings.Program - 搜索条件status=0&recorded=1&start_date=2010-01-01&end_date=2018-07-11&start_time=0:00:00&end_time=23:59:59
2018-07-11 11:11:20,147 [1]ERROR VideoRecordings.Program - 获取http://192.168.1.198:16080/videos信息
System.Exception: 获取成功
2018-07-11 11:11:21,287 [1]ERROR VideoRecordings.Program - 清空F:\源码\VideoRecordings\VideoRecordings\bin\Debug\ScreenCapture
2018-07-11 11:11:22,365 [1]ERROR VideoRecordings.Program - 打开\\192.168.1.234\md5\视频\桐乡视频\SP0144-视频结构化-桐乡-行人搜图（3.7-3.8）-20180312\城河路附近13个点3.7-3.8\8.256WT城河路宏源路电枪\205211001211800371-00010001-20180307090000-20180307100000-205211-01.nsf
System.Exception: 打开成功
2018-07-11 11:11:27,510 [1]ERROR VideoRecordings.Program - 获取http://192.168.1.198:16080/videos信息
System.Exception: 获取成功
2018-07-11 11:11:29,039 [1]ERROR VideoRecordings.Program - 清空F:\源码\VideoRecordings\VideoRecordings\bin\Debug\ScreenCapture
2018-07-11 11:11:29,617 [1]ERROR VideoRecordings.Program - 打开\\192.168.1.234\md5\视频\青岛视频\SP0157-视频结构化-青岛-海信PK数据-20180327\视频样本\1520293952.h264
System.Exception: 打开成功
2018-07-11 11:11:39,083 [1]ERROR VideoRecordings.Program - 搜索条件status=0&recorded=1&start_date=2010-01-01&end_date=2018-07-11&start_time=0:00:00&end_time=23:59:59
2018-07-11 11:16:07,868 [1]ERROR VideoRecordings.Program - 搜索条件status=0&recorded=1&start_date=2010-01-01&end_date=2018-07-11&start_time=0:00:00&end_time=23:59:59
2018-07-11 11:16:20,887 [1]ERROR VideoRecordings.Program - 搜索条件status=0&start_date=2010-01-01&end_date=2018-07-11&start_time=0:00:00&end_time=23:59:59
2018-07-11 11:18:14,590 [1]ERROR VideoRecordings.Program - 搜索条件status=0&start_date=2010-01-01&end_date=2018-07-11&start_time=0:00:00&end_time=23:59:59
2018-07-11 11:18:58,711 [1]ERROR VideoRecordings.Program - 搜索条件status=0&start_date=1980-01-01&end_date=2018-07-11&start_time=0:00:00&end_time=23:59:59
2018-07-11 11:23:53,957 [1]ERROR VideoRecordings.Program - 获取http://192.168.1.198:16080/videos信息
System.Exception: 获取成功
2018-07-11 11:24:08,211 [1]ERROR VideoRecordings.Program - 搜索条件status=0&start_date=2010-01-01&end_date=2018-07-11&start_time=0:00:00&end_time=23:59:59
2018-07-11 11:31:53,727 [1]ERROR VideoRecordings.Program - 获取http://192.168.1.198:16080/videos信息
System.Exception: 获取成功
2018-07-11 11:31:55,043 [1]ERROR VideoRecordings.Program - 清空F:\源码\VideoRecordings\VideoRecordings\bin\Debug\ScreenCapture
2018-07-11 11:31:55,308 [1]ERROR VideoRecordings.Program - 清空F:\源码\VideoRecordings\VideoRecordings\bin\Debug\ScreenCapture
2018-07-11 11:31:56,283 [1]ERROR VideoRecordings.Program - 清空F:\源码\VideoRecordings\VideoRecordings\bin\Debug\ScreenCapture
2018-07-11 11:32:00,996 [1]ERROR VideoRecordings.Program - 获取http://192.168.1.198:16080/videos信息
System.Exception: 获取成功
2018-07-11 11:32:10,047 [1]ERROR VideoRecordings.Program - 清空F:\源码\VideoRecordings\VideoRecordings\bin\Debug\ScreenCapture
2018-07-11 11:32:11,890 [1]ERROR VideoRecordings.Program - 打开\\192.168.1.234\md5\视频\黄石视频\SP0155-视频结构化-黄石-街道路口行人车辆混杂-20180326\2、黄石00367(高球)移动广场\2018-03-22\黄石00367(高球)移动广场 20180320-090049--20180320-091049.mp4
System.Exception: 打开成功
2018-07-11 11:38:43,723 [1]ERROR VideoRecordings.Program - 获取http://192.168.1.198:16080/videos信息
System.Exception: 获取成功
2018-07-11 11:38:47,101 [1]ERROR VideoRecordings.Program - 清空F:\源码\VideoRecordings\VideoRecordings\bin\Debug\ScreenCapture
2018-07-11 11:38:47,684 [1]ERROR VideoRecordings.Program - 打开\\192.168.1.234\md5\视频\桐乡视频\SP0144-视频结构化-桐乡-行人搜图（3.7-3.8）-20180312\城河路附近13个点3.7-3.8\8.256WT城河路宏源路电枪\205211001211800371-00010001-20180301190000-20180301200000-205211-01.nsf
System.Exception: 打开成功
2018-07-11 11:38:57,479 [1]ERROR VideoRecordings.Program - 清空F:\源码\VideoRecordings\VideoRecordings\bin\Debug\ScreenCapture
2018-07-11 11:38:58,202 [1]ERROR VideoRecordings.Program - 清空F:\源码\VideoRecordings\VideoRecordings\bin\Debug\ScreenCapture
2018-07-11 11:38:59,422 [1]ERROR VideoRecordings.Program - 清空F:\源码\VideoRecordings\VideoRecordings\bin\Debug\ScreenCapture
2018-07-11 11:39:00,141 [1]ERROR VideoRecordings.Program - 清空F:\源码\VideoRecordings\VideoRecordings\bin\Debug\ScreenCapture
2018-07-11 11:39:01,309 [1]ERROR VideoRecordings.Program - 清空F:\源码\VideoRecordings\VideoRecordings\bin\Debug\ScreenCapture
2018-07-11 11:39:01,831 [1]ERROR VideoRecordings.Program - 打开\\192.168.1.234\md5\视频\桐乡视频\SP0144-视频结构化-桐乡-行人搜图（3.7-3.8）-20180312\城河路附近13个点3.7-3.8\8.256WT城河路宏源路电枪\205211001211800371-00010001-20180301190000-20180301200000-205211-01.nsf
System.Exception: 打开成功
2018-07-11 11:39:14,479 [1]ERROR VideoRecordings.Program - 获取http://192.168.1.198:16080/videos信息
System.Exception: 获取成功
2018-07-11 11:39:19,991 [1]ERROR VideoRecordings.Program - 清空F:\源码\VideoRecordings\VideoRecordings\bin\Debug\ScreenCapture
2018-07-11 11:39:21,792 [1]ERROR VideoRecordings.Program - 打开\\192.168.1.234\md7\视频\合肥视频\SP0184-行人标注-合肥-合肥行人搜图数据-2018052620180602\video\录像下载\3.B店埠-新街工会巷出口\20180529193450-20180529213453.mp4
System.Exception: 打开成功
2018-07-11 11:39:31,761 [1]ERROR VideoRecordings.Program - 清空F:\源码\VideoRecordings\VideoRecordings\bin\Debug\ScreenCapture
2018-07-11 11:39:32,922 [1]ERROR VideoRecordings.Program - 打开\\192.168.1.234\md7\视频\合肥视频\SP0184-行人标注-合肥-合肥行人搜图数据-2018052620180602\video\录像下载\3.B店埠-新街工会巷出口\20180602073546-20180602093546.mp4
System.Exception: 打开成功
2018-07-11 11:39:42,633 [1]ERROR VideoRecordings.Program - 清空F:\源码\VideoRecordings\VideoRecordings\bin\Debug\ScreenCapture
2018-07-11 11:39:43,076 [1]ERROR VideoRecordings.Program - 打开\\192.168.1.234\md7\视频\合肥视频\SP0184-行人标注-合肥-合肥行人搜图数据-2018052620180602\video\录像下载\3.B店埠-新街工会巷出口\20180602093546-20180602113546.mp4
System.Exception: 打开成功
2018-07-11 11:39:50,930 [1]ERROR VideoRecordings.Program - 清空F:\源码\VideoRecordings\VideoRecordings\bin\Debug\ScreenCapture
2018-07-11 11:40:08,434 [1]ERROR VideoRecordings.Program - 获取http://192.168.1.198:16080/videos信息
System.Exception: 获取成功
2018-07-11 11:40:14,846 [1]ERROR VideoRecordings.Program - 获取http://192.168.1.198:16080/videos信息
System.Exception: 获取成功
2018-07-11 11:40:21,624 [1]ERROR VideoRecordings.Program - 获取http://192.168.1.198:16080/videos信息
System.Exception: 获取成功
2018-07-11 11:40:50,606 [1]ERROR VideoRecordings.Program - 获取http://192.168.1.198:16080/videos信息
System.Exception: 获取成功
2018-07-11 11:40:55,613 [1]ERROR VideoRecordings.Program - 获取http://192.168.1.198:16080/videos信息
System.Exception: 获取成功
2018-07-11 11:41:31,755 [1]ERROR VideoRecordings.Program - 搜索条件status=0&recorded=1&start_date=2010-01-01&end_date=2018-07-11&start_time=0:00:00&end_time=23:59:59
2018-07-11 11:41:44,587 [1]ERROR VideoRecordings.Program - 搜索条件status=0&recorded=1&start_date=2010-01-01&end_date=2018-07-11&start_time=0:00:00&end_time=23:59:59&label[]=[139]
2018-07-11 11:44:29,912 [1]ERROR VideoRecordings.Program - 获取http://192.168.1.198:16080/videos信息
System.Exception: 获取成功
2018-07-11 11:44:32,327 [1]ERROR VideoRecordings.Program - 清空F:\源码\VideoRecordings\VideoRecordings\bin\Debug\ScreenCapture
2018-07-11 11:44:36,574 [1]ERROR VideoRecordings.Program - 获取http://192.168.1.198:16080/videos信息
System.Exception: 获取成功
2018-07-11 11:44:37,588 [1]ERROR VideoRecordings.Program - 清空F:\源码\VideoRecordings\VideoRecordings\bin\Debug\ScreenCapture
2018-07-11 11:44:39,475 [1]ERROR VideoRecordings.Program - 打开\\192.168.1.234\md6\视频\青岛视频\SP0164-视频结构化-青岛-车牌角度及行人眼镜视频-20180131\车牌角度视频挑选\夜晚\37020001001311731266_20180131170000.mp4
System.Exception: 打开成功
2018-07-11 11:45:31,384 [1]ERROR VideoRecordings.Program - 获取http://192.168.1.198:16080/videos信息
System.Exception: 获取成功
2018-07-11 11:45:32,325 [1]ERROR VideoRecordings.Program - 清空F:\源码\VideoRecordings\VideoRecordings\bin\Debug\ScreenCapture
2018-07-11 11:45:32,977 [1]ERROR VideoRecordings.Program - 打开\\192.168.1.234\md5\视频\桐乡视频\SP0144-视频结构化-桐乡-行人搜图（3.7-3.8）-20180312\城河路附近13个点3.7-3.8\8.256WT城河路宏源路电枪\205211001211800371-00010001-20180307090000-20180307100000-205211-01.nsf
System.Exception: 打开成功
2018-07-11 14:23:32,179 [1]ERROR VideoRecordings.Program - 获取http://192.168.1.198:16080/videos信息
System.Exception: 获取成功
2018-07-11 14:23:34,382 [1]ERROR VideoRecordings.Program - 清空F:\源码\VideoRecordings\VideoRecordings\bin\Debug\ScreenCapture
2018-07-11 14:23:35,148 [1]ERROR VideoRecordings.Program - 清空F:\源码\VideoRecordings\VideoRecordings\bin\Debug\ScreenCapture
2018-07-11 14:23:35,710 [1]ERROR VideoRecordings.Program - 清空F:\源码\VideoRecordings\VideoRecordings\bin\Debug\ScreenCapture
2018-07-11 14:23:36,351 [1]ERROR VideoRecordings.Program - 清空F:\源码\VideoRecordings\VideoRecordings\bin\Debug\ScreenCapture
2018-07-11 14:23:36,882 [1]ERROR VideoRecordings.Program - 清空F:\源码\VideoRecordings\VideoRecordings\bin\Debug\ScreenCapture
2018-07-11 14:23:37,226 [1]ERROR VideoRecordings.Program - 清空F:\源码\VideoRecordings\VideoRecordings\bin\Debug\ScreenCapture
2018-07-11 14:23:38,101 [1]ERROR VideoRecordings.Program - 清空F:\源码\VideoRecordings\VideoRecordings\bin\Debug\ScreenCapture
2018-07-11 14:23:38,351 [1]ERROR VideoRecordings.Program - 清空F:\源码\VideoRecordings\VideoRecordings\bin\Debug\ScreenCapture
2018-07-11 14:23:38,680 [1]ERROR VideoRecordings.Program - 清空F:\源码\VideoRecordings\VideoRecordings\bin\Debug\ScreenCapture
2018-07-11 14:23:38,961 [1]ERROR VideoRecordings.Program - 清空F:\源码\VideoRecordings\VideoRecordings\bin\Debug\ScreenCapture
2018-07-11 14:23:39,289 [1]ERROR VideoRecordings.Program - 清空F:\源码\VideoRecordings\VideoRecordings\bin\Debug\ScreenCapture
2018-07-11 14:23:39,617 [1]ERROR VideoRecordings.Program - 清空F:\源码\VideoRecordings\VideoRecordings\bin\Debug\ScreenCapture
2018-07-11 14:23:41,399 [1]ERROR VideoRecordings.Program - 清空F:\源码\VideoRecordings\VideoRecordings\bin\Debug\ScreenCapture
2018-07-11 14:23:41,742 [1]ERROR VideoRecordings.Program - 清空F:\源码\VideoRecordings\VideoRecordings\bin\Debug\ScreenCapture
2018-07-11 14:23:42,774 [1]ERROR VideoRecordings.Program - 清空F:\源码\VideoRecordings\VideoRecordings\bin\Debug\ScreenCapture
2018-07-11 14:23:43,711 [1]ERROR VideoRecordings.Program - 清空F:\源码\VideoRecordings\VideoRecordings\bin\Debug\ScreenCapture
2018-07-11 14:23:46,071 [1]ERROR VideoRecordings.Program - 清空F:\源码\VideoRecordings\VideoRecordings\bin\Debug\ScreenCapture
2018-07-11 14:23:51,275 [1]ERROR VideoRecordings.Program - 获取http://192.168.1.198:16080/videos信息
System.Exception: 获取成功
2018-07-11 14:23:51,290 [1]ERROR VideoRecordings.Program - 清空F:\源码\VideoRecordings\VideoRecordings\bin\Debug\ScreenCapture
