2018-04-18 09:08:44,417 [1]ERROR VideoRecordings.Program - 搜索条件status=0&recorded=1&start_date=2010-01-01&end_date=2018-04-18&start_time=0:00:00&end_time=23:59:59
2018-04-18 09:08:46,920 [1]ERROR VideoRecordings.Program - 搜索条件status=0&recorded=1&start_date=2010-01-01&end_date=2018-04-18&start_time=0:00:00&end_time=23:59:59
2018-04-18 09:08:47,378 [1]ERROR VideoRecordings.Program - 搜索条件status=0&recorded=1&start_date=2010-01-01&end_date=2018-04-18&start_time=0:00:00&end_time=23:59:59
2018-04-18 09:08:47,559 [1]ERROR VideoRecordings.Program - 搜索条件status=0&recorded=1&start_date=2010-01-01&end_date=2018-04-18&start_time=0:00:00&end_time=23:59:59
2018-04-18 09:08:48,826 [1]ERROR VideoRecordings.Program - 搜索条件status=0&recorded=1&start_date=2010-01-01&end_date=2018-04-18&start_time=0:00:00&end_time=23:59:59
2018-04-18 09:08:48,982 [1]ERROR VideoRecordings.Program - 搜索条件status=0&recorded=1&start_date=2010-01-01&end_date=2018-04-18&start_time=0:00:00&end_time=23:59:59
2018-04-18 09:08:49,144 [1]ERROR VideoRecordings.Program - 搜索条件status=0&recorded=1&start_date=2010-01-01&end_date=2018-04-18&start_time=0:00:00&end_time=23:59:59
2018-04-18 09:09:12,610 [1]ERROR VideoRecordings.Program - 搜索条件status=0&recorded=1&start_date=2010-01-01&end_date=2018-04-18&start_time=0:00:00&end_time=23:59:59
2018-04-18 09:09:12,778 [1]ERROR VideoRecordings.Program - 搜索条件status=0&recorded=1&start_date=2010-01-01&end_date=2018-04-18&start_time=0:00:00&end_time=23:59:59
2018-04-18 09:09:25,471 [1]ERROR VideoRecordings.Program - 搜索条件status=0&recorded=1&start_date=2010-01-01&end_date=2018-04-18&start_time=0:00:00&end_time=23:59:59
2018-04-18 09:12:31,187 [1]ERROR VideoRecordings.Program - 搜索条件status=0&recorded=1&start_date=2010-01-01&end_date=2018-04-18&start_time=0:00:00&end_time=23:59:59
2018-04-18 09:13:46,675 [1]ERROR VideoRecordings.Program - 搜索条件status=0&recorded=1&start_date=2010-01-01&end_date=2018-04-18&start_time=0:00:00&end_time=23:59:59
2018-04-18 09:13:47,035 [1]ERROR VideoRecordings.Program - 搜索条件status=0&recorded=1&start_date=2010-01-01&end_date=2018-04-18&start_time=0:00:00&end_time=23:59:59
2018-04-18 09:13:54,294 [1]ERROR VideoRecordings.Program - 搜索条件status=0&recorded=1&start_date=2010-01-01&end_date=2018-04-18&start_time=0:00:00&end_time=23:59:59
2018-04-18 09:13:54,416 [1]ERROR VideoRecordings.Program - 搜索条件status=0&recorded=1&start_date=2010-01-01&end_date=2018-04-18&start_time=0:00:00&end_time=23:59:59
2018-04-18 09:13:54,577 [1]ERROR VideoRecordings.Program - 搜索条件status=0&recorded=1&start_date=2010-01-01&end_date=2018-04-18&start_time=0:00:00&end_time=23:59:59
2018-04-18 09:13:58,238 [1]ERROR VideoRecordings.Program - 搜索条件status=0&recorded=1&start_date=2010-01-01&end_date=2018-04-18&start_time=0:00:00&end_time=23:59:59
2018-04-18 09:13:59,178 [1]ERROR VideoRecordings.Program - 搜索条件status=0&recorded=1&start_date=2010-01-01&end_date=2018-04-18&start_time=0:00:00&end_time=23:59:59
2018-04-18 09:14:00,042 [1]ERROR VideoRecordings.Program - 搜索条件status=0&recorded=1&start_date=2010-01-01&end_date=2018-04-18&start_time=0:00:00&end_time=23:59:59
2018-04-18 09:14:03,905 [1]ERROR VideoRecordings.Program - 搜索条件replicator=李工&status=0&recorded=1&start_date=2010-01-01&end_date=2018-04-18&start_time=0:00:00&end_time=23:59:59
2018-04-18 09:14:04,726 [1]ERROR VideoRecordings.Program - 搜索条件replicator=李工&status=0&recorded=1&start_date=2010-01-01&end_date=2018-04-18&start_time=0:00:00&end_time=23:59:59
2018-04-18 09:14:06,963 [1]ERROR VideoRecordings.Program - 搜索条件replicator=胡滨&status=0&recorded=1&start_date=2010-01-01&end_date=2018-04-18&start_time=0:00:00&end_time=23:59:59
2018-04-18 09:14:09,502 [1]ERROR VideoRecordings.Program - 搜索条件replicator=张旺&status=0&recorded=1&start_date=2010-01-01&end_date=2018-04-18&start_time=0:00:00&end_time=23:59:59
2018-04-18 09:14:10,175 [1]ERROR VideoRecordings.Program - 搜索条件replicator=张旺&status=0&recorded=1&start_date=2010-01-01&end_date=2018-04-18&start_time=0:00:00&end_time=23:59:59
2018-04-18 09:14:12,407 [1]ERROR VideoRecordings.Program - 搜索条件replicator=杨德勇&status=0&recorded=1&start_date=2010-01-01&end_date=2018-04-18&start_time=0:00:00&end_time=23:59:59
2018-04-18 09:25:48,361 [1]ERROR VideoRecordings.Program - 搜索条件status=0&recorded=1&start_date=2010-01-01&end_date=2018-04-18&start_time=0:00:00&end_time=23:59:59
2018-04-18 09:31:10,524 [1]ERROR VideoRecordings.Program - 搜索条件status=0&recorded=1&start_date=2010-01-01&end_date=2018-04-18&start_time=0:00:00&end_time=23:59:59
2018-04-18 09:32:53,612 [1]ERROR VideoRecordings.Program - 搜索条件status=0&recorded=1&start_date=2010-01-01&end_date=2018-04-18&start_time=0:00:00&end_time=23:59:59
2018-04-18 09:33:32,845 [1]ERROR VideoRecordings.Program - 搜索条件status=0&recorded=1&start_date=2010-01-01&end_date=2018-04-18&start_time=0:00:00&end_time=23:59:59
2018-04-18 09:35:00,028 [1]ERROR VideoRecordings.Program - 搜索条件status=0&recorded=1&start_date=2010-01-01&end_date=2018-04-18&start_time=0:00:00&end_time=23:59:59
2018-04-18 09:36:20,731 [1]ERROR VideoRecordings.Program - 搜索条件status=0&recorded=1&start_date=2010-01-01&end_date=2018-04-18&start_time=0:00:00&end_time=23:59:59
2018-04-18 09:40:04,279 [1]ERROR VideoRecordings.Program - 获取http://192.168.1.198:16080/videos信息
System.Exception: 获取成功
2018-04-18 09:40:04,370 [1]ERROR VideoRecordings.Program - 清空F:\源码\VideoRecordings\VideoRecordings\bin\Debug\ScreenCapture
2018-04-18 09:40:05,464 [1]ERROR VideoRecordings.Program - 清空F:\源码\VideoRecordings\VideoRecordings\bin\Debug\ScreenCapture
2018-04-18 09:40:06,578 [1]ERROR VideoRecordings.Program - 打开\\192.168.1.198\iscdata\md2\SP0042-视频结构化-江夏-江夏视频-20170509\usb2\all-video\4\420115010013214068131_20170421120000_20170421123000.avi
System.Exception: 打开成功
2018-04-18 09:40:21,013 [1]ERROR VideoRecordings.Program - 获取http://192.168.1.198:16080/videos信息
System.Exception: 获取成功
2018-04-18 09:40:34,295 [1]ERROR VideoRecordings.Program - 搜索条件status=0&recorded=1&start_date=2010-01-01&end_date=2018-04-18&start_time=0:00:00&end_time=23:59:59
2018-04-18 09:41:41,111 [1]ERROR VideoRecordings.Program - 获取http://192.168.1.198:16080/videos信息
System.Exception: 获取成功
2018-04-18 09:41:41,207 [1]ERROR VideoRecordings.Program - 清空F:\源码\VideoRecordings\VideoRecordings\bin\Debug\ScreenCapture
2018-04-18 09:41:42,767 [1]ERROR VideoRecordings.Program - 清空F:\源码\VideoRecordings\VideoRecordings\bin\Debug\ScreenCapture
2018-04-18 09:41:43,538 [1]ERROR VideoRecordings.Program - 打开\\192.168.1.198\iscdata\md2\SP0042-视频结构化-江夏-江夏视频-20170509\usb2\all-video\3\420115010013212777371_20170421150000_20170421153000.avi
System.Exception: 打开成功
2018-04-18 09:41:48,578 [1]ERROR VideoRecordings.Program - 获取http://192.168.1.198:16080/videos信息
System.Exception: 获取成功
2018-04-18 09:41:55,943 [1]ERROR VideoRecordings.Program - 搜索条件status=0&recorded=1&start_date=2010-01-01&end_date=2018-04-18&start_time=0:00:00&end_time=23:59:59
2018-04-18 09:43:53,173 [1]ERROR VideoRecordings.Program - 搜索条件status=0&recorded=1&start_date=2010-01-01&end_date=2018-04-18&start_time=0:00:00&end_time=23:59:59
2018-04-18 09:49:08,635 [1]ERROR VideoRecordings.Program - 搜索条件status=0&recorded=1&start_date=2010-01-01&end_date=2018-04-18&start_time=0:00:00&end_time=23:59:59
2018-04-18 09:49:48,980 [1]ERROR VideoRecordings.Program - 搜索条件status=0&recorded=1&start_date=2010-01-01&end_date=2018-04-18&start_time=0:00:00&end_time=23:59:59
2018-04-18 09:54:26,714 [1]ERROR VideoRecordings.Program - 搜索条件status=0&recorded=1&start_date=2010-01-01&end_date=2018-04-18&start_time=0:00:00&end_time=23:59:59
2018-04-18 09:54:42,139 [1]ERROR VideoRecordings.Program - 搜索条件status=0&recorded=1&start_date=2010-01-01&end_date=2018-04-18&start_time=0:00:00&end_time=23:59:59
2018-04-18 09:54:54,244 [1]ERROR VideoRecordings.Program - 搜索条件status=0&recorded=1&start_date=2010-01-01&end_date=2018-04-18&start_time=0:00:00&end_time=23:59:59
2018-04-18 09:59:28,044 [1]ERROR VideoRecordings.Program - 搜索条件status=0&recorded=1&start_date=2010-01-01&end_date=2018-04-18&start_time=0:00:00&end_time=23:59:59
2018-04-18 10:00:10,970 [1]ERROR VideoRecordings.Program - 搜索条件status=0&recorded=1&start_date=2010-01-01&end_date=2018-04-18&start_time=0:00:00&end_time=23:59:59
2018-04-18 10:02:39,145 [1]ERROR VideoRecordings.Program - 搜索条件status=0&recorded=1&start_date=2010-01-01&end_date=2018-04-18&start_time=0:00:00&end_time=23:59:59
2018-04-18 10:05:16,099 [1]ERROR VideoRecordings.Program - 获取http://192.168.1.198:16080/videos信息
System.Exception: 获取成功
2018-04-18 10:05:16,150 [1]ERROR VideoRecordings.Program - 清空F:\源码\VideoRecordings\VideoRecordings\bin\Debug\ScreenCapture
2018-04-18 10:05:17,135 [1]ERROR VideoRecordings.Program - 清空F:\源码\VideoRecordings\VideoRecordings\bin\Debug\ScreenCapture
2018-04-18 10:05:17,453 [1]ERROR VideoRecordings.Program - 清空F:\源码\VideoRecordings\VideoRecordings\bin\Debug\ScreenCapture
2018-04-18 10:05:21,165 [1]ERROR VideoRecordings.Program - 清空F:\源码\VideoRecordings\VideoRecordings\bin\Debug\ScreenCapture
2018-04-18 10:05:21,756 [1]ERROR VideoRecordings.Program - 清空F:\源码\VideoRecordings\VideoRecordings\bin\Debug\ScreenCapture
2018-04-18 10:11:48,273 [1]ERROR VideoRecordings.Program - 搜索条件status=0&recorded=1&start_date=2010-01-01&end_date=2018-04-18&start_time=0:00:00&end_time=23:59:59
2018-04-18 10:16:08,897 [1]ERROR VideoRecordings.Program - 获取http://192.168.1.198:16080/videos信息
System.Exception: 获取成功
2018-04-18 10:16:08,955 [1]ERROR VideoRecordings.Program - 清空F:\源码\VideoRecordings\VideoRecordings\bin\Debug\ScreenCapture
2018-04-18 10:16:11,247 [1]ERROR VideoRecordings.Program - 清空F:\源码\VideoRecordings\VideoRecordings\bin\Debug\ScreenCapture
2018-04-18 10:16:11,805 [1]ERROR VideoRecordings.Program - 清空F:\源码\VideoRecordings\VideoRecordings\bin\Debug\ScreenCapture
2018-04-18 10:16:12,364 [1]ERROR VideoRecordings.Program - 打开\\192.168.1.158\msdata\人车物-视频资料\大华园区\SP0011-视频结构化-浙江杭州大华园区-非机动车及行人多-20170525\A楼17层上监控_室外#6_20170525113000_20170525123000.dav
System.Exception: 打开成功
2018-04-18 10:16:14,184 [1]ERROR VideoRecordings.Program - 获取http://192.168.1.198:16080/videos信息
System.Exception: 获取成功
2018-04-18 10:16:16,117 [1]ERROR VideoRecordings.Program - 清空F:\源码\VideoRecordings\VideoRecordings\bin\Debug\ScreenCapture
2018-04-18 10:16:16,500 [1]ERROR VideoRecordings.Program - 打开\\192.168.1.158\msdata\人车物-视频资料\大华园区\SP0011-视频结构化-浙江杭州大华园区-非机动车及行人多-20170525\A楼17层上监控_室外#6_20170525173000_20170525183000.dav
System.Exception: 打开成功
2018-04-18 10:16:18,440 [1]ERROR VideoRecordings.Program - 获取http://192.168.1.198:16080/videos信息
System.Exception: 获取成功
2018-04-18 10:16:20,517 [1]ERROR VideoRecordings.Program - 清空F:\源码\VideoRecordings\VideoRecordings\bin\Debug\ScreenCapture
2018-04-18 10:16:20,909 [1]ERROR VideoRecordings.Program - 清空F:\源码\VideoRecordings\VideoRecordings\bin\Debug\ScreenCapture
2018-04-18 10:16:21,325 [1]ERROR VideoRecordings.Program - 清空F:\源码\VideoRecordings\VideoRecordings\bin\Debug\ScreenCapture
2018-04-18 10:16:25,465 [1]ERROR VideoRecordings.Program - 搜索条件status=0&recorded=1&start_date=2010-01-01&end_date=2018-04-18&start_time=0:00:00&end_time=23:59:59
2018-04-18 10:16:38,078 [1]ERROR VideoRecordings.Program - 搜索条件status=0&recorded=1&start_date=2010-01-01&end_date=2018-04-18&start_time=0:00:00&end_time=23:59:59
2018-04-18 10:16:44,256 [1]ERROR VideoRecordings.Program - 搜索条件status=0&recorded=1&start_date=2010-01-01&end_date=2018-04-18&start_time=0:00:00&end_time=23:59:59
2018-04-18 10:16:54,970 [1]ERROR VideoRecordings.Program - 搜索条件status=0&recorded=1&start_date=2010-01-01&end_date=2018-04-18&start_time=0:00:00&end_time=23:59:59
2018-04-18 10:17:01,284 [1]ERROR VideoRecordings.Program - 获取http://192.168.1.198:16080/videos信息
System.Exception: 获取成功
2018-04-18 10:17:01,344 [1]ERROR VideoRecordings.Program - 清空F:\源码\VideoRecordings\VideoRecordings\bin\Debug\ScreenCapture
2018-04-18 10:17:03,764 [1]ERROR VideoRecordings.Program - 清空F:\源码\VideoRecordings\VideoRecordings\bin\Debug\ScreenCapture
2018-04-18 10:17:04,062 [1]ERROR VideoRecordings.Program - 清空F:\源码\VideoRecordings\VideoRecordings\bin\Debug\ScreenCapture
2018-04-18 10:17:09,347 [1]ERROR VideoRecordings.Program - 删除图片http://192.168.1.198:16080/video/snapshot/
2018-04-18 10:17:09,393 [1]ERROR VideoRecordings.Program - 获取http://192.168.1.198:16080/videos信息
System.Exception: 获取成功
2018-04-18 10:17:10,712 [1]ERROR VideoRecordings.Program - 清空F:\源码\VideoRecordings\VideoRecordings\bin\Debug\ScreenCapture
2018-04-18 10:17:22,189 [1]ERROR VideoRecordings.Program - 搜索条件status=0&recorded=1&start_date=2010-01-01&end_date=2018-04-18&start_time=0:00:00&end_time=23:59:59
2018-04-18 10:18:02,460 [1]ERROR VideoRecordings.Program - 获取http://192.168.1.198:16080/videos信息
System.Exception: 获取成功
2018-04-18 10:18:02,551 [1]ERROR VideoRecordings.Program - 清空F:\源码\VideoRecordings\VideoRecordings\bin\Debug\ScreenCapture
2018-04-18 10:18:06,045 [1]ERROR VideoRecordings.Program - 搜索条件status=0&recorded=1&start_date=2010-01-01&end_date=2018-04-18&start_time=0:00:00&end_time=23:59:59
2018-04-18 10:18:20,714 [1]ERROR VideoRecordings.Program - 搜索条件status=0&recorded=1&start_date=2010-01-01&end_date=2018-04-18&start_time=0:00:00&end_time=23:59:59
2018-04-18 10:18:33,649 [1]ERROR VideoRecordings.Program - 搜索条件status=0&recorded=1&start_date=2010-01-01&end_date=2018-04-18&start_time=0:00:00&end_time=23:59:59
2018-04-18 10:18:48,162 [1]ERROR VideoRecordings.Program - 获取http://192.168.1.198:16080/videos信息
System.Exception: 获取成功
2018-04-18 10:18:48,206 [1]ERROR VideoRecordings.Program - 清空F:\源码\VideoRecordings\VideoRecordings\bin\Debug\ScreenCapture
2018-04-18 10:18:52,335 [1]ERROR VideoRecordings.Program - 获取http://192.168.1.198:16080/videos信息
System.Exception: 获取成功
2018-04-18 10:18:52,375 [1]ERROR VideoRecordings.Program - 清空F:\源码\VideoRecordings\VideoRecordings\bin\Debug\ScreenCapture
2018-04-18 10:18:54,191 [1]ERROR VideoRecordings.Program - 清空F:\源码\VideoRecordings\VideoRecordings\bin\Debug\ScreenCapture
2018-04-18 10:18:56,133 [1]ERROR VideoRecordings.Program - 清空F:\源码\VideoRecordings\VideoRecordings\bin\Debug\ScreenCapture
2018-04-18 10:18:56,669 [1]ERROR VideoRecordings.Program - 清空F:\源码\VideoRecordings\VideoRecordings\bin\Debug\ScreenCapture
2018-04-18 10:19:05,988 [1]ERROR VideoRecordings.Program - 搜索条件status=0&recorded=1&start_date=2010-01-01&end_date=2018-04-18&start_time=0:00:00&end_time=23:59:59
2018-04-18 10:19:09,343 [1]ERROR VideoRecordings.Program - 搜索条件id=4786&status=0&recorded=1&start_date=2010-01-01&end_date=2018-04-18&start_time=0:00:00&end_time=23:59:59
2018-04-18 10:19:35,055 [1]ERROR VideoRecordings.Program - 搜索条件id=4786&status=0&recorded=1&start_date=2010-01-01&end_date=2018-04-18&start_time=0:00:00&end_time=23:59:59
2018-04-18 10:19:42,702 [1]ERROR VideoRecordings.Program - 获取http://192.168.1.198:16080/videos信息
System.Exception: 获取成功
2018-04-18 10:19:42,733 [1]ERROR VideoRecordings.Program - 清空F:\源码\VideoRecordings\VideoRecordings\bin\Debug\ScreenCapture
2018-04-18 10:19:44,206 [1]ERROR VideoRecordings.Program - 清空F:\源码\VideoRecordings\VideoRecordings\bin\Debug\ScreenCapture
2018-04-18 10:19:45,125 [1]ERROR VideoRecordings.Program - 清空F:\源码\VideoRecordings\VideoRecordings\bin\Debug\ScreenCapture
2018-04-18 10:19:56,936 [1]ERROR VideoRecordings.Program - 搜索条件id=4786&status=0&recorded=1&start_date=2010-01-01&end_date=2018-04-18&start_time=0:00:00&end_time=23:59:59
2018-04-18 10:22:28,643 [1]ERROR VideoRecordings.Program - 搜索条件id=4786&status=0&recorded=1&start_date=2010-01-01&end_date=2018-04-18&start_time=0:00:00&end_time=23:59:59
2018-04-18 10:22:38,302 [1]ERROR VideoRecordings.Program - 获取http://192.168.1.198:16080/videos信息
System.Exception: 获取成功
2018-04-18 10:22:38,334 [1]ERROR VideoRecordings.Program - 清空F:\源码\VideoRecordings\VideoRecordings\bin\Debug\ScreenCapture
2018-04-18 10:22:40,563 [1]ERROR VideoRecordings.Program - 打开\\192.168.1.198\iscdata\md3\视频\车内摄像头\SP0120-视频结构化-车内摄像头-20171103\10月26、27日\10月27日3路摄像头\03_20171027_070736_071744.mp4
System.Exception: 打开成功
2018-04-18 10:22:43,414 [1]ERROR VideoRecordings.Program - 获取http://192.168.1.198:16080/videos信息
System.Exception: 获取成功
2018-04-18 10:22:54,882 [1]ERROR VideoRecordings.Program - 搜索条件id=4772&status=0&recorded=1&start_date=2010-01-01&end_date=2018-04-18&start_time=0:00:00&end_time=23:59:59
2018-04-18 10:22:57,808 [1]ERROR VideoRecordings.Program - 搜索条件id=4772&status=0&recorded=1&start_date=2010-01-01&end_date=2018-04-18&start_time=0:00:00&end_time=23:59:59
2018-04-18 10:22:58,254 [1]ERROR VideoRecordings.Program - 搜索条件id=4772&status=0&recorded=1&start_date=2010-01-01&end_date=2018-04-18&start_time=0:00:00&end_time=23:59:59
2018-04-18 10:22:58,429 [1]ERROR VideoRecordings.Program - 搜索条件id=4772&status=0&recorded=1&start_date=2010-01-01&end_date=2018-04-18&start_time=0:00:00&end_time=23:59:59
2018-04-18 10:22:58,591 [1]ERROR VideoRecordings.Program - 搜索条件id=4772&status=0&recorded=1&start_date=2010-01-01&end_date=2018-04-18&start_time=0:00:00&end_time=23:59:59
2018-04-18 10:23:07,755 [1]ERROR VideoRecordings.Program - 获取http://192.168.1.198:16080/videos信息
System.Exception: 获取成功
2018-04-18 10:23:07,790 [1]ERROR VideoRecordings.Program - 清空F:\源码\VideoRecordings\VideoRecordings\bin\Debug\ScreenCapture
2018-04-18 10:23:14,526 [1]ERROR VideoRecordings.Program - 搜索条件id=4472&status=0&recorded=1&start_date=2010-01-01&end_date=2018-04-18&start_time=0:00:00&end_time=23:59:59
2018-04-18 10:23:15,952 [1]ERROR VideoRecordings.Program - 搜索条件id=4472&status=0&recorded=1&start_date=2010-01-01&end_date=2018-04-18&start_time=0:00:00&end_time=23:59:59
2018-04-18 10:23:16,469 [1]ERROR VideoRecordings.Program - 搜索条件id=4472&status=0&recorded=1&start_date=2010-01-01&end_date=2018-04-18&start_time=0:00:00&end_time=23:59:59
2018-04-18 10:23:16,622 [1]ERROR VideoRecordings.Program - 搜索条件id=4472&status=0&recorded=1&start_date=2010-01-01&end_date=2018-04-18&start_time=0:00:00&end_time=23:59:59
2018-04-18 10:23:24,163 [1]ERROR VideoRecordings.Program - 搜索条件status=0&recorded=1&start_date=2010-01-01&end_date=2018-04-18&start_time=0:00:00&end_time=23:59:59
2018-04-18 10:23:29,055 [1]ERROR VideoRecordings.Program - 搜索条件id=4472&status=0&recorded=1&start_date=2010-01-01&end_date=2018-04-18&start_time=0:00:00&end_time=23:59:59
2018-04-18 10:23:34,770 [1]ERROR VideoRecordings.Program - 获取http://192.168.1.198:16080/videos信息
System.Exception: 获取成功
2018-04-18 10:23:34,806 [1]ERROR VideoRecordings.Program - 清空F:\源码\VideoRecordings\VideoRecordings\bin\Debug\ScreenCapture
2018-04-18 10:23:54,980 [1]ERROR VideoRecordings.Program - 打开\\192.168.1.198\iscdata\md3\视频\车内摄像头\SP0120-视频结构化-车内摄像头-20171103\10月26、27日\10月27日3路摄像头\03_20171027_070736_071744.mp4
System.Exception: 打开成功
2018-04-18 10:24:00,235 [1]ERROR VideoRecordings.Program - 获取http://192.168.1.198:16080/videos信息
System.Exception: 获取成功
2018-04-18 10:24:12,678 [1]ERROR VideoRecordings.Program - 搜索条件id=4472&status=0&recorded=1&start_date=2010-01-01&end_date=2018-04-18&start_time=0:00:00&end_time=23:59:59
2018-04-18 10:24:13,919 [1]ERROR VideoRecordings.Program - 搜索条件id=4472&status=0&recorded=1&start_date=2010-01-01&end_date=2018-04-18&start_time=0:00:00&end_time=23:59:59
2018-04-18 10:24:14,246 [1]ERROR VideoRecordings.Program - 搜索条件id=4472&status=0&recorded=1&start_date=2010-01-01&end_date=2018-04-18&start_time=0:00:00&end_time=23:59:59
2018-04-18 10:24:14,404 [1]ERROR VideoRecordings.Program - 搜索条件id=4472&status=0&recorded=1&start_date=2010-01-01&end_date=2018-04-18&start_time=0:00:00&end_time=23:59:59
2018-04-18 10:24:14,566 [1]ERROR VideoRecordings.Program - 搜索条件id=4472&status=0&recorded=1&start_date=2010-01-01&end_date=2018-04-18&start_time=0:00:00&end_time=23:59:59
2018-04-18 10:24:14,726 [1]ERROR VideoRecordings.Program - 搜索条件id=4472&status=0&recorded=1&start_date=2010-01-01&end_date=2018-04-18&start_time=0:00:00&end_time=23:59:59
2018-04-18 10:24:14,892 [1]ERROR VideoRecordings.Program - 搜索条件id=4472&status=0&recorded=1&start_date=2010-01-01&end_date=2018-04-18&start_time=0:00:00&end_time=23:59:59
2018-04-18 10:24:15,053 [1]ERROR VideoRecordings.Program - 搜索条件id=4472&status=0&recorded=1&start_date=2010-01-01&end_date=2018-04-18&start_time=0:00:00&end_time=23:59:59
2018-04-18 10:24:17,885 [1]ERROR VideoRecordings.Program - 搜索条件id=4472&status=0&recorded=1&start_date=2010-01-01&end_date=2018-04-18&start_time=0:00:00&end_time=23:59:59
2018-04-18 10:24:18,037 [1]ERROR VideoRecordings.Program - 搜索条件id=4472&status=0&recorded=1&start_date=2010-01-01&end_date=2018-04-18&start_time=0:00:00&end_time=23:59:59
2018-04-18 10:24:32,499 [1]ERROR VideoRecordings.Program - 获取http://192.168.1.198:16080/videos信息
System.Exception: 获取成功
2018-04-18 10:24:32,538 [1]ERROR VideoRecordings.Program - 清空F:\源码\VideoRecordings\VideoRecordings\bin\Debug\ScreenCapture
2018-04-18 10:25:57,590 [1]ERROR VideoRecordings.Program - 搜索条件id=4472&status=0&recorded=1&start_date=2010-01-01&end_date=2018-04-18&start_time=0:00:00&end_time=23:59:59
2018-04-18 10:26:07,904 [1]ERROR VideoRecordings.Program - 获取http://192.168.1.198:16080/videos信息
System.Exception: 获取成功
2018-04-18 10:26:07,934 [1]ERROR VideoRecordings.Program - 清空F:\源码\VideoRecordings\VideoRecordings\bin\Debug\ScreenCapture
2018-04-18 10:26:30,048 [1]ERROR VideoRecordings.Program - 清空F:\源码\VideoRecordings\VideoRecordings\bin\Debug\ScreenCapture
2018-04-18 10:26:30,397 [1]ERROR VideoRecordings.Program - 清空F:\源码\VideoRecordings\VideoRecordings\bin\Debug\ScreenCapture
2018-04-18 10:26:48,455 [1]ERROR VideoRecordings.Program - 搜索条件project_name=SP0120&status=0&recorded=1&start_date=2010-01-01&end_date=2018-04-18&start_time=0:00:00&end_time=23:59:59
2018-04-18 10:26:50,837 [1]ERROR VideoRecordings.Program - 搜索条件project_name=SP0120&status=0&recorded=1&start_date=2010-01-01&end_date=2018-04-18&start_time=0:00:00&end_time=23:59:59
2018-04-18 10:26:51,548 [1]ERROR VideoRecordings.Program - 搜索条件project_name=SP0120&status=0&recorded=1&start_date=2010-01-01&end_date=2018-04-18&start_time=0:00:00&end_time=23:59:59
2018-04-18 10:26:51,731 [1]ERROR VideoRecordings.Program - 搜索条件project_name=SP0120&status=0&recorded=1&start_date=2010-01-01&end_date=2018-04-18&start_time=0:00:00&end_time=23:59:59
2018-04-18 10:26:54,920 [1]ERROR VideoRecordings.Program - 搜索条件status=0&recorded=1&start_date=2010-01-01&end_date=2018-04-18&start_time=0:00:00&end_time=23:59:59
2018-04-18 10:26:57,929 [1]ERROR VideoRecordings.Program - 搜索条件project_name=SP0001&status=0&recorded=1&start_date=2010-01-01&end_date=2018-04-18&start_time=0:00:00&end_time=23:59:59
2018-04-18 10:26:58,236 [1]ERROR VideoRecordings.Program - 搜索条件project_name=SP0001&status=0&recorded=1&start_date=2010-01-01&end_date=2018-04-18&start_time=0:00:00&end_time=23:59:59
2018-04-18 10:27:01,155 [1]ERROR VideoRecordings.Program - 搜索条件project_name=SP0042&status=0&recorded=1&start_date=2010-01-01&end_date=2018-04-18&start_time=0:00:00&end_time=23:59:59
2018-04-18 10:27:13,166 [1]ERROR VideoRecordings.Program - 搜索条件project_name=SP0121&status=0&recorded=1&start_date=2010-01-01&end_date=2018-04-18&start_time=0:00:00&end_time=23:59:59
2018-04-18 10:27:18,778 [1]ERROR VideoRecordings.Program - 搜索条件project_name=SP0120&status=0&recorded=1&start_date=2010-01-01&end_date=2018-04-18&start_time=0:00:00&end_time=23:59:59
2018-04-18 10:27:26,072 [1]ERROR VideoRecordings.Program - 搜索条件place=武汉江夏&status=0&recorded=1&start_date=2010-01-01&end_date=2018-04-18&start_time=0:00:00&end_time=23:59:59
2018-04-18 10:27:28,995 [1]ERROR VideoRecordings.Program - 搜索条件place=武汉江夏&status=0&recorded=1&start_date=2010-01-01&end_date=2018-04-18&start_time=0:00:00&end_time=23:59:59
2018-04-18 10:27:31,935 [1]ERROR VideoRecordings.Program - 搜索条件place=武汉江夏&replicator=胡滨&status=0&recorded=1&start_date=2010-01-01&end_date=2018-04-18&start_time=0:00:00&end_time=23:59:59
2018-04-18 10:27:36,552 [1]ERROR VideoRecordings.Program - 搜索条件replicator=胡滨&status=0&recorded=1&start_date=2010-01-01&end_date=2018-04-18&start_time=0:00:00&end_time=23:59:59
2018-04-18 10:27:36,964 [1]ERROR VideoRecordings.Program - 搜索条件replicator=胡滨&status=0&recorded=1&start_date=2010-01-01&end_date=2018-04-18&start_time=0:00:00&end_time=23:59:59
2018-04-18 10:27:37,122 [1]ERROR VideoRecordings.Program - 搜索条件replicator=胡滨&status=0&recorded=1&start_date=2010-01-01&end_date=2018-04-18&start_time=0:00:00&end_time=23:59:59
2018-04-18 10:27:37,279 [1]ERROR VideoRecordings.Program - 搜索条件replicator=胡滨&status=0&recorded=1&start_date=2010-01-01&end_date=2018-04-18&start_time=0:00:00&end_time=23:59:59
2018-04-18 10:27:37,432 [1]ERROR VideoRecordings.Program - 搜索条件replicator=胡滨&status=0&recorded=1&start_date=2010-01-01&end_date=2018-04-18&start_time=0:00:00&end_time=23:59:59
2018-04-18 10:27:48,196 [1]ERROR VideoRecordings.Program - 获取http://192.168.1.198:16080/videos信息
System.Exception: 获取成功
2018-04-18 10:27:48,227 [1]ERROR VideoRecordings.Program - 清空F:\源码\VideoRecordings\VideoRecordings\bin\Debug\ScreenCapture
2018-04-18 10:27:51,356 [1]ERROR VideoRecordings.Program - 清空F:\源码\VideoRecordings\VideoRecordings\bin\Debug\ScreenCapture
2018-04-18 10:27:51,725 [1]ERROR VideoRecordings.Program - 清空F:\源码\VideoRecordings\VideoRecordings\bin\Debug\ScreenCapture
2018-04-18 10:27:51,974 [1]ERROR VideoRecordings.Program - 清空F:\源码\VideoRecordings\VideoRecordings\bin\Debug\ScreenCapture
2018-04-18 10:27:52,325 [1]ERROR VideoRecordings.Program - 清空F:\源码\VideoRecordings\VideoRecordings\bin\Debug\ScreenCapture
2018-04-18 10:27:53,068 [1]ERROR VideoRecordings.Program - 清空F:\源码\VideoRecordings\VideoRecordings\bin\Debug\ScreenCapture
2018-04-18 10:27:54,317 [1]ERROR VideoRecordings.Program - 清空F:\源码\VideoRecordings\VideoRecordings\bin\Debug\ScreenCapture
2018-04-18 10:27:54,653 [1]ERROR VideoRecordings.Program - 清空F:\源码\VideoRecordings\VideoRecordings\bin\Debug\ScreenCapture
2018-04-18 10:27:55,253 [1]ERROR VideoRecordings.Program - 清空F:\源码\VideoRecordings\VideoRecordings\bin\Debug\ScreenCapture
2018-04-18 10:27:56,094 [1]ERROR VideoRecordings.Program - 清空F:\源码\VideoRecordings\VideoRecordings\bin\Debug\ScreenCapture
2018-04-18 10:27:57,085 [1]ERROR VideoRecordings.Program - 清空F:\源码\VideoRecordings\VideoRecordings\bin\Debug\ScreenCapture
2018-04-18 10:27:57,437 [1]ERROR VideoRecordings.Program - 清空F:\源码\VideoRecordings\VideoRecordings\bin\Debug\ScreenCapture
2018-04-18 10:28:15,423 [1]ERROR VideoRecordings.Program - 搜索条件project_name=SP0058&status=0&recorded=1&start_date=2010-01-01&end_date=2018-04-18&start_time=0:00:00&end_time=23:59:59
2018-04-18 10:28:16,108 [1]ERROR VideoRecordings.Program - 搜索条件project_name=SP0058&status=0&recorded=1&start_date=2010-01-01&end_date=2018-04-18&start_time=0:00:00&end_time=23:59:59
2018-04-18 10:28:16,268 [1]ERROR VideoRecordings.Program - 搜索条件project_name=SP0058&status=0&recorded=1&start_date=2010-01-01&end_date=2018-04-18&start_time=0:00:00&end_time=23:59:59
2018-04-18 10:28:19,383 [1]ERROR VideoRecordings.Program - 搜索条件project_name=SP0120&status=0&recorded=1&start_date=2010-01-01&end_date=2018-04-18&start_time=0:00:00&end_time=23:59:59
2018-04-18 10:28:19,565 [1]ERROR VideoRecordings.Program - 搜索条件project_name=SP0120&status=0&recorded=1&start_date=2010-01-01&end_date=2018-04-18&start_time=0:00:00&end_time=23:59:59
2018-04-18 10:28:22,822 [1]ERROR VideoRecordings.Program - 搜索条件project_name=SP0139&status=0&recorded=1&start_date=2010-01-01&end_date=2018-04-18&start_time=0:00:00&end_time=23:59:59
2018-04-18 10:28:40,924 [1]ERROR VideoRecordings.Program - 获取http://192.168.1.198:16080/videos信息
System.Exception: 获取成功
2018-04-18 10:28:40,952 [1]ERROR VideoRecordings.Program - 清空F:\源码\VideoRecordings\VideoRecordings\bin\Debug\ScreenCapture
2018-04-18 10:28:43,750 [1]ERROR VideoRecordings.Program - 清空F:\源码\VideoRecordings\VideoRecordings\bin\Debug\ScreenCapture
2018-04-18 10:28:44,955 [1]ERROR VideoRecordings.Program - 打开\\192.168.1.158\msdata\人车物-视频资料\大华园区\SP0001-视频结构化-浙江杭州大华园区-非机动车及行人多-2017052220170523-已跑\2017-05-22-已跑\A楼17层上监控_室外#9_20170522080000_20170522090000.dav
System.Exception: 打开成功
2018-04-18 10:28:47,207 [1]ERROR VideoRecordings.Program - 获取http://192.168.1.198:16080/videos信息
System.Exception: 获取成功
2018-04-18 10:28:55,130 [1]ERROR VideoRecordings.Program - 搜索条件id=25&status=0&recorded=1&start_date=2010-01-01&end_date=2018-04-18&start_time=0:00:00&end_time=23:59:59
2018-04-18 10:28:56,357 [1]ERROR VideoRecordings.Program - 搜索条件id=25&status=0&recorded=1&start_date=2010-01-01&end_date=2018-04-18&start_time=0:00:00&end_time=23:59:59
2018-04-18 10:28:56,712 [1]ERROR VideoRecordings.Program - 搜索条件id=25&status=0&recorded=1&start_date=2010-01-01&end_date=2018-04-18&start_time=0:00:00&end_time=23:59:59
2018-04-18 10:28:56,864 [1]ERROR VideoRecordings.Program - 搜索条件id=25&status=0&recorded=1&start_date=2010-01-01&end_date=2018-04-18&start_time=0:00:00&end_time=23:59:59
2018-04-18 10:28:57,007 [1]ERROR VideoRecordings.Program - 搜索条件id=25&status=0&recorded=1&start_date=2010-01-01&end_date=2018-04-18&start_time=0:00:00&end_time=23:59:59
2018-04-18 10:28:57,152 [1]ERROR VideoRecordings.Program - 搜索条件id=25&status=0&recorded=1&start_date=2010-01-01&end_date=2018-04-18&start_time=0:00:00&end_time=23:59:59
2018-04-18 10:28:57,312 [1]ERROR VideoRecordings.Program - 搜索条件id=25&status=0&recorded=1&start_date=2010-01-01&end_date=2018-04-18&start_time=0:00:00&end_time=23:59:59
2018-04-18 10:28:57,979 [1]ERROR VideoRecordings.Program - 搜索条件id=25&status=0&recorded=1&start_date=2010-01-01&end_date=2018-04-18&start_time=0:00:00&end_time=23:59:59
2018-04-18 10:28:58,148 [1]ERROR VideoRecordings.Program - 搜索条件id=25&status=0&recorded=1&start_date=2010-01-01&end_date=2018-04-18&start_time=0:00:00&end_time=23:59:59
2018-04-18 10:28:58,330 [1]ERROR VideoRecordings.Program - 搜索条件id=25&status=0&recorded=1&start_date=2010-01-01&end_date=2018-04-18&start_time=0:00:00&end_time=23:59:59
2018-04-18 10:29:01,487 [1]ERROR VideoRecordings.Program - 搜索条件id=25&status=0&recorded=1&start_date=2010-01-01&end_date=2018-04-18&start_time=0:00:00&end_time=23:59:59
2018-04-18 10:29:01,627 [1]ERROR VideoRecordings.Program - 搜索条件id=25&status=0&recorded=1&start_date=2010-01-01&end_date=2018-04-18&start_time=0:00:00&end_time=23:59:59
2018-04-18 10:29:04,326 [1]ERROR VideoRecordings.Program - 搜索条件id=25&status=0&recorded=1&start_date=2010-01-01&end_date=2018-04-11&start_time=0:00:00&end_time=23:59:59
2018-04-18 10:29:04,775 [1]ERROR VideoRecordings.Program - 搜索条件id=25&status=0&recorded=1&start_date=2010-01-01&end_date=2018-04-11&start_time=0:00:00&end_time=23:59:59
2018-04-18 10:29:04,932 [1]ERROR VideoRecordings.Program - 搜索条件id=25&status=0&recorded=1&start_date=2010-01-01&end_date=2018-04-11&start_time=0:00:00&end_time=23:59:59
2018-04-18 10:29:07,157 [1]ERROR VideoRecordings.Program - 搜索条件id=25&status=0&recorded=1&start_date=2010-01-01&end_date=2018-04-03&start_time=0:00:00&end_time=23:59:59
2018-04-18 10:29:07,301 [1]ERROR VideoRecordings.Program - 搜索条件id=25&status=0&recorded=1&start_date=2010-01-01&end_date=2018-04-03&start_time=0:00:00&end_time=23:59:59
2018-04-18 10:29:07,453 [1]ERROR VideoRecordings.Program - 搜索条件id=25&status=0&recorded=1&start_date=2010-01-01&end_date=2018-04-03&start_time=0:00:00&end_time=23:59:59
2018-04-18 10:29:09,576 [1]ERROR VideoRecordings.Program - 搜索条件id=25&status=0&recorded=1&start_date=2010-01-05&end_date=2018-04-03&start_time=0:00:00&end_time=23:59:59
2018-04-18 10:29:09,724 [1]ERROR VideoRecordings.Program - 搜索条件id=25&status=0&recorded=1&start_date=2010-01-05&end_date=2018-04-03&start_time=0:00:00&end_time=23:59:59
2018-04-18 10:29:09,869 [1]ERROR VideoRecordings.Program - 搜索条件id=25&status=0&recorded=1&start_date=2010-01-05&end_date=2018-04-03&start_time=0:00:00&end_time=23:59:59
2018-04-18 10:32:38,998 [1]ERROR VideoRecordings.Program - 搜索条件id=25&status=0&recorded=1&start_date=2010-01-05&end_date=2018-04-03&start_time=0:00:00&end_time=23:59:59
2018-04-18 10:32:45,613 [1]ERROR VideoRecordings.Program - 获取http://192.168.1.198:16080/videos信息
System.Exception: 获取成功
2018-04-18 10:32:45,656 [1]ERROR VideoRecordings.Program - 清空F:\源码\VideoRecordings\VideoRecordings\bin\Debug\ScreenCapture
2018-04-18 10:32:48,383 [1]ERROR VideoRecordings.Program - 清空F:\源码\VideoRecordings\VideoRecordings\bin\Debug\ScreenCapture
2018-04-18 10:32:51,965 [1]ERROR VideoRecordings.Program - 清空F:\源码\VideoRecordings\VideoRecordings\bin\Debug\ScreenCapture
2018-04-18 10:32:52,310 [1]ERROR VideoRecordings.Program - 清空F:\源码\VideoRecordings\VideoRecordings\bin\Debug\ScreenCapture
2018-04-18 10:32:58,350 [1]ERROR VideoRecordings.Program - 打开\\192.168.1.158\msdata\人车物-视频资料\大华园区\SP0001-视频结构化-浙江杭州大华园区-非机动车及行人多-2017052220170523-已跑\2017-05-22-已跑\A楼17层上监控_室外#9_20170522080000_20170522090000.dav
System.Exception: 打开成功
2018-04-18 10:33:02,628 [1]ERROR VideoRecordings.Program - 获取http://192.168.1.198:16080/videos信息
System.Exception: 获取成功
2018-04-18 10:33:25,786 [1]ERROR VideoRecordings.Program - 搜索条件id=25&status=0&recorded=1&start_date=2010-01-01&end_date=2018-04-18&start_time=0:00:00&end_time=23:59:59
2018-04-18 10:33:45,903 [1]ERROR VideoRecordings.Program - 搜索条件id=256&status=0&recorded=1&start_date=2010-01-01&end_date=2018-04-18&start_time=0:00:00&end_time=23:59:59
2018-04-18 10:33:47,237 [1]ERROR VideoRecordings.Program - 搜索条件id=256&status=0&recorded=1&start_date=2010-01-01&end_date=2018-04-18&start_time=0:00:00&end_time=23:59:59
2018-04-18 10:34:22,747 [1]ERROR VideoRecordings.Program - 搜索条件project_name=SP0042&status=0&recorded=1&start_date=2010-01-01&end_date=2018-04-18&start_time=0:00:00&end_time=23:59:59
2018-04-18 10:34:27,511 [1]ERROR VideoRecordings.Program - 搜索条件project_name=SP0120&status=0&recorded=1&start_date=2010-01-01&end_date=2018-04-18&start_time=0:00:00&end_time=23:59:59
2018-04-18 10:34:27,646 [1]ERROR VideoRecordings.Program - 搜索条件project_name=SP0120&status=0&recorded=1&start_date=2010-01-01&end_date=2018-04-18&start_time=0:00:00&end_time=23:59:59
2018-04-18 10:34:30,646 [1]ERROR VideoRecordings.Program - 搜索条件project_name=SP0120&status=0&recorded=1&start_date=2010-01-01&end_date=2018-04-18&start_time=0:00:00&end_time=23:59:59
2018-04-18 10:34:30,805 [1]ERROR VideoRecordings.Program - 搜索条件project_name=SP0120&status=0&recorded=1&start_date=2010-01-01&end_date=2018-04-18&start_time=0:00:00&end_time=23:59:59
2018-04-18 10:40:29,187 [1]ERROR Common.WebClinetHepler - GET异常->uri:http://192.168.1.198:16080/videos?id=25&status=0&recorded=1&start_date=2010-01-01&end_date=2018-04-18&start_time=0:00:00&end_time=23:59:59,exception:
System.Net.WebException: 远程服务器返回错误: (500) 内部服务器错误。
   在 System.Net.WebClient.DownloadDataInternal(Uri address, WebRequest& request)
   在 System.Net.WebClient.DownloadData(Uri address)
   在 System.Net.WebClient.DownloadData(String address)
   在 Common.WebClinetHepler.DownloadData(WebClient client, String uri, Int64& time, Byte[]& result) 位置 F:\接收\intedio_data_tools\Common\WebClinetHepler.cs:行号 214
2018-04-18 10:40:29,205 [1]ERROR VideoRecordings.Program - 搜索条件id=25&status=0&recorded=1&start_date=2010-01-01&end_date=2018-04-18&start_time=0:00:00&end_time=23:59:59
2018-04-18 10:40:30,658 [1]ERROR Common.WebClinetHepler - GET异常->uri:http://192.168.1.198:16080/videos?id=25&status=0&recorded=1&start_date=2010-01-01&end_date=2018-04-18&start_time=0:00:00&end_time=23:59:59,exception:
System.Net.WebException: 远程服务器返回错误: (500) 内部服务器错误。
   在 System.Net.WebClient.DownloadDataInternal(Uri address, WebRequest& request)
   在 System.Net.WebClient.DownloadData(Uri address)
   在 System.Net.WebClient.DownloadData(String address)
   在 Common.WebClinetHepler.DownloadData(WebClient client, String uri, Int64& time, Byte[]& result) 位置 F:\接收\intedio_data_tools\Common\WebClinetHepler.cs:行号 214
2018-04-18 10:40:30,663 [1]ERROR VideoRecordings.Program - 搜索条件id=25&status=0&recorded=1&start_date=2010-01-01&end_date=2018-04-18&start_time=0:00:00&end_time=23:59:59
2018-04-18 10:40:30,830 [1]ERROR Common.WebClinetHepler - GET异常->uri:http://192.168.1.198:16080/videos?id=25&status=0&recorded=1&start_date=2010-01-01&end_date=2018-04-18&start_time=0:00:00&end_time=23:59:59,exception:
System.Net.WebException: 远程服务器返回错误: (500) 内部服务器错误。
   在 System.Net.WebClient.DownloadDataInternal(Uri address, WebRequest& request)
   在 System.Net.WebClient.DownloadData(Uri address)
   在 System.Net.WebClient.DownloadData(String address)
   在 Common.WebClinetHepler.DownloadData(WebClient client, String uri, Int64& time, Byte[]& result) 位置 F:\接收\intedio_data_tools\Common\WebClinetHepler.cs:行号 214
2018-04-18 10:40:30,833 [1]ERROR VideoRecordings.Program - 搜索条件id=25&status=0&recorded=1&start_date=2010-01-01&end_date=2018-04-18&start_time=0:00:00&end_time=23:59:59
2018-04-18 10:40:30,981 [1]ERROR Common.WebClinetHepler - GET异常->uri:http://192.168.1.198:16080/videos?id=25&status=0&recorded=1&start_date=2010-01-01&end_date=2018-04-18&start_time=0:00:00&end_time=23:59:59,exception:
System.Net.WebException: 远程服务器返回错误: (500) 内部服务器错误。
   在 System.Net.WebClient.DownloadDataInternal(Uri address, WebRequest& request)
   在 System.Net.WebClient.DownloadData(Uri address)
   在 System.Net.WebClient.DownloadData(String address)
   在 Common.WebClinetHepler.DownloadData(WebClient client, String uri, Int64& time, Byte[]& result) 位置 F:\接收\intedio_data_tools\Common\WebClinetHepler.cs:行号 214
2018-04-18 10:40:30,985 [1]ERROR VideoRecordings.Program - 搜索条件id=25&status=0&recorded=1&start_date=2010-01-01&end_date=2018-04-18&start_time=0:00:00&end_time=23:59:59
2018-04-18 10:40:36,419 [1]ERROR VideoRecordings.Program - 获取http://192.168.1.198:16080/videos信息
System.Exception: 获取成功
2018-04-18 10:40:36,525 [1]ERROR VideoRecordings.Program - 清空F:\源码\VideoRecordings\VideoRecordings\bin\Debug\ScreenCapture
2018-04-18 10:40:39,143 [1]ERROR VideoRecordings.Program - 获取http://192.168.1.198:16080/videos信息
System.Exception: 获取成功
2018-04-18 10:40:39,186 [1]ERROR VideoRecordings.Program - 清空F:\源码\VideoRecordings\VideoRecordings\bin\Debug\ScreenCapture
2018-04-18 10:40:41,943 [1]ERROR VideoRecordings.Program - 获取http://192.168.1.198:16080/videos信息
System.Exception: 获取成功
2018-04-18 10:40:41,979 [1]ERROR VideoRecordings.Program - 清空F:\源码\VideoRecordings\VideoRecordings\bin\Debug\ScreenCapture
2018-04-18 10:40:44,671 [1]ERROR VideoRecordings.Program - 清空F:\源码\VideoRecordings\VideoRecordings\bin\Debug\ScreenCapture
2018-04-18 10:40:50,622 [1]ERROR VideoRecordings.Program - 打开\\192.168.1.158\msdata\人车物-视频资料\大华园区\SP0001-视频结构化-浙江杭州大华园区-非机动车及行人多-2017052220170523-已跑\2017-05-22-已跑\A楼17层上监控_室外#9_20170522080000_20170522090000.dav
System.Exception: 打开成功
2018-04-18 10:40:56,110 [1]ERROR VideoRecordings.Program - 清空F:\源码\VideoRecordings\VideoRecordings\bin\Debug\ScreenCapture
2018-04-18 10:40:56,482 [1]ERROR VideoRecordings.Program - 清空F:\源码\VideoRecordings\VideoRecordings\bin\Debug\ScreenCapture
2018-04-18 10:40:56,910 [1]ERROR VideoRecordings.Program - 清空F:\源码\VideoRecordings\VideoRecordings\bin\Debug\ScreenCapture
2018-04-18 10:40:59,549 [1]ERROR VideoRecordings.Program - 打开\\192.168.1.158\msdata\人车物-视频资料\大华园区\SP0001-视频结构化-浙江杭州大华园区-非机动车及行人多-2017052220170523-已跑\2017-05-22-已跑\A楼17层上监控_室外#9_20170522080000_20170522090000.dav
System.Exception: 打开成功
2018-04-18 10:41:01,511 [1]ERROR VideoRecordings.Program - 获取http://192.168.1.198:16080/videos信息
System.Exception: 获取成功
2018-04-18 10:41:10,461 [1]ERROR Common.WebClinetHepler - GET异常->uri:http://192.168.1.198:16080/videos?id=25&status=0&recorded=1&start_date=2010-01-01&end_date=2018-04-18&start_time=0:00:00&end_time=23:59:59,exception:
System.Net.WebException: 远程服务器返回错误: (500) 内部服务器错误。
   在 System.Net.WebClient.DownloadDataInternal(Uri address, WebRequest& request)
   在 System.Net.WebClient.DownloadData(Uri address)
   在 System.Net.WebClient.DownloadData(String address)
   在 Common.WebClinetHepler.DownloadData(WebClient client, String uri, Int64& time, Byte[]& result) 位置 F:\接收\intedio_data_tools\Common\WebClinetHepler.cs:行号 214
2018-04-18 10:41:10,467 [1]ERROR VideoRecordings.Program - 搜索条件id=25&status=0&recorded=1&start_date=2010-01-01&end_date=2018-04-18&start_time=0:00:00&end_time=23:59:59
2018-04-18 10:41:11,718 [1]ERROR Common.WebClinetHepler - GET异常->uri:http://192.168.1.198:16080/videos?id=25&status=0&recorded=1&start_date=2010-01-01&end_date=2018-04-18&start_time=0:00:00&end_time=23:59:59,exception:
System.Net.WebException: 远程服务器返回错误: (500) 内部服务器错误。
   在 System.Net.WebClient.DownloadDataInternal(Uri address, WebRequest& request)
   在 System.Net.WebClient.DownloadData(Uri address)
   在 System.Net.WebClient.DownloadData(String address)
   在 Common.WebClinetHepler.DownloadData(WebClient client, String uri, Int64& time, Byte[]& result) 位置 F:\接收\intedio_data_tools\Common\WebClinetHepler.cs:行号 214
2018-04-18 10:41:11,723 [1]ERROR VideoRecordings.Program - 搜索条件id=25&status=0&recorded=1&start_date=2010-01-01&end_date=2018-04-18&start_time=0:00:00&end_time=23:59:59
2018-04-18 10:41:12,157 [1]ERROR Common.WebClinetHepler - GET异常->uri:http://192.168.1.198:16080/videos?id=25&status=0&recorded=1&start_date=2010-01-01&end_date=2018-04-18&start_time=0:00:00&end_time=23:59:59,exception:
System.Net.WebException: 远程服务器返回错误: (500) 内部服务器错误。
   在 System.Net.WebClient.DownloadDataInternal(Uri address, WebRequest& request)
   在 System.Net.WebClient.DownloadData(Uri address)
   在 System.Net.WebClient.DownloadData(String address)
   在 Common.WebClinetHepler.DownloadData(WebClient client, String uri, Int64& time, Byte[]& result) 位置 F:\接收\intedio_data_tools\Common\WebClinetHepler.cs:行号 214
2018-04-18 10:41:12,161 [1]ERROR VideoRecordings.Program - 搜索条件id=25&status=0&recorded=1&start_date=2010-01-01&end_date=2018-04-18&start_time=0:00:00&end_time=23:59:59
2018-04-18 10:41:12,303 [1]ERROR Common.WebClinetHepler - GET异常->uri:http://192.168.1.198:16080/videos?id=25&status=0&recorded=1&start_date=2010-01-01&end_date=2018-04-18&start_time=0:00:00&end_time=23:59:59,exception:
System.Net.WebException: 远程服务器返回错误: (500) 内部服务器错误。
   在 System.Net.WebClient.DownloadDataInternal(Uri address, WebRequest& request)
   在 System.Net.WebClient.DownloadData(Uri address)
   在 System.Net.WebClient.DownloadData(String address)
   在 Common.WebClinetHepler.DownloadData(WebClient client, String uri, Int64& time, Byte[]& result) 位置 F:\接收\intedio_data_tools\Common\WebClinetHepler.cs:行号 214
2018-04-18 10:41:12,308 [1]ERROR VideoRecordings.Program - 搜索条件id=25&status=0&recorded=1&start_date=2010-01-01&end_date=2018-04-18&start_time=0:00:00&end_time=23:59:59
2018-04-18 10:41:14,437 [1]ERROR Common.WebClinetHepler - GET异常->uri:http://192.168.1.198:16080/videos?id=25&status=0&start_date=2010-01-01&end_date=2018-04-18&start_time=0:00:00&end_time=23:59:59,exception:
System.Net.WebException: 远程服务器返回错误: (500) 内部服务器错误。
   在 System.Net.WebClient.DownloadDataInternal(Uri address, WebRequest& request)
   在 System.Net.WebClient.DownloadData(Uri address)
   在 System.Net.WebClient.DownloadData(String address)
   在 Common.WebClinetHepler.DownloadData(WebClient client, String uri, Int64& time, Byte[]& result) 位置 F:\接收\intedio_data_tools\Common\WebClinetHepler.cs:行号 214
2018-04-18 10:41:14,440 [1]ERROR VideoRecordings.Program - 搜索条件id=25&status=0&start_date=2010-01-01&end_date=2018-04-18&start_time=0:00:00&end_time=23:59:59
2018-04-18 10:41:14,753 [1]ERROR Common.WebClinetHepler - GET异常->uri:http://192.168.1.198:16080/videos?id=25&status=0&start_date=2010-01-01&end_date=2018-04-18&start_time=0:00:00&end_time=23:59:59,exception:
System.Net.WebException: 远程服务器返回错误: (500) 内部服务器错误。
   在 System.Net.WebClient.DownloadDataInternal(Uri address, WebRequest& request)
   在 System.Net.WebClient.DownloadData(Uri address)
   在 System.Net.WebClient.DownloadData(String address)
   在 Common.WebClinetHepler.DownloadData(WebClient client, String uri, Int64& time, Byte[]& result) 位置 F:\接收\intedio_data_tools\Common\WebClinetHepler.cs:行号 214
2018-04-18 10:41:14,756 [1]ERROR VideoRecordings.Program - 搜索条件id=25&status=0&start_date=2010-01-01&end_date=2018-04-18&start_time=0:00:00&end_time=23:59:59
2018-04-18 10:41:14,912 [1]ERROR Common.WebClinetHepler - GET异常->uri:http://192.168.1.198:16080/videos?id=25&status=0&start_date=2010-01-01&end_date=2018-04-18&start_time=0:00:00&end_time=23:59:59,exception:
System.Net.WebException: 远程服务器返回错误: (500) 内部服务器错误。
   在 System.Net.WebClient.DownloadDataInternal(Uri address, WebRequest& request)
   在 System.Net.WebClient.DownloadData(Uri address)
   在 System.Net.WebClient.DownloadData(String address)
   在 Common.WebClinetHepler.DownloadData(WebClient client, String uri, Int64& time, Byte[]& result) 位置 F:\接收\intedio_data_tools\Common\WebClinetHepler.cs:行号 214
2018-04-18 10:41:14,917 [1]ERROR VideoRecordings.Program - 搜索条件id=25&status=0&start_date=2010-01-01&end_date=2018-04-18&start_time=0:00:00&end_time=23:59:59
2018-04-18 10:41:15,048 [1]ERROR Common.WebClinetHepler - GET异常->uri:http://192.168.1.198:16080/videos?id=25&status=0&start_date=2010-01-01&end_date=2018-04-18&start_time=0:00:00&end_time=23:59:59,exception:
System.Net.WebException: 远程服务器返回错误: (500) 内部服务器错误。
   在 System.Net.WebClient.DownloadDataInternal(Uri address, WebRequest& request)
   在 System.Net.WebClient.DownloadData(Uri address)
   在 System.Net.WebClient.DownloadData(String address)
   在 Common.WebClinetHepler.DownloadData(WebClient client, String uri, Int64& time, Byte[]& result) 位置 F:\接收\intedio_data_tools\Common\WebClinetHepler.cs:行号 214
2018-04-18 10:41:15,051 [1]ERROR VideoRecordings.Program - 搜索条件id=25&status=0&start_date=2010-01-01&end_date=2018-04-18&start_time=0:00:00&end_time=23:59:59
2018-04-18 10:41:18,342 [1]ERROR Common.WebClinetHepler - GET异常->uri:http://192.168.1.198:16080/videos?id=25&start_date=2010-01-01&end_date=2018-04-18&start_time=0:00:00&end_time=23:59:59,exception:
System.Net.WebException: 远程服务器返回错误: (500) 内部服务器错误。
   在 System.Net.WebClient.DownloadDataInternal(Uri address, WebRequest& request)
   在 System.Net.WebClient.DownloadData(Uri address)
   在 System.Net.WebClient.DownloadData(String address)
   在 Common.WebClinetHepler.DownloadData(WebClient client, String uri, Int64& time, Byte[]& result) 位置 F:\接收\intedio_data_tools\Common\WebClinetHepler.cs:行号 214
2018-04-18 10:41:18,345 [1]ERROR VideoRecordings.Program - 搜索条件id=25&start_date=2010-01-01&end_date=2018-04-18&start_time=0:00:00&end_time=23:59:59
2018-04-18 10:41:18,566 [1]ERROR Common.WebClinetHepler - GET异常->uri:http://192.168.1.198:16080/videos?id=25&start_date=2010-01-01&end_date=2018-04-18&start_time=0:00:00&end_time=23:59:59,exception:
System.Net.WebException: 远程服务器返回错误: (500) 内部服务器错误。
   在 System.Net.WebClient.DownloadDataInternal(Uri address, WebRequest& request)
   在 System.Net.WebClient.DownloadData(Uri address)
   在 System.Net.WebClient.DownloadData(String address)
   在 Common.WebClinetHepler.DownloadData(WebClient client, String uri, Int64& time, Byte[]& result) 位置 F:\接收\intedio_data_tools\Common\WebClinetHepler.cs:行号 214
2018-04-18 10:41:18,569 [1]ERROR VideoRecordings.Program - 搜索条件id=25&start_date=2010-01-01&end_date=2018-04-18&start_time=0:00:00&end_time=23:59:59
2018-04-18 10:41:18,717 [1]ERROR Common.WebClinetHepler - GET异常->uri:http://192.168.1.198:16080/videos?id=25&start_date=2010-01-01&end_date=2018-04-18&start_time=0:00:00&end_time=23:59:59,exception:
System.Net.WebException: 远程服务器返回错误: (500) 内部服务器错误。
   在 System.Net.WebClient.DownloadDataInternal(Uri address, WebRequest& request)
   在 System.Net.WebClient.DownloadData(Uri address)
   在 System.Net.WebClient.DownloadData(String address)
   在 Common.WebClinetHepler.DownloadData(WebClient client, String uri, Int64& time, Byte[]& result) 位置 F:\接收\intedio_data_tools\Common\WebClinetHepler.cs:行号 214
2018-04-18 10:41:18,721 [1]ERROR VideoRecordings.Program - 搜索条件id=25&start_date=2010-01-01&end_date=2018-04-18&start_time=0:00:00&end_time=23:59:59
2018-04-18 10:41:23,238 [1]ERROR VideoRecordings.Program - 获取http://192.168.1.198:16080/videos信息
System.Exception: 获取成功
2018-04-18 10:41:23,270 [1]ERROR VideoRecordings.Program - 清空F:\源码\VideoRecordings\VideoRecordings\bin\Debug\ScreenCapture
2018-04-18 10:41:24,439 [1]ERROR VideoRecordings.Program - 清空F:\源码\VideoRecordings\VideoRecordings\bin\Debug\ScreenCapture
2018-04-18 10:41:24,750 [1]ERROR VideoRecordings.Program - 清空F:\源码\VideoRecordings\VideoRecordings\bin\Debug\ScreenCapture
2018-04-18 10:41:34,060 [1]ERROR Common.WebClinetHepler - GET异常->uri:http://192.168.1.198:16080/videos?id=5593&status=0&start_date=2010-01-01&end_date=2018-04-18&start_time=0:00:00&end_time=23:59:59,exception:
System.Net.WebException: 远程服务器返回错误: (500) 内部服务器错误。
   在 System.Net.WebClient.DownloadDataInternal(Uri address, WebRequest& request)
   在 System.Net.WebClient.DownloadData(Uri address)
   在 System.Net.WebClient.DownloadData(String address)
   在 Common.WebClinetHepler.DownloadData(WebClient client, String uri, Int64& time, Byte[]& result) 位置 F:\接收\intedio_data_tools\Common\WebClinetHepler.cs:行号 214
2018-04-18 10:41:34,064 [1]ERROR VideoRecordings.Program - 搜索条件id=5593&status=0&start_date=2010-01-01&end_date=2018-04-18&start_time=0:00:00&end_time=23:59:59
2018-04-18 10:41:34,550 [1]ERROR Common.WebClinetHepler - GET异常->uri:http://192.168.1.198:16080/videos?id=5593&status=0&start_date=2010-01-01&end_date=2018-04-18&start_time=0:00:00&end_time=23:59:59,exception:
System.Net.WebException: 远程服务器返回错误: (500) 内部服务器错误。
   在 System.Net.WebClient.DownloadDataInternal(Uri address, WebRequest& request)
   在 System.Net.WebClient.DownloadData(Uri address)
   在 System.Net.WebClient.DownloadData(String address)
   在 Common.WebClinetHepler.DownloadData(WebClient client, String uri, Int64& time, Byte[]& result) 位置 F:\接收\intedio_data_tools\Common\WebClinetHepler.cs:行号 214
2018-04-18 10:41:34,558 [1]ERROR VideoRecordings.Program - 搜索条件id=5593&status=0&start_date=2010-01-01&end_date=2018-04-18&start_time=0:00:00&end_time=23:59:59
2018-04-18 10:41:34,717 [1]ERROR Common.WebClinetHepler - GET异常->uri:http://192.168.1.198:16080/videos?id=5593&status=0&start_date=2010-01-01&end_date=2018-04-18&start_time=0:00:00&end_time=23:59:59,exception:
System.Net.WebException: 远程服务器返回错误: (500) 内部服务器错误。
   在 System.Net.WebClient.DownloadDataInternal(Uri address, WebRequest& request)
   在 System.Net.WebClient.DownloadData(Uri address)
   在 System.Net.WebClient.DownloadData(String address)
   在 Common.WebClinetHepler.DownloadData(WebClient client, String uri, Int64& time, Byte[]& result) 位置 F:\接收\intedio_data_tools\Common\WebClinetHepler.cs:行号 214
2018-04-18 10:41:34,721 [1]ERROR VideoRecordings.Program - 搜索条件id=5593&status=0&start_date=2010-01-01&end_date=2018-04-18&start_time=0:00:00&end_time=23:59:59
2018-04-18 10:41:34,871 [1]ERROR Common.WebClinetHepler - GET异常->uri:http://192.168.1.198:16080/videos?id=5593&status=0&start_date=2010-01-01&end_date=2018-04-18&start_time=0:00:00&end_time=23:59:59,exception:
System.Net.WebException: 远程服务器返回错误: (500) 内部服务器错误。
   在 System.Net.WebClient.DownloadDataInternal(Uri address, WebRequest& request)
   在 System.Net.WebClient.DownloadData(Uri address)
   在 System.Net.WebClient.DownloadData(String address)
   在 Common.WebClinetHepler.DownloadData(WebClient client, String uri, Int64& time, Byte[]& result) 位置 F:\接收\intedio_data_tools\Common\WebClinetHepler.cs:行号 214
2018-04-18 10:41:34,874 [1]ERROR VideoRecordings.Program - 搜索条件id=5593&status=0&start_date=2010-01-01&end_date=2018-04-18&start_time=0:00:00&end_time=23:59:59
2018-04-18 10:41:41,386 [1]ERROR Common.WebClinetHepler - GET异常->uri:http://192.168.1.198:16080/videos?status=0&start_date=2010-01-01&end_date=2018-04-18&start_time=0:00:00&end_time=23:59:59&label[]=[126],exception:
System.Net.WebException: 远程服务器返回错误: (500) 内部服务器错误。
   在 System.Net.WebClient.DownloadDataInternal(Uri address, WebRequest& request)
   在 System.Net.WebClient.DownloadData(Uri address)
   在 System.Net.WebClient.DownloadData(String address)
   在 Common.WebClinetHepler.DownloadData(WebClient client, String uri, Int64& time, Byte[]& result) 位置 F:\接收\intedio_data_tools\Common\WebClinetHepler.cs:行号 214
2018-04-18 10:41:41,390 [1]ERROR VideoRecordings.Program - 搜索条件status=0&start_date=2010-01-01&end_date=2018-04-18&start_time=0:00:00&end_time=23:59:59&label[]=[126]
2018-04-18 10:41:41,863 [1]ERROR Common.WebClinetHepler - GET异常->uri:http://192.168.1.198:16080/videos?status=0&start_date=2010-01-01&end_date=2018-04-18&start_time=0:00:00&end_time=23:59:59&label[]=[126],exception:
System.Net.WebException: 远程服务器返回错误: (500) 内部服务器错误。
   在 System.Net.WebClient.DownloadDataInternal(Uri address, WebRequest& request)
   在 System.Net.WebClient.DownloadData(Uri address)
   在 System.Net.WebClient.DownloadData(String address)
   在 Common.WebClinetHepler.DownloadData(WebClient client, String uri, Int64& time, Byte[]& result) 位置 F:\接收\intedio_data_tools\Common\WebClinetHepler.cs:行号 214
2018-04-18 10:41:41,866 [1]ERROR VideoRecordings.Program - 搜索条件status=0&start_date=2010-01-01&end_date=2018-04-18&start_time=0:00:00&end_time=23:59:59&label[]=[126]
2018-04-18 10:43:29,775 [1]ERROR VideoRecordings.Program - 获取http://192.168.1.198:18080/videos信息
System.Exception: 获取成功
2018-04-18 10:43:29,826 [1]ERROR VideoRecordings.Program - 清空F:\源码\VideoRecordings\VideoRecordings\bin\Debug\ScreenCapture
2018-04-18 10:43:31,601 [1]ERROR VideoRecordings.Program - 清空F:\源码\VideoRecordings\VideoRecordings\bin\Debug\ScreenCapture
2018-04-18 10:43:32,184 [1]ERROR VideoRecordings.Program - 清空F:\源码\VideoRecordings\VideoRecordings\bin\Debug\ScreenCapture
2018-04-18 10:43:33,216 [1]ERROR VideoRecordings.Program - 清空F:\源码\VideoRecordings\VideoRecordings\bin\Debug\ScreenCapture
2018-04-18 10:43:33,834 [1]ERROR VideoRecordings.Program - 清空F:\源码\VideoRecordings\VideoRecordings\bin\Debug\ScreenCapture
2018-04-18 10:43:35,203 [1]ERROR VideoRecordings.Program - 打开\\192.168.1.158\msdata\人车物-视频资料\大华园区\SP0001-视频结构化-浙江杭州大华园区-非机动车及行人多-2017052220170523-已跑\2017-05-22-已跑\A楼17层上监控_室外#9_20170522080000_20170522090000.dav
System.Exception: 打开成功
2018-04-18 10:43:39,589 [1]ERROR VideoRecordings.Program - 获取http://192.168.1.198:18080/videos信息
System.Exception: 获取成功
2018-04-18 10:43:45,907 [1]ERROR VideoRecordings.Program - 搜索条件status=0&recorded=1&start_date=2010-01-01&end_date=2018-04-18&start_time=0:00:00&end_time=23:59:59
2018-04-18 10:43:48,188 [1]ERROR VideoRecordings.Program - 搜索条件id=25&status=0&recorded=1&start_date=2010-01-01&end_date=2018-04-18&start_time=0:00:00&end_time=23:59:59
2018-04-18 10:43:58,850 [1]ERROR VideoRecordings.Program - 获取http://192.168.1.198:18080/videos信息
System.Exception: 获取成功
2018-04-18 10:43:58,887 [1]ERROR VideoRecordings.Program - 清空F:\源码\VideoRecordings\VideoRecordings\bin\Debug\ScreenCapture
2018-04-18 10:44:07,525 [1]ERROR VideoRecordings.Program - 搜索条件status=0&recorded=1&start_date=2010-01-01&end_date=2018-04-18&start_time=0:00:00&end_time=23:59:59
2018-04-18 10:44:17,665 [1]ERROR Common.WebClinetHepler - POST异常->uri:http://192.168.1.198:18080/video/4786/snapshots,exception:
System.Net.WebException: 远程服务器返回错误: (500) 内部服务器错误。
   在 System.Net.WebClient.UploadDataInternal(Uri address, String method, Byte[] data, WebRequest& request)
   在 System.Net.WebClient.UploadData(Uri address, String method, Byte[] data)
   在 System.Net.WebClient.UploadData(String address, String method, Byte[] data)
   在 Common.WebClinetHepler.UploadData(WebClient client, String uri, Byte[] data, String method, Int64& time, Byte[]& result) 位置 F:\接收\intedio_data_tools\Common\WebClinetHepler.cs:行号 259
2018-04-18 10:44:19,912 [1]ERROR VideoRecordings.Program - 搜索条件status=0&recorded=1&start_date=2010-01-01&end_date=2018-04-18&start_time=0:00:00&end_time=23:59:59
2018-04-18 10:44:30,182 [1]ERROR VideoRecordings.Program - 搜索条件status=0&recorded=1&start_date=2010-01-01&end_date=2018-04-18&start_time=0:00:00&end_time=23:59:59
2018-04-18 10:47:00,473 [1]ERROR VideoRecordings.Program - 搜索条件status=0&recorded=1&start_date=2010-01-01&end_date=2018-04-18&start_time=0:00:00&end_time=23:59:59
2018-04-18 10:48:29,720 [1]ERROR VideoRecordings.Program - 搜索条件id=4788&status=0&recorded=1&start_date=2010-01-01&end_date=2018-04-18&start_time=0:00:00&end_time=23:59:59
2018-04-18 10:48:34,481 [1]ERROR VideoRecordings.Program - 搜索条件status=0&recorded=1&start_date=2010-01-01&end_date=2018-04-18&start_time=0:00:00&end_time=23:59:59
2018-04-18 10:48:40,877 [1]ERROR VideoRecordings.Program - 搜索条件id=4789&status=0&recorded=1&start_date=2010-01-01&end_date=2018-04-18&start_time=0:00:00&end_time=23:59:59
2018-04-18 10:48:46,064 [1]ERROR VideoRecordings.Program - 搜索条件id=4788&status=0&recorded=1&start_date=2010-01-01&end_date=2018-04-18&start_time=0:00:00&end_time=23:59:59
2018-04-18 10:48:48,539 [1]ERROR VideoRecordings.Program - 搜索条件id=25&status=0&recorded=1&start_date=2010-01-01&end_date=2018-04-18&start_time=0:00:00&end_time=23:59:59
2018-04-18 10:50:32,293 [1]ERROR VideoRecordings.Program - 获取http://192.168.1.198:18080/videos信息
System.Exception: 获取成功
2018-04-18 10:50:32,354 [1]ERROR VideoRecordings.Program - 清空F:\源码\VideoRecordings\VideoRecordings\bin\Debug\ScreenCapture
2018-04-18 10:50:33,279 [1]ERROR VideoRecordings.Program - 清空F:\源码\VideoRecordings\VideoRecordings\bin\Debug\ScreenCapture
2018-04-18 10:50:35,546 [1]ERROR VideoRecordings.Program - 打开\\192.168.1.158\msdata\人车物-视频资料\大华园区\SP0011-视频结构化-浙江杭州大华园区-非机动车及行人多-20170525\A楼17层上监控_室外#6_20170525113000_20170525123000.dav
System.Exception: 打开成功
2018-04-18 10:50:39,594 [1]ERROR VideoRecordings.Program - 获取http://192.168.1.198:18080/videos信息
System.Exception: 获取成功
2018-04-18 10:50:40,799 [1]ERROR VideoRecordings.Program - 清空F:\源码\VideoRecordings\VideoRecordings\bin\Debug\ScreenCapture
2018-04-18 10:50:41,823 [1]ERROR VideoRecordings.Program - 清空F:\源码\VideoRecordings\VideoRecordings\bin\Debug\ScreenCapture
2018-04-18 10:50:43,495 [1]ERROR VideoRecordings.Program - 清空F:\源码\VideoRecordings\VideoRecordings\bin\Debug\ScreenCapture
2018-04-18 10:50:44,238 [1]ERROR VideoRecordings.Program - 清空F:\源码\VideoRecordings\VideoRecordings\bin\Debug\ScreenCapture
2018-04-18 10:50:47,609 [1]ERROR VideoRecordings.Program - 搜索条件status=0&recorded=1&start_date=2010-01-01&end_date=2018-04-18&start_time=0:00:00&end_time=23:59:59
2018-04-18 10:51:14,847 [1]ERROR VideoRecordings.Program - 获取http://192.168.1.198:18080/videos信息
System.Exception: 获取成功
2018-04-18 10:51:14,901 [1]ERROR VideoRecordings.Program - 清空F:\源码\VideoRecordings\VideoRecordings\bin\Debug\ScreenCapture
2018-04-18 10:51:17,156 [1]ERROR VideoRecordings.Program - 获取http://192.168.1.198:18080/videos信息
System.Exception: 获取成功
2018-04-18 10:51:17,197 [1]ERROR VideoRecordings.Program - 清空F:\源码\VideoRecordings\VideoRecordings\bin\Debug\ScreenCapture
2018-04-18 10:51:18,472 [1]ERROR VideoRecordings.Program - 清空F:\源码\VideoRecordings\VideoRecordings\bin\Debug\ScreenCapture
2018-04-18 10:52:08,514 [1]ERROR VideoRecordings.Program - 获取http://192.168.1.198:18080/videos信息
System.Exception: 获取成功
2018-04-18 10:52:08,599 [1]ERROR VideoRecordings.Program - 清空F:\源码\VideoRecordings\VideoRecordings\bin\Debug\ScreenCapture
2018-04-18 10:52:08,693 [1]ERROR VideoRecordings.Program - 清空F:\源码\VideoRecordings\VideoRecordings\bin\Debug\ScreenCapture
2018-04-18 10:52:09,205 [1]ERROR VideoRecordings.Program - 打开\\192.168.1.198\iscdata\md2\SP0042-视频结构化-江夏-江夏视频-20170509\usb2\all-video\3\420115010013212777371_20170421180000_20170421183000.avi
System.Exception: 打开成功
2018-04-18 10:52:13,150 [1]ERROR VideoRecordings.Program - 打开\\192.168.1.198\iscdata\md2\SP0042-视频结构化-江夏-江夏视频-20170509\usb2\all-video\3\420115010013212777371_20170421180000_20170421183000.avi
System.Exception: 打开成功
2018-04-18 10:52:17,041 [1]ERROR Common.WebClinetHepler - POST异常->uri:http://192.168.1.198:18080/video/44/snapshots,exception:
System.Net.WebException: 远程服务器返回错误: (500) 内部服务器错误。
   在 System.Net.WebClient.UploadDataInternal(Uri address, String method, Byte[] data, WebRequest& request)
   在 System.Net.WebClient.UploadData(Uri address, String method, Byte[] data)
   在 System.Net.WebClient.UploadData(String address, String method, Byte[] data)
   在 Common.WebClinetHepler.UploadData(WebClient client, String uri, Byte[] data, String method, Int64& time, Byte[]& result) 位置 F:\接收\intedio_data_tools\Common\WebClinetHepler.cs:行号 259
2018-04-18 10:52:23,209 [1]ERROR VideoRecordings.Program - 获取http://192.168.1.198:18080/videos信息
System.Exception: 获取成功
2018-04-18 10:52:24,622 [1]ERROR VideoRecordings.Program - 清空F:\源码\VideoRecordings\VideoRecordings\bin\Debug\ScreenCapture
2018-04-18 10:52:25,279 [1]ERROR VideoRecordings.Program - 清空F:\源码\VideoRecordings\VideoRecordings\bin\Debug\ScreenCapture
2018-04-18 10:52:29,786 [1]ERROR VideoRecordings.Program - 清空F:\源码\VideoRecordings\VideoRecordings\bin\Debug\ScreenCapture
2018-04-18 10:52:30,218 [1]ERROR VideoRecordings.Program - 打开\\192.168.1.198\iscdata\md2\SP0042-视频结构化-江夏-江夏视频-20170509\usb2\all-video\4\420115010013214068131_20170421120000_20170421123000.avi
System.Exception: 打开成功
2018-04-18 10:52:48,937 [1]ERROR VideoRecordings.Program - 获取http://192.168.1.198:18080/videos信息
System.Exception: 获取成功
2018-04-18 10:52:54,788 [1]ERROR VideoRecordings.Program - 打开\\192.168.1.198\iscdata\md2\SP0042-视频结构化-江夏-江夏视频-20170509\usb2\all-video\4\420115010013214068131_20170421120000_20170421123000.avi
System.Exception: 打开成功
2018-04-18 10:53:09,138 [1]ERROR VideoRecordings.Program - 获取http://192.168.1.198:18080/videos信息
System.Exception: 获取成功
2018-04-18 10:53:12,734 [1]ERROR VideoRecordings.Program - 清空F:\源码\VideoRecordings\VideoRecordings\bin\Debug\ScreenCapture
2018-04-18 10:53:13,137 [1]ERROR VideoRecordings.Program - 打开\\192.168.1.198\iscdata\md2\SP0042-视频结构化-江夏-江夏视频-20170509\usb2\all-video\3\420115010013212777371_20170421150000_20170421153000.avi
System.Exception: 打开成功
2018-04-18 10:53:16,436 [1]ERROR Common.WebClinetHepler - POST异常->uri:http://192.168.1.198:18080/video/51/snapshots,exception:
System.Net.WebException: 远程服务器返回错误: (500) 内部服务器错误。
   在 System.Net.WebClient.UploadDataInternal(Uri address, String method, Byte[] data, WebRequest& request)
   在 System.Net.WebClient.UploadData(Uri address, String method, Byte[] data)
   在 System.Net.WebClient.UploadData(String address, String method, Byte[] data)
   在 Common.WebClinetHepler.UploadData(WebClient client, String uri, Byte[] data, String method, Int64& time, Byte[]& result) 位置 F:\接收\intedio_data_tools\Common\WebClinetHepler.cs:行号 259
2018-04-18 10:53:17,807 [1]ERROR VideoRecordings.Program - 获取http://192.168.1.198:18080/videos信息
System.Exception: 获取成功
2018-04-18 11:13:04,690 [1]ERROR VideoRecordings.Program - 获取http://192.168.1.198:18080/videos信息
System.Exception: 获取成功
2018-04-18 11:13:04,736 [1]ERROR VideoRecordings.Program - 清空F:\源码\VideoRecordings\VideoRecordings\bin\Debug\ScreenCapture
2018-04-18 11:13:05,987 [1]ERROR VideoRecordings.Program - 清空F:\源码\VideoRecordings\VideoRecordings\bin\Debug\ScreenCapture
2018-04-18 11:13:06,924 [1]ERROR VideoRecordings.Program - 打开\\192.168.1.198\iscdata\md3\视频\其它软件平台录屏\SP0121-录屏-海康-海康平台录屏-20180102\Video_2017-12-25_182057.wmv
System.Exception: 打开成功
2018-04-18 11:13:13,017 [1]ERROR VideoRecordings.Program - 获取http://192.168.1.198:18080/videos信息
System.Exception: 获取成功
2018-04-18 11:13:15,073 [1]ERROR VideoRecordings.Program - 清空F:\源码\VideoRecordings\VideoRecordings\bin\Debug\ScreenCapture
2018-04-18 11:13:15,354 [1]ERROR VideoRecordings.Program - 清空F:\源码\VideoRecordings\VideoRecordings\bin\Debug\ScreenCapture
2018-04-18 14:47:21,394 [1]ERROR VideoRecordings.Program - 搜索条件status=0&recorded=1&start_date=2010-01-01&end_date=2018-04-18&start_time=0:00:00&end_time=23:59:59&label[]=[107]
2018-04-18 14:47:24,318 [1]ERROR VideoRecordings.Program - 搜索条件status=0&recorded=1&start_date=2010-01-01&end_date=2018-04-18&start_time=0:00:00&end_time=23:59:59
2018-04-18 14:48:58,062 [1]ERROR VideoRecordings.Program - 搜索条件status=0&recorded=1&start_date=2010-01-01&end_date=2018-04-18&start_time=0:00:00&end_time=23:59:59&label[]=[105]
2018-04-18 14:49:02,467 [1]ERROR VideoRecordings.Program - 搜索条件status=0&recorded=1&start_date=2010-01-01&end_date=2018-04-18&start_time=0:00:00&end_time=23:59:59&label[]=[107]
2018-04-18 14:49:04,349 [1]ERROR VideoRecordings.Program - 搜索条件status=0&recorded=1&start_date=2010-01-01&end_date=2018-04-18&start_time=0:00:00&end_time=23:59:59&label[]=[107]
2018-04-18 14:49:06,413 [1]ERROR VideoRecordings.Program - 搜索条件status=0&recorded=1&start_date=2010-01-01&end_date=2018-04-18&start_time=0:00:00&end_time=23:59:59
2018-04-18 14:49:32,786 [1]ERROR VideoRecordings.Program - 搜索条件status=0&recorded=1&start_date=2010-01-01&end_date=2018-04-18&start_time=0:00:00&end_time=23:59:59&label[]=[106]
2018-04-18 14:49:36,388 [1]ERROR VideoRecordings.Program - 搜索条件status=0&recorded=1&start_date=2010-01-01&end_date=2018-04-18&start_time=0:00:00&end_time=23:59:59&label[]=[104]
2018-04-18 14:49:41,804 [1]ERROR VideoRecordings.Program - 搜索条件project_name=SP0156&status=0&recorded=1&start_date=2010-01-01&end_date=2018-04-18&start_time=0:00:00&end_time=23:59:59&label[]=[104]
2018-04-18 14:49:41,835 [1]ERROR VideoRecordings.Program - 搜索条件project_name=SP0156&status=0&recorded=1&start_date=2010-01-01&end_date=2018-04-18&start_time=0:00:00&end_time=23:59:59&label[]=[104]
2018-04-18 14:49:45,577 [1]ERROR VideoRecordings.Program - 搜索条件project_name=SP0001&status=0&recorded=1&start_date=2010-01-01&end_date=2018-04-18&start_time=0:00:00&end_time=23:59:59&label[]=[104]
2018-04-18 14:49:45,608 [1]ERROR VideoRecordings.Program - 搜索条件project_name=SP0001&status=0&recorded=1&start_date=2010-01-01&end_date=2018-04-18&start_time=0:00:00&end_time=23:59:59&label[]=[104]
2018-04-18 14:49:50,618 [1]ERROR VideoRecordings.Program - 搜索条件project_name=SP0121&status=0&recorded=1&start_date=2010-01-01&end_date=2018-04-18&start_time=0:00:00&end_time=23:59:59&label[]=[104]
2018-04-18 14:49:50,649 [1]ERROR VideoRecordings.Program - 搜索条件project_name=SP0121&status=0&recorded=1&start_date=2010-01-01&end_date=2018-04-18&start_time=0:00:00&end_time=23:59:59&label[]=[104]
2018-04-18 14:49:56,158 [1]ERROR VideoRecordings.Program - 搜索条件project_name=SP0152&status=0&recorded=1&start_date=2010-01-01&end_date=2018-04-18&start_time=0:00:00&end_time=23:59:59&label[]=[104]
2018-04-18 14:49:56,182 [1]ERROR VideoRecordings.Program - 搜索条件project_name=SP0152&status=0&recorded=1&start_date=2010-01-01&end_date=2018-04-18&start_time=0:00:00&end_time=23:59:59&label[]=[104]
2018-04-18 14:50:02,297 [1]ERROR VideoRecordings.Program - 搜索条件project_name=SP0152&status=0&recorded=1&start_date=2010-01-01&end_date=2018-04-18&start_time=0:00:00&end_time=23:59:59
2018-04-18 14:50:05,889 [1]ERROR VideoRecordings.Program - 搜索条件project_name=SP0121&status=0&recorded=1&start_date=2010-01-01&end_date=2018-04-18&start_time=0:00:00&end_time=23:59:59
2018-04-18 14:50:05,904 [1]ERROR VideoRecordings.Program - 搜索条件project_name=SP0121&status=0&recorded=1&start_date=2010-01-01&end_date=2018-04-18&start_time=0:00:00&end_time=23:59:59
2018-04-18 18:09:17,349 [1]ERROR VideoRecordings.Program - 获取http://192.168.1.198:18080/videos信息
System.Exception: 获取成功
2018-04-18 18:09:17,411 [1]ERROR VideoRecordings.Program - 清空F:\源码\VideoRecordings\VideoRecordings\bin\Debug\ScreenCapture
2018-04-18 18:09:19,155 [1]ERROR VideoRecordings.Program - 清空F:\源码\VideoRecordings\VideoRecordings\bin\Debug\ScreenCapture
2018-04-18 18:09:20,819 [1]ERROR VideoRecordings.Program - 获取http://192.168.1.198:18080/videos信息
System.Exception: 获取成功
2018-04-18 18:09:20,866 [1]ERROR VideoRecordings.Program - 清空F:\源码\VideoRecordings\VideoRecordings\bin\Debug\ScreenCapture
2018-04-18 18:09:22,396 [1]ERROR VideoRecordings.Program - 清空F:\源码\VideoRecordings\VideoRecordings\bin\Debug\ScreenCapture
2018-04-18 18:09:22,974 [1]ERROR VideoRecordings.Program - 打开\\192.168.1.158\msdata\人车物-视频资料\大华园区\SP0001-视频结构化-浙江杭州大华园区-非机动车及行人多-2017052220170523-已跑\2017-05-23-已跑\A楼17层上监控_室外#6_20170523113000_20170523123000.dav
System.Exception: 打开成功
2018-04-18 18:09:44,056 [1]ERROR VideoRecordings.Program - 获取http://192.168.1.198:18080/videos信息
System.Exception: 获取成功
2018-04-18 18:09:44,106 [1]ERROR VideoRecordings.Program - 清空F:\源码\VideoRecordings\VideoRecordings\bin\Debug\ScreenCapture
2018-04-18 18:09:45,274 [1]ERROR VideoRecordings.Program - 清空F:\源码\VideoRecordings\VideoRecordings\bin\Debug\ScreenCapture
2018-04-18 18:09:45,783 [1]ERROR VideoRecordings.Program - 打开\\192.168.1.158\msdata\人车物-视频资料\大华园区\SP0001-视频结构化-浙江杭州大华园区-非机动车及行人多-2017052220170523-已跑\2017-05-23-已跑\A楼17层上监控_室外#5_20170523080000_20170523090000.dav
System.Exception: 打开成功
2018-04-18 18:10:08,499 [1]ERROR VideoRecordings.Program - 获取http://192.168.1.198:18080/videos信息
System.Exception: 获取成功
2018-04-18 18:10:08,545 [1]ERROR VideoRecordings.Program - 清空F:\源码\VideoRecordings\VideoRecordings\bin\Debug\ScreenCapture
2018-04-18 18:10:09,623 [1]ERROR VideoRecordings.Program - 清空F:\源码\VideoRecordings\VideoRecordings\bin\Debug\ScreenCapture
2018-04-18 18:10:10,140 [1]ERROR VideoRecordings.Program - 打开\\192.168.1.158\msdata\人车物-视频资料\大华园区\SP0001-视频结构化-浙江杭州大华园区-非机动车及行人多-2017052220170523-已跑\2017-05-23-已跑\A楼17层上监控_室外#5_20170523173000_20170523183000.dav
System.Exception: 打开成功
2018-04-18 18:10:11,881 [1]ERROR VideoRecordings.Program - 清空F:\源码\VideoRecordings\VideoRecordings\bin\Debug\ScreenCapture
2018-04-18 18:10:12,302 [1]ERROR VideoRecordings.Program - 打开\\192.168.1.158\msdata\人车物-视频资料\大华园区\SP0001-视频结构化-浙江杭州大华园区-非机动车及行人多-2017052220170523-已跑\2017-05-23-已跑\A楼17层上监控_室外#6_20170523113000_20170523123000.dav
System.Exception: 打开成功
2018-04-18 18:10:29,642 [1]ERROR VideoRecordings.Program - 获取http://192.168.1.198:18080/videos信息
System.Exception: 获取成功
2018-04-18 18:10:29,689 [1]ERROR VideoRecordings.Program - 清空F:\源码\VideoRecordings\VideoRecordings\bin\Debug\ScreenCapture
2018-04-18 18:10:30,607 [1]ERROR VideoRecordings.Program - 清空F:\源码\VideoRecordings\VideoRecordings\bin\Debug\ScreenCapture
2018-04-18 18:10:31,175 [1]ERROR VideoRecordings.Program - 打开\\192.168.1.158\msdata\人车物-视频资料\大华园区\SP0001-视频结构化-浙江杭州大华园区-非机动车及行人多-2017052220170523-已跑\2017-05-23-已跑\A楼17层上监控_室外#6_20170523113000_20170523123000.dav
System.Exception: 打开成功
2018-04-18 18:11:18,955 [1]ERROR VideoRecordings.Program - 获取http://192.168.1.198:18080/videos信息
System.Exception: 获取成功
2018-04-18 18:11:19,002 [1]ERROR VideoRecordings.Program - 清空F:\源码\VideoRecordings\VideoRecordings\bin\Debug\ScreenCapture
2018-04-18 18:11:20,420 [1]ERROR VideoRecordings.Program - 清空F:\源码\VideoRecordings\VideoRecordings\bin\Debug\ScreenCapture
2018-04-18 18:11:21,317 [1]ERROR VideoRecordings.Program - 打开\\192.168.1.158\msdata\人车物-视频资料\大华园区\SP0001-视频结构化-浙江杭州大华园区-非机动车及行人多-2017052220170523-已跑\2017-05-23-已跑\A楼17层上监控_室外#5_20170523080000_20170523090000.dav
System.Exception: 打开成功
2018-04-18 18:13:15,686 [1]ERROR VideoRecordings.Program - 获取http://192.168.1.198:18080/videos信息
System.Exception: 获取成功
2018-04-18 18:13:15,737 [1]ERROR VideoRecordings.Program - 清空F:\源码\VideoRecordings\VideoRecordings\bin\Debug\ScreenCapture
2018-04-18 18:13:17,427 [1]ERROR VideoRecordings.Program - 清空F:\源码\VideoRecordings\VideoRecordings\bin\Debug\ScreenCapture
2018-04-18 18:13:17,947 [1]ERROR VideoRecordings.Program - 打开\\192.168.1.158\msdata\人车物-视频资料\大华园区\SP0001-视频结构化-浙江杭州大华园区-非机动车及行人多-2017052220170523-已跑\2017-05-23-已跑\A楼17层上监控_室外#5_20170523080000_20170523090000.dav
System.Exception: 打开成功
2018-04-18 18:14:11,912 [1]ERROR VideoRecordings.Program - 获取http://192.168.1.198:18080/videos信息
System.Exception: 获取成功
2018-04-18 18:14:11,966 [1]ERROR VideoRecordings.Program - 清空F:\源码\VideoRecordings\VideoRecordings\bin\Debug\ScreenCapture
2018-04-18 18:14:12,957 [1]ERROR VideoRecordings.Program - 清空F:\源码\VideoRecordings\VideoRecordings\bin\Debug\ScreenCapture
2018-04-18 18:14:13,523 [1]ERROR VideoRecordings.Program - 打开\\192.168.1.158\msdata\人车物-视频资料\大华园区\SP0001-视频结构化-浙江杭州大华园区-非机动车及行人多-2017052220170523-已跑\2017-05-23-已跑\A楼17层上监控_室外#5_20170523080000_20170523090000.dav
System.Exception: 打开成功
2018-04-18 18:14:39,980 [1]ERROR VideoRecordings.Program - 获取http://192.168.1.198:18080/videos信息
System.Exception: 获取成功
2018-04-18 18:14:40,040 [1]ERROR VideoRecordings.Program - 清空F:\源码\VideoRecordings\VideoRecordings\bin\Debug\ScreenCapture
2018-04-18 18:14:41,462 [1]ERROR VideoRecordings.Program - 清空F:\源码\VideoRecordings\VideoRecordings\bin\Debug\ScreenCapture
2018-04-18 18:14:42,009 [1]ERROR VideoRecordings.Program - 打开\\192.168.1.158\msdata\人车物-视频资料\大华园区\SP0001-视频结构化-浙江杭州大华园区-非机动车及行人多-2017052220170523-已跑\2017-05-23-已跑\A楼17层上监控_室外#5_20170523080000_20170523090000.dav
System.Exception: 打开成功
2018-04-18 18:15:38,724 [1]ERROR VideoRecordings.Program - 获取http://192.168.1.198:18080/videos信息
System.Exception: 获取成功
2018-04-18 18:15:38,771 [1]ERROR VideoRecordings.Program - 清空F:\源码\VideoRecordings\VideoRecordings\bin\Debug\ScreenCapture
2018-04-18 18:15:40,532 [1]ERROR VideoRecordings.Program - 清空F:\源码\VideoRecordings\VideoRecordings\bin\Debug\ScreenCapture
2018-04-18 18:15:41,055 [1]ERROR VideoRecordings.Program - 打开\\192.168.1.158\msdata\人车物-视频资料\大华园区\SP0001-视频结构化-浙江杭州大华园区-非机动车及行人多-2017052220170523-已跑\2017-05-23-已跑\A楼17层上监控_室外#5_20170523080000_20170523090000.dav
System.Exception: 打开成功
2018-04-18 18:15:45,889 [1]ERROR VideoRecordings.Program - 搜索条件status=0&recorded=1&start_date=2010-01-01&end_date=2018-04-18&start_time=0:00:00&end_time=23:59:59
2018-04-18 18:16:24,382 [1]ERROR VideoRecordings.Program - 获取http://192.168.1.198:18080/videos信息
System.Exception: 获取成功
2018-04-18 18:16:24,436 [1]ERROR VideoRecordings.Program - 清空F:\源码\VideoRecordings\VideoRecordings\bin\Debug\ScreenCapture
2018-04-18 18:16:25,333 [1]ERROR VideoRecordings.Program - 清空F:\源码\VideoRecordings\VideoRecordings\bin\Debug\ScreenCapture
2018-04-18 18:16:26,233 [1]ERROR VideoRecordings.Program - 打开\\192.168.1.158\msdata\人车物-视频资料\大华园区\SP0001-视频结构化-浙江杭州大华园区-非机动车及行人多-2017052220170523-已跑\2017-05-23-已跑\A楼17层上监控_室外#5_20170523080000_20170523090000.dav
System.Exception: 打开成功
2018-04-18 18:20:11,337 [1]ERROR VideoRecordings.Program - 搜索条件status=0&recorded=1&start_date=2010-01-01&end_date=2018-04-18&start_time=0:00:00&end_time=23:59:59
2018-04-18 18:20:51,698 [1]ERROR VideoRecordings.Program - 获取http://192.168.1.198:18080/videos信息
System.Exception: 获取成功
2018-04-18 18:20:51,813 [1]ERROR VideoRecordings.Program - 清空F:\源码\VideoRecordings\VideoRecordings\bin\Debug\ScreenCapture
2018-04-18 18:20:53,225 [1]ERROR VideoRecordings.Program - 清空F:\源码\VideoRecordings\VideoRecordings\bin\Debug\ScreenCapture
2018-04-18 18:20:53,805 [1]ERROR VideoRecordings.Program - 打开\\192.168.1.198\iscdata\md2\SP0042-视频结构化-江夏-江夏视频-20170509\usb2\all-video\3\420115010013212777371_20170421153000_20170421160000.avi
System.Exception: 打开成功
2018-04-18 18:21:02,230 [1]ERROR VideoRecordings.Program - 搜索条件status=0&recorded=1&start_date=2010-01-01&end_date=2018-04-18&start_time=0:00:00&end_time=23:59:59
2018-04-18 18:21:48,190 [1]ERROR VideoRecordings.Program - 获取http://192.168.1.198:18080/videos信息
System.Exception: 获取成功
2018-04-18 18:21:48,252 [1]ERROR VideoRecordings.Program - 清空F:\源码\VideoRecordings\VideoRecordings\bin\Debug\ScreenCapture
2018-04-18 18:21:52,335 [1]ERROR VideoRecordings.Program - 获取http://192.168.1.198:18080/videos信息
System.Exception: 获取成功
2018-04-18 18:21:52,366 [1]ERROR VideoRecordings.Program - 清空F:\源码\VideoRecordings\VideoRecordings\bin\Debug\ScreenCapture
2018-04-18 18:21:53,489 [1]ERROR VideoRecordings.Program - 清空F:\源码\VideoRecordings\VideoRecordings\bin\Debug\ScreenCapture
2018-04-18 18:21:54,036 [1]ERROR VideoRecordings.Program - 打开\\192.168.1.158\msdata\人车物-视频资料\大华园区\SP0001-视频结构化-浙江杭州大华园区-非机动车及行人多-2017052220170523-已跑\2017-05-23-已跑\A楼17层上监控_室外#6_20170523113000_20170523123000.dav
System.Exception: 打开成功
2018-04-18 18:25:24,646 [1]ERROR VideoRecordings.Program - 获取http://192.168.1.198:18080/videos信息
System.Exception: 获取成功
2018-04-18 18:25:24,706 [1]ERROR VideoRecordings.Program - 清空F:\源码\VideoRecordings\VideoRecordings\bin\Debug\ScreenCapture
2018-04-18 18:25:25,758 [1]ERROR VideoRecordings.Program - 清空F:\源码\VideoRecordings\VideoRecordings\bin\Debug\ScreenCapture
2018-04-18 18:25:26,636 [1]ERROR VideoRecordings.Program - 打开\\192.168.1.158\msdata\人车物-视频资料\大华园区\SP0001-视频结构化-浙江杭州大华园区-非机动车及行人多-2017052220170523-已跑\2017-05-23-已跑\A楼17层上监控_室外#6_20170523113000_20170523123000.dav
System.Exception: 打开成功
2018-04-18 18:26:12,522 [1]ERROR VideoRecordings.Program - 获取http://192.168.1.198:18080/videos信息
System.Exception: 获取成功
2018-04-18 18:26:12,572 [1]ERROR VideoRecordings.Program - 清空F:\源码\VideoRecordings\VideoRecordings\bin\Debug\ScreenCapture
2018-04-18 18:26:14,695 [1]ERROR VideoRecordings.Program - 打开\\192.168.1.158\msdata\人车物-视频资料\大华园区\SP0001-视频结构化-浙江杭州大华园区-非机动车及行人多-2017052220170523-已跑\2017-05-23-已跑\A楼17层上监控_室外#4_20170523173000_20170523183000.dav
System.Exception: 打开成功
2018-04-18 18:26:26,265 [1]ERROR VideoRecordings.Program - 清空F:\源码\VideoRecordings\VideoRecordings\bin\Debug\ScreenCapture
2018-04-18 18:26:26,681 [1]ERROR VideoRecordings.Program - 打开\\192.168.1.158\msdata\人车物-视频资料\大华园区\SP0001-视频结构化-浙江杭州大华园区-非机动车及行人多-2017052220170523-已跑\2017-05-23-已跑\A楼17层上监控_室外#6_20170523173000_20170523183000.dav
System.Exception: 打开成功
2018-04-18 18:26:52,716 [1]ERROR VideoRecordings.Program - 获取http://192.168.1.198:18080/videos信息
System.Exception: 获取成功
2018-04-18 18:26:52,774 [1]ERROR VideoRecordings.Program - 清空F:\源码\VideoRecordings\VideoRecordings\bin\Debug\ScreenCapture
2018-04-18 18:26:53,841 [1]ERROR VideoRecordings.Program - 清空F:\源码\VideoRecordings\VideoRecordings\bin\Debug\ScreenCapture
2018-04-18 18:26:54,402 [1]ERROR VideoRecordings.Program - 打开\\192.168.1.158\msdata\人车物-视频资料\大华园区\SP0001-视频结构化-浙江杭州大华园区-非机动车及行人多-2017052220170523-已跑\2017-05-23-已跑\A楼17层上监控_室外#5_20170523080000_20170523090000.dav
System.Exception: 打开成功
2018-04-18 18:27:16,085 [1]ERROR VideoRecordings.Program - 获取http://192.168.1.198:18080/videos信息
System.Exception: 获取成功
2018-04-18 18:27:16,143 [1]ERROR VideoRecordings.Program - 清空F:\源码\VideoRecordings\VideoRecordings\bin\Debug\ScreenCapture
2018-04-18 18:27:17,693 [1]ERROR VideoRecordings.Program - 清空F:\源码\VideoRecordings\VideoRecordings\bin\Debug\ScreenCapture
2018-04-18 18:27:18,286 [1]ERROR VideoRecordings.Program - 打开\\192.168.1.158\msdata\人车物-视频资料\大华园区\SP0001-视频结构化-浙江杭州大华园区-非机动车及行人多-2017052220170523-已跑\2017-05-23-已跑\A楼17层上监控_室外#6_20170523113000_20170523123000.dav
System.Exception: 打开成功
2018-04-18 18:27:28,566 [1]ERROR VideoRecordings.Program - 搜索条件status=0&recorded=1&start_date=2010-01-01&end_date=2018-04-18&start_time=0:00:00&end_time=23:59:59
