2018-07-20 09:44:55,299 [1]ERROR VideoRecordings.Program - 获取http://192.168.1.198:16080/videos信息
System.Exception: 获取成功
2018-07-20 09:44:57,195 [1]ERROR VideoRecordings.Program - 清空F:\源码\VideoRecordings\VideoRecordings\bin\Debug\ScreenCapture
2018-07-20 09:44:57,996 [1]ERROR VideoRecordings.Program - 清空F:\源码\VideoRecordings\VideoRecordings\bin\Debug\ScreenCapture
2018-07-20 09:44:58,676 [1]ERROR VideoRecordings.Program - 清空F:\源码\VideoRecordings\VideoRecordings\bin\Debug\ScreenCapture
2018-07-20 09:44:59,677 [1]ERROR VideoRecordings.Program - 清空F:\源码\VideoRecordings\VideoRecordings\bin\Debug\ScreenCapture
2018-07-20 09:45:00,133 [1]ERROR VideoRecordings.Program - 清空F:\源码\VideoRecordings\VideoRecordings\bin\Debug\ScreenCapture
2018-07-20 09:45:00,740 [1]ERROR VideoRecordings.Program - 清空F:\源码\VideoRecordings\VideoRecordings\bin\Debug\ScreenCapture
2018-07-20 09:45:02,497 [1]ERROR VideoRecordings.Program - 清空F:\源码\VideoRecordings\VideoRecordings\bin\Debug\ScreenCapture
2018-07-20 09:45:04,514 [1]ERROR VideoRecordings.Program - 清空F:\源码\VideoRecordings\VideoRecordings\bin\Debug\ScreenCapture
2018-07-20 09:45:07,784 [1]ERROR VideoRecordings.Program - 清空F:\源码\VideoRecordings\VideoRecordings\bin\Debug\ScreenCapture
2018-07-20 09:45:08,371 [1]ERROR VideoRecordings.Program - 清空F:\源码\VideoRecordings\VideoRecordings\bin\Debug\ScreenCapture
2018-07-20 09:49:08,555 [1]ERROR VideoRecordings.Program - 获取http://192.168.1.198:16080/videos信息
System.Exception: 获取成功
2018-07-20 09:49:10,967 [1]ERROR VideoRecordings.Program - 清空F:\源码\VideoRecordings\VideoRecordings\bin\Debug\ScreenCapture
2018-07-20 09:49:11,547 [1]ERROR VideoRecordings.Program - 清空F:\源码\VideoRecordings\VideoRecordings\bin\Debug\ScreenCapture
2018-07-20 09:49:12,197 [1]ERROR VideoRecordings.Program - 清空F:\源码\VideoRecordings\VideoRecordings\bin\Debug\ScreenCapture
2018-07-20 09:49:12,745 [1]ERROR VideoRecordings.Program - 清空F:\源码\VideoRecordings\VideoRecordings\bin\Debug\ScreenCapture
2018-07-20 09:49:13,805 [1]ERROR VideoRecordings.Program - 清空F:\源码\VideoRecordings\VideoRecordings\bin\Debug\ScreenCapture
2018-07-20 09:49:23,760 [1]ERROR VideoRecordings.Program - 清空F:\源码\VideoRecordings\VideoRecordings\bin\Debug\ScreenCapture
2018-07-20 09:49:26,750 [1]ERROR VideoRecordings.Program - 清空F:\源码\VideoRecordings\VideoRecordings\bin\Debug\ScreenCapture
2018-07-20 09:49:26,784 [1]ERROR VideoRecordings.Program - 清空F:\源码\VideoRecordings\VideoRecordings\bin\Debug\ScreenCapture
2018-07-20 09:49:27,002 [1]ERROR VideoRecordings.Program - 清空F:\源码\VideoRecordings\VideoRecordings\bin\Debug\ScreenCapture
2018-07-20 09:49:27,032 [1]ERROR VideoRecordings.Program - 清空F:\源码\VideoRecordings\VideoRecordings\bin\Debug\ScreenCapture
2018-07-20 09:49:27,218 [1]ERROR VideoRecordings.Program - 清空F:\源码\VideoRecordings\VideoRecordings\bin\Debug\ScreenCapture
2018-07-20 09:49:27,281 [1]ERROR VideoRecordings.Program - 清空F:\源码\VideoRecordings\VideoRecordings\bin\Debug\ScreenCapture
2018-07-20 09:49:27,406 [1]ERROR VideoRecordings.Program - 清空F:\源码\VideoRecordings\VideoRecordings\bin\Debug\ScreenCapture
2018-07-20 09:49:27,473 [1]ERROR VideoRecordings.Program - 清空F:\源码\VideoRecordings\VideoRecordings\bin\Debug\ScreenCapture
2018-07-20 09:49:27,599 [1]ERROR VideoRecordings.Program - 清空F:\源码\VideoRecordings\VideoRecordings\bin\Debug\ScreenCapture
2018-07-20 09:49:27,665 [1]ERROR VideoRecordings.Program - 清空F:\源码\VideoRecordings\VideoRecordings\bin\Debug\ScreenCapture
2018-07-20 09:49:27,795 [1]ERROR VideoRecordings.Program - 清空F:\源码\VideoRecordings\VideoRecordings\bin\Debug\ScreenCapture
2018-07-20 09:49:27,872 [1]ERROR VideoRecordings.Program - 清空F:\源码\VideoRecordings\VideoRecordings\bin\Debug\ScreenCapture
2018-07-20 09:49:28,301 [1]ERROR VideoRecordings.Program - 清空F:\源码\VideoRecordings\VideoRecordings\bin\Debug\ScreenCapture
2018-07-20 09:49:28,354 [1]ERROR VideoRecordings.Program - 清空F:\源码\VideoRecordings\VideoRecordings\bin\Debug\ScreenCapture
2018-07-20 09:49:28,666 [1]ERROR VideoRecordings.Program - 清空F:\源码\VideoRecordings\VideoRecordings\bin\Debug\ScreenCapture
2018-07-20 09:49:28,713 [1]ERROR VideoRecordings.Program - 清空F:\源码\VideoRecordings\VideoRecordings\bin\Debug\ScreenCapture
2018-07-20 09:49:28,921 [1]ERROR VideoRecordings.Program - 清空F:\源码\VideoRecordings\VideoRecordings\bin\Debug\ScreenCapture
2018-07-20 09:49:28,996 [1]ERROR VideoRecordings.Program - 清空F:\源码\VideoRecordings\VideoRecordings\bin\Debug\ScreenCapture
2018-07-20 09:49:29,270 [1]ERROR VideoRecordings.Program - 清空F:\源码\VideoRecordings\VideoRecordings\bin\Debug\ScreenCapture
2018-07-20 09:49:29,353 [1]ERROR VideoRecordings.Program - 清空F:\源码\VideoRecordings\VideoRecordings\bin\Debug\ScreenCapture
2018-07-20 09:49:34,196 [1]ERROR VideoRecordings.Program - 获取http://192.168.1.198:16080/videos信息
System.Exception: 获取成功
2018-07-20 09:49:34,218 [1]ERROR VideoRecordings.Program - 清空F:\源码\VideoRecordings\VideoRecordings\bin\Debug\ScreenCapture
2018-07-20 09:49:35,670 [1]ERROR VideoRecordings.Program - 清空F:\源码\VideoRecordings\VideoRecordings\bin\Debug\ScreenCapture
2018-07-20 09:49:48,832 [1]ERROR VideoRecordings.Program - 获取http://192.168.1.198:16080/videos信息
System.Exception: 获取成功
2018-07-20 09:50:04,927 [1]ERROR VideoRecordings.Program - 清空F:\源码\VideoRecordings\VideoRecordings\bin\Debug\ScreenCapture
2018-07-20 09:50:05,947 [1]ERROR VideoRecordings.Program - 清空F:\源码\VideoRecordings\VideoRecordings\bin\Debug\ScreenCapture
2018-07-20 09:50:06,297 [1]ERROR VideoRecordings.Program - 清空F:\源码\VideoRecordings\VideoRecordings\bin\Debug\ScreenCapture
2018-07-20 09:50:45,602 [1]ERROR VideoRecordings.Program - 清空F:\源码\VideoRecordings\VideoRecordings\bin\Debug\ScreenCapture
2018-07-20 09:50:46,790 [1]ERROR VideoRecordings.Program - 清空F:\源码\VideoRecordings\VideoRecordings\bin\Debug\ScreenCapture
2018-07-20 09:50:47,290 [1]ERROR VideoRecordings.Program - 清空F:\源码\VideoRecordings\VideoRecordings\bin\Debug\ScreenCapture
2018-07-20 09:50:48,521 [1]ERROR VideoRecordings.Program - 清空F:\源码\VideoRecordings\VideoRecordings\bin\Debug\ScreenCapture
2018-07-20 09:50:49,342 [1]ERROR VideoRecordings.Program - 清空F:\源码\VideoRecordings\VideoRecordings\bin\Debug\ScreenCapture
2018-07-20 09:50:50,210 [1]ERROR VideoRecordings.Program - 清空F:\源码\VideoRecordings\VideoRecordings\bin\Debug\ScreenCapture
2018-07-20 09:50:51,315 [1]ERROR VideoRecordings.Program - 清空F:\源码\VideoRecordings\VideoRecordings\bin\Debug\ScreenCapture
2018-07-20 09:50:52,120 [1]ERROR VideoRecordings.Program - 清空F:\源码\VideoRecordings\VideoRecordings\bin\Debug\ScreenCapture
2018-07-20 09:50:53,346 [1]ERROR VideoRecordings.Program - 清空F:\源码\VideoRecordings\VideoRecordings\bin\Debug\ScreenCapture
2018-07-20 09:50:53,976 [1]ERROR VideoRecordings.Program - 清空F:\源码\VideoRecordings\VideoRecordings\bin\Debug\ScreenCapture
2018-07-20 09:51:01,801 [1]ERROR VideoRecordings.Program - 获取http://192.168.1.198:16080/videos信息
System.Exception: 获取成功
2018-07-20 09:51:17,356 [1]ERROR VideoRecordings.Program - 搜索条件status=0&recorded=1&start_date=2010-01-01&end_date=2018-07-20&start_time=0:00:00&end_time=23:59:59&label[]=[137]
2018-07-20 09:51:33,740 [1]ERROR VideoRecordings.Program - 获取http://192.168.1.198:16080/videos信息
System.Exception: 获取成功
2018-07-20 09:51:37,414 [1]ERROR VideoRecordings.Program - 获取http://192.168.1.198:16080/videos信息
System.Exception: 获取成功
2018-07-20 09:51:38,470 [1]ERROR VideoRecordings.Program - 清空F:\源码\VideoRecordings\VideoRecordings\bin\Debug\ScreenCapture
2018-07-20 09:51:40,805 [1]ERROR VideoRecordings.Program - 清空F:\源码\VideoRecordings\VideoRecordings\bin\Debug\ScreenCapture
2018-07-20 09:52:11,666 [1]ERROR VideoRecordings.Program - 清空F:\源码\VideoRecordings\VideoRecordings\bin\Debug\ScreenCapture
2018-07-20 09:52:12,357 [1]ERROR VideoRecordings.Program - 清空F:\源码\VideoRecordings\VideoRecordings\bin\Debug\ScreenCapture
2018-07-20 09:52:15,276 [1]ERROR VideoRecordings.Program - 清空F:\源码\VideoRecordings\VideoRecordings\bin\Debug\ScreenCapture
2018-07-20 09:52:15,934 [1]ERROR VideoRecordings.Program - 清空F:\源码\VideoRecordings\VideoRecordings\bin\Debug\ScreenCapture
2018-07-20 09:52:17,103 [1]ERROR VideoRecordings.Program - 清空F:\源码\VideoRecordings\VideoRecordings\bin\Debug\ScreenCapture
2018-07-20 09:52:17,853 [1]ERROR VideoRecordings.Program - 清空F:\源码\VideoRecordings\VideoRecordings\bin\Debug\ScreenCapture
2018-07-20 09:52:18,122 [1]ERROR VideoRecordings.Program - 清空F:\源码\VideoRecordings\VideoRecordings\bin\Debug\ScreenCapture
2018-07-20 09:52:18,758 [1]ERROR VideoRecordings.Program - 清空F:\源码\VideoRecordings\VideoRecordings\bin\Debug\ScreenCapture
2018-07-20 09:52:20,919 [1]ERROR VideoRecordings.Program - 清空F:\源码\VideoRecordings\VideoRecordings\bin\Debug\ScreenCapture
2018-07-20 09:52:29,428 [1]ERROR VideoRecordings.Program - 清空F:\源码\VideoRecordings\VideoRecordings\bin\Debug\ScreenCapture
2018-07-20 09:52:29,820 [1]ERROR VideoRecordings.Program - 清空F:\源码\VideoRecordings\VideoRecordings\bin\Debug\ScreenCapture
2018-07-20 09:52:30,172 [1]ERROR VideoRecordings.Program - 清空F:\源码\VideoRecordings\VideoRecordings\bin\Debug\ScreenCapture
2018-07-20 09:52:30,530 [1]ERROR VideoRecordings.Program - 清空F:\源码\VideoRecordings\VideoRecordings\bin\Debug\ScreenCapture
2018-07-20 09:52:30,955 [1]ERROR VideoRecordings.Program - 清空F:\源码\VideoRecordings\VideoRecordings\bin\Debug\ScreenCapture
2018-07-20 09:52:31,228 [1]ERROR VideoRecordings.Program - 清空F:\源码\VideoRecordings\VideoRecordings\bin\Debug\ScreenCapture
2018-07-20 09:52:31,557 [1]ERROR VideoRecordings.Program - 清空F:\源码\VideoRecordings\VideoRecordings\bin\Debug\ScreenCapture
2018-07-20 09:52:31,979 [1]ERROR VideoRecordings.Program - 清空F:\源码\VideoRecordings\VideoRecordings\bin\Debug\ScreenCapture
2018-07-20 09:52:32,292 [1]ERROR VideoRecordings.Program - 清空F:\源码\VideoRecordings\VideoRecordings\bin\Debug\ScreenCapture
2018-07-20 09:52:32,627 [1]ERROR VideoRecordings.Program - 清空F:\源码\VideoRecordings\VideoRecordings\bin\Debug\ScreenCapture
2018-07-20 09:52:32,923 [1]ERROR VideoRecordings.Program - 清空F:\源码\VideoRecordings\VideoRecordings\bin\Debug\ScreenCapture
2018-07-20 09:52:33,412 [1]ERROR VideoRecordings.Program - 清空F:\源码\VideoRecordings\VideoRecordings\bin\Debug\ScreenCapture
2018-07-20 09:52:33,676 [1]ERROR VideoRecordings.Program - 清空F:\源码\VideoRecordings\VideoRecordings\bin\Debug\ScreenCapture
2018-07-20 09:52:33,955 [1]ERROR VideoRecordings.Program - 清空F:\源码\VideoRecordings\VideoRecordings\bin\Debug\ScreenCapture
2018-07-20 09:52:34,196 [1]ERROR VideoRecordings.Program - 清空F:\源码\VideoRecordings\VideoRecordings\bin\Debug\ScreenCapture
2018-07-20 09:52:34,539 [1]ERROR VideoRecordings.Program - 清空F:\源码\VideoRecordings\VideoRecordings\bin\Debug\ScreenCapture
2018-07-20 09:52:35,775 [1]ERROR VideoRecordings.Program - 清空F:\源码\VideoRecordings\VideoRecordings\bin\Debug\ScreenCapture
2018-07-20 09:52:36,026 [1]ERROR VideoRecordings.Program - 清空F:\源码\VideoRecordings\VideoRecordings\bin\Debug\ScreenCapture
2018-07-20 09:52:36,308 [1]ERROR VideoRecordings.Program - 清空F:\源码\VideoRecordings\VideoRecordings\bin\Debug\ScreenCapture
2018-07-20 09:52:37,260 [1]ERROR VideoRecordings.Program - 清空F:\源码\VideoRecordings\VideoRecordings\bin\Debug\ScreenCapture
2018-07-20 09:52:38,087 [1]ERROR VideoRecordings.Program - 清空F:\源码\VideoRecordings\VideoRecordings\bin\Debug\ScreenCapture
2018-07-20 09:52:38,675 [1]ERROR VideoRecordings.Program - 清空F:\源码\VideoRecordings\VideoRecordings\bin\Debug\ScreenCapture
2018-07-20 09:53:02,296 [1]ERROR VideoRecordings.Program - 清空F:\源码\VideoRecordings\VideoRecordings\bin\Debug\ScreenCapture
2018-07-20 10:19:00,950 [1]ERROR VideoRecordings.Program - 获取http://192.168.1.198:16080/videos信息
System.Exception: 获取成功
2018-07-20 10:23:28,682 [1]ERROR VideoRecordings.Program - 获取http://192.168.1.198:16080/videos信息
System.Exception: 获取成功
2018-07-20 10:23:30,911 [1]ERROR VideoRecordings.Program - 清空F:\源码\VideoRecordings\VideoRecordings\bin\Debug\ScreenCapture
2018-07-20 10:25:23,442 [1]ERROR VideoRecordings.Program - 获取http://192.168.1.198:16080/videos信息
System.Exception: 获取成功
2018-07-20 10:25:25,037 [1]ERROR VideoRecordings.Program - 清空F:\源码\VideoRecordings\VideoRecordings\bin\Debug\ScreenCapture
2018-07-20 10:25:25,779 [1]ERROR VideoRecordings.Program - 清空F:\源码\VideoRecordings\VideoRecordings\bin\Debug\ScreenCapture
2018-07-20 10:25:26,528 [1]ERROR VideoRecordings.Program - 清空F:\源码\VideoRecordings\VideoRecordings\bin\Debug\ScreenCapture
2018-07-20 10:25:27,385 [1]ERROR VideoRecordings.Program - 清空F:\源码\VideoRecordings\VideoRecordings\bin\Debug\ScreenCapture
2018-07-20 10:25:28,659 [1]ERROR VideoRecordings.Program - 清空F:\源码\VideoRecordings\VideoRecordings\bin\Debug\ScreenCapture
2018-07-20 10:25:29,130 [1]ERROR VideoRecordings.Program - 清空F:\源码\VideoRecordings\VideoRecordings\bin\Debug\ScreenCapture
2018-07-20 10:25:31,187 [1]ERROR VideoRecordings.Program - 清空F:\源码\VideoRecordings\VideoRecordings\bin\Debug\ScreenCapture
2018-07-20 10:25:33,759 [1]ERROR VideoRecordings.Program - 清空F:\源码\VideoRecordings\VideoRecordings\bin\Debug\ScreenCapture
2018-07-20 10:25:42,605 [1]ERROR VideoRecordings.Program - 清空F:\源码\VideoRecordings\VideoRecordings\bin\Debug\ScreenCapture
2018-07-20 10:26:05,872 [1]ERROR VideoRecordings.Program - 清空F:\源码\VideoRecordings\VideoRecordings\bin\Debug\ScreenCapture
2018-07-20 10:26:05,957 [1]ERROR VideoRecordings.Program - 清空F:\源码\VideoRecordings\VideoRecordings\bin\Debug\ScreenCapture
2018-07-20 10:26:07,409 [1]ERROR VideoRecordings.Program - 清空F:\源码\VideoRecordings\VideoRecordings\bin\Debug\ScreenCapture
2018-07-20 10:26:07,462 [1]ERROR VideoRecordings.Program - 清空F:\源码\VideoRecordings\VideoRecordings\bin\Debug\ScreenCapture
2018-07-20 10:26:12,332 [1]ERROR VideoRecordings.Program - 清空F:\源码\VideoRecordings\VideoRecordings\bin\Debug\ScreenCapture
2018-07-20 10:26:14,859 [1]ERROR VideoRecordings.Program - 清空F:\源码\VideoRecordings\VideoRecordings\bin\Debug\ScreenCapture
2018-07-20 10:26:24,509 [1]ERROR VideoRecordings.Program - 清空F:\源码\VideoRecordings\VideoRecordings\bin\Debug\ScreenCapture
2018-07-20 10:26:34,359 [1]ERROR VideoRecordings.Program - 清空F:\源码\VideoRecordings\VideoRecordings\bin\Debug\ScreenCapture
2018-07-20 10:26:43,675 [1]ERROR VideoRecordings.Program - 清空F:\源码\VideoRecordings\VideoRecordings\bin\Debug\ScreenCapture
2018-07-20 10:27:00,469 [1]ERROR VideoRecordings.Program - 清空F:\源码\VideoRecordings\VideoRecordings\bin\Debug\ScreenCapture
2018-07-20 10:27:00,515 [1]ERROR VideoRecordings.Program - 清空F:\源码\VideoRecordings\VideoRecordings\bin\Debug\ScreenCapture
2018-07-20 10:27:01,806 [1]ERROR VideoRecordings.Program - 清空F:\源码\VideoRecordings\VideoRecordings\bin\Debug\ScreenCapture
2018-07-20 10:27:04,645 [1]ERROR VideoRecordings.Program - 清空F:\源码\VideoRecordings\VideoRecordings\bin\Debug\ScreenCapture
2018-07-20 10:27:10,748 [1]ERROR VideoRecordings.Program - 清空F:\源码\VideoRecordings\VideoRecordings\bin\Debug\ScreenCapture
2018-07-20 10:27:11,540 [1]ERROR VideoRecordings.Program - 清空F:\源码\VideoRecordings\VideoRecordings\bin\Debug\ScreenCapture
2018-07-20 10:27:47,565 [1]ERROR VideoRecordings.Program - 获取http://192.168.1.198:16080/videos信息
System.Exception: 获取成功
2018-07-20 10:30:17,085 [1]ERROR VideoRecordings.Program - 获取http://192.168.1.198:16080/videos信息
System.Exception: 获取成功
2018-07-20 10:31:11,533 [1]ERROR VideoRecordings.Program - 清空F:\源码\VideoRecordings\VideoRecordings\bin\Debug\ScreenCapture
2018-07-20 10:31:13,390 [1]ERROR VideoRecordings.Program - 清空F:\源码\VideoRecordings\VideoRecordings\bin\Debug\ScreenCapture
2018-07-20 10:31:22,810 [1]ERROR VideoRecordings.Program - 清空F:\源码\VideoRecordings\VideoRecordings\bin\Debug\ScreenCapture
2018-07-20 10:31:26,108 [1]ERROR VideoRecordings.Program - 清空F:\源码\VideoRecordings\VideoRecordings\bin\Debug\ScreenCapture
2018-07-20 10:40:54,715 [1]ERROR VideoRecordings.Program - 搜索条件status=0&recorded=1&start_date=2010-01-01&end_date=2018-07-20&start_time=0:00:00&end_time=23:59:59&label[]=[137]
2018-07-20 10:42:07,193 [1]ERROR VideoRecordings.Program - 获取http://192.168.1.198:16080/videos信息
System.Exception: 获取成功
2018-07-20 10:42:08,182 [1]ERROR VideoRecordings.Program - 清空F:\源码\VideoRecordings\VideoRecordings\bin\Debug\ScreenCapture
2018-07-20 10:42:08,241 [1]ERROR VideoRecordings.Program - 清空F:\源码\VideoRecordings\VideoRecordings\bin\Debug\ScreenCapture
2018-07-20 10:42:08,565 [1]ERROR VideoRecordings.Program - 清空F:\源码\VideoRecordings\VideoRecordings\bin\Debug\ScreenCapture
2018-07-20 10:43:51,377 [1]ERROR VideoRecordings.Program - 清空F:\源码\VideoRecordings\VideoRecordings\bin\Debug\ScreenCapture
2018-07-20 10:43:51,389 [1]ERROR VideoRecordings.Program - 清空F:\源码\VideoRecordings\VideoRecordings\bin\Debug\ScreenCapture
2018-07-20 10:43:51,757 [1]ERROR VideoRecordings.Program - 清空F:\源码\VideoRecordings\VideoRecordings\bin\Debug\ScreenCapture
2018-07-20 10:43:51,818 [1]ERROR VideoRecordings.Program - 清空F:\源码\VideoRecordings\VideoRecordings\bin\Debug\ScreenCapture
2018-07-20 16:03:31,523 [1]ERROR VideoRecordings.Program - 获取http://192.168.1.198:16080/videos信息
System.Exception: 获取成功
2018-07-20 16:03:37,016 [1]ERROR VideoRecordings.Program - 清空F:\源码\VideoRecordings\VideoRecordings\bin\Debug\ScreenCapture
2018-07-20 16:03:39,217 [1]ERROR VideoRecordings.Program - 清空F:\源码\VideoRecordings\VideoRecordings\bin\Debug\ScreenCapture
2018-07-20 16:03:39,347 [1]ERROR VideoRecordings.Program - 清空F:\源码\VideoRecordings\VideoRecordings\bin\Debug\ScreenCapture
2018-07-20 16:03:40,947 [1]ERROR VideoRecordings.Program - 清空F:\源码\VideoRecordings\VideoRecordings\bin\Debug\ScreenCapture
2018-07-20 16:04:52,807 [1]ERROR VideoRecordings.Program - 获取http://192.168.1.198:16080/videos信息
System.Exception: 获取成功
2018-07-20 16:04:53,967 [1]ERROR VideoRecordings.Program - 清空F:\源码\VideoRecordings\VideoRecordings\bin\Debug\ScreenCapture
2018-07-20 16:04:53,978 [1]ERROR VideoRecordings.Program - 清空F:\源码\VideoRecordings\VideoRecordings\bin\Debug\ScreenCapture
2018-07-20 16:04:54,696 [1]ERROR VideoRecordings.Program - 清空F:\源码\VideoRecordings\VideoRecordings\bin\Debug\ScreenCapture
2018-07-20 16:04:54,756 [1]ERROR VideoRecordings.Program - 清空F:\源码\VideoRecordings\VideoRecordings\bin\Debug\ScreenCapture
2018-07-20 16:04:55,896 [1]ERROR VideoRecordings.Program - 清空F:\源码\VideoRecordings\VideoRecordings\bin\Debug\ScreenCapture
2018-07-20 16:04:55,969 [1]ERROR VideoRecordings.Program - 清空F:\源码\VideoRecordings\VideoRecordings\bin\Debug\ScreenCapture
2018-07-20 16:04:56,546 [1]ERROR VideoRecordings.Program - 清空F:\源码\VideoRecordings\VideoRecordings\bin\Debug\ScreenCapture
2018-07-20 16:04:56,609 [1]ERROR VideoRecordings.Program - 清空F:\源码\VideoRecordings\VideoRecordings\bin\Debug\ScreenCapture
2018-07-20 16:04:57,224 [1]ERROR VideoRecordings.Program - 清空F:\源码\VideoRecordings\VideoRecordings\bin\Debug\ScreenCapture
2018-07-20 16:04:57,289 [1]ERROR VideoRecordings.Program - 清空F:\源码\VideoRecordings\VideoRecordings\bin\Debug\ScreenCapture
2018-07-20 16:04:58,262 [1]ERROR VideoRecordings.Program - 清空F:\源码\VideoRecordings\VideoRecordings\bin\Debug\ScreenCapture
2018-07-20 16:04:58,520 [1]ERROR VideoRecordings.Program - 清空F:\源码\VideoRecordings\VideoRecordings\bin\Debug\ScreenCapture
2018-07-20 16:04:59,112 [1]ERROR VideoRecordings.Program - 清空F:\源码\VideoRecordings\VideoRecordings\bin\Debug\ScreenCapture
2018-07-20 16:04:59,388 [1]ERROR VideoRecordings.Program - 清空F:\源码\VideoRecordings\VideoRecordings\bin\Debug\ScreenCapture
2018-07-20 16:04:59,705 [1]ERROR VideoRecordings.Program - 清空F:\源码\VideoRecordings\VideoRecordings\bin\Debug\ScreenCapture
2018-07-20 16:05:01,111 [1]ERROR VideoRecordings.Program - 清空F:\源码\VideoRecordings\VideoRecordings\bin\Debug\ScreenCapture
2018-07-20 16:05:01,179 [1]ERROR VideoRecordings.Program - 清空F:\源码\VideoRecordings\VideoRecordings\bin\Debug\ScreenCapture
2018-07-20 16:05:03,166 [1]ERROR VideoRecordings.Program - 清空F:\源码\VideoRecordings\VideoRecordings\bin\Debug\ScreenCapture
2018-07-20 16:05:03,231 [1]ERROR VideoRecordings.Program - 清空F:\源码\VideoRecordings\VideoRecordings\bin\Debug\ScreenCapture
2018-07-20 16:05:04,094 [1]ERROR VideoRecordings.Program - 清空F:\源码\VideoRecordings\VideoRecordings\bin\Debug\ScreenCapture
2018-07-20 16:05:06,306 [1]ERROR VideoRecordings.Program - 获取http://192.168.1.198:16080/videos信息
System.Exception: 获取成功
2018-07-20 16:05:07,192 [1]ERROR VideoRecordings.Program - 清空F:\源码\VideoRecordings\VideoRecordings\bin\Debug\ScreenCapture
2018-07-20 16:05:07,201 [1]ERROR VideoRecordings.Program - 清空F:\源码\VideoRecordings\VideoRecordings\bin\Debug\ScreenCapture
2018-07-20 16:05:07,856 [1]ERROR VideoRecordings.Program - 清空F:\源码\VideoRecordings\VideoRecordings\bin\Debug\ScreenCapture
2018-07-20 16:05:07,898 [1]ERROR VideoRecordings.Program - 清空F:\源码\VideoRecordings\VideoRecordings\bin\Debug\ScreenCapture
2018-07-20 16:05:13,117 [1]ERROR VideoRecordings.Program - 清空F:\源码\VideoRecordings\VideoRecordings\bin\Debug\ScreenCapture
2018-07-20 16:05:14,256 [1]ERROR VideoRecordings.Program - 打开\\192.168.1.234\md5\视频\汉阳视频\SP0150-视频结构化-汉阳-行人-20180320\人脸较大\黄浦路站厅北扶梯2上行\420170080713200000041_20180317123000_20180317130000.avi
System.Exception: 打开成功
2018-07-20 16:05:21,850 [1]ERROR VideoRecordings.Program - 获取http://192.168.1.198:16080/videos信息
System.Exception: 获取成功
2018-07-20 16:05:22,796 [1]ERROR VideoRecordings.Program - 清空F:\源码\VideoRecordings\VideoRecordings\bin\Debug\ScreenCapture
2018-07-20 16:05:22,850 [1]ERROR VideoRecordings.Program - 清空F:\源码\VideoRecordings\VideoRecordings\bin\Debug\ScreenCapture
2018-07-20 16:05:23,245 [1]ERROR VideoRecordings.Program - 清空F:\源码\VideoRecordings\VideoRecordings\bin\Debug\ScreenCapture
2018-07-20 16:05:23,287 [1]ERROR VideoRecordings.Program - 清空F:\源码\VideoRecordings\VideoRecordings\bin\Debug\ScreenCapture
2018-07-20 16:05:24,282 [1]ERROR VideoRecordings.Program - 清空F:\源码\VideoRecordings\VideoRecordings\bin\Debug\ScreenCapture
2018-07-20 16:05:24,340 [1]ERROR VideoRecordings.Program - 清空F:\源码\VideoRecordings\VideoRecordings\bin\Debug\ScreenCapture
2018-07-20 16:05:25,110 [1]ERROR VideoRecordings.Program - 清空F:\源码\VideoRecordings\VideoRecordings\bin\Debug\ScreenCapture
2018-07-20 16:05:25,171 [1]ERROR VideoRecordings.Program - 清空F:\源码\VideoRecordings\VideoRecordings\bin\Debug\ScreenCapture
2018-07-20 16:05:28,540 [1]ERROR VideoRecordings.Program - 清空F:\源码\VideoRecordings\VideoRecordings\bin\Debug\ScreenCapture
2018-07-20 16:05:28,930 [1]ERROR VideoRecordings.Program - 打开\\192.168.1.234\md5\视频\黄石视频\SP0155-视频结构化-黄石-街道路口行人车辆混杂-20180326\19、黄石A00175(高枪)房产局路口(南)\2018-03-23\黄石A00175(高枪)房产局路口(南) 20180320-093006--20180320-094006.mp4
System.Exception: 打开成功
2018-07-20 16:06:18,702 [1]ERROR VideoRecordings.Program - 清空F:\源码\VideoRecordings\VideoRecordings\bin\Debug\ScreenCapture
2018-07-20 16:06:18,769 [1]ERROR VideoRecordings.Program - 清空F:\源码\VideoRecordings\VideoRecordings\bin\Debug\ScreenCapture
2018-07-20 16:06:19,108 [1]ERROR VideoRecordings.Program - 打开\\192.168.1.234\md5\视频\黄石视频\SP0155-视频结构化-黄石-街道路口行人车辆混杂-20180326\19、黄石A00175(高枪)房产局路口(南)\2018-03-23\黄石A00175(高枪)房产局路口(南) 20180320-083006--20180320-084006.mp4
System.Exception: 打开成功
2018-07-20 16:07:04,972 [1]ERROR VideoRecordings.Program - 清空F:\源码\VideoRecordings\VideoRecordings\bin\Debug\ScreenCapture
2018-07-20 16:07:05,055 [1]ERROR VideoRecordings.Program - 清空F:\源码\VideoRecordings\VideoRecordings\bin\Debug\ScreenCapture
2018-07-20 16:07:05,477 [1]ERROR VideoRecordings.Program - 打开\\192.168.1.234\md5\视频\黄石视频\SP0155-视频结构化-黄石-街道路口行人车辆混杂-20180326\19、黄石A00175(高枪)房产局路口(南)\2018-03-23\黄石A00175(高枪)房产局路口(南) 20180320-090006--20180320-091006.mp4
System.Exception: 打开成功
2018-07-20 16:07:10,511 [1]ERROR VideoRecordings.Program - 获取http://192.168.1.198:16080/videos信息
System.Exception: 获取成功
2018-07-20 16:07:11,263 [1]ERROR VideoRecordings.Program - 清空F:\源码\VideoRecordings\VideoRecordings\bin\Debug\ScreenCapture
2018-07-20 16:07:11,322 [1]ERROR VideoRecordings.Program - 清空F:\源码\VideoRecordings\VideoRecordings\bin\Debug\ScreenCapture
2018-07-20 16:07:12,062 [1]ERROR VideoRecordings.Program - 清空F:\源码\VideoRecordings\VideoRecordings\bin\Debug\ScreenCapture
2018-07-20 16:07:12,138 [1]ERROR VideoRecordings.Program - 清空F:\源码\VideoRecordings\VideoRecordings\bin\Debug\ScreenCapture
2018-07-20 16:07:12,554 [1]ERROR VideoRecordings.Program - 打开\\192.168.1.234\md5\视频\青岛视频\SP0157-视频结构化-青岛-海信PK数据-20180327\视频样本\1520293986.h264
System.Exception: 打开成功
2018-07-20 16:07:41,429 [1]ERROR VideoRecordings.Program - 获取http://192.168.1.198:16080/videos信息
System.Exception: 获取成功
2018-07-20 16:07:42,092 [1]ERROR VideoRecordings.Program - 清空F:\源码\VideoRecordings\VideoRecordings\bin\Debug\ScreenCapture
2018-07-20 16:07:42,138 [1]ERROR VideoRecordings.Program - 清空F:\源码\VideoRecordings\VideoRecordings\bin\Debug\ScreenCapture
2018-07-20 16:07:42,560 [1]ERROR VideoRecordings.Program - 打开\\192.168.1.234\md6\视频\沌口视频\SP0161-视频结构化-沌口-测试视频-20180410\100.120.18.6_2018-04-04_143614.ts
System.Exception: 打开成功
2018-07-20 16:07:57,428 [1]ERROR VideoRecordings.Program - 获取http://192.168.1.198:16080/videos信息
System.Exception: 获取成功
2018-07-20 16:07:58,398 [1]ERROR VideoRecordings.Program - 清空F:\源码\VideoRecordings\VideoRecordings\bin\Debug\ScreenCapture
2018-07-20 16:08:01,110 [1]ERROR VideoRecordings.Program - 清空F:\源码\VideoRecordings\VideoRecordings\bin\Debug\ScreenCapture
2018-07-20 16:08:01,401 [1]ERROR VideoRecordings.Program - 清空F:\源码\VideoRecordings\VideoRecordings\bin\Debug\ScreenCapture
2018-07-20 16:08:01,469 [1]ERROR VideoRecordings.Program - 清空F:\源码\VideoRecordings\VideoRecordings\bin\Debug\ScreenCapture
2018-07-20 16:08:01,854 [1]ERROR VideoRecordings.Program - 打开\\192.168.1.234\md6\视频\武汉视频\SP0162-视频结构化-武汉-烽火测试-20180331\省博物馆-梨园隧道（逆）_20180331090157_20180331092757.avi
System.Exception: 打开成功
2018-07-20 16:08:08,202 [1]ERROR VideoRecordings.Program - 获取http://192.168.1.198:16080/videos信息
System.Exception: 获取成功
2018-07-20 16:08:09,963 [1]ERROR VideoRecordings.Program - 清空F:\源码\VideoRecordings\VideoRecordings\bin\Debug\ScreenCapture
2018-07-20 16:08:09,974 [1]ERROR VideoRecordings.Program - 清空F:\源码\VideoRecordings\VideoRecordings\bin\Debug\ScreenCapture
2018-07-20 16:08:10,394 [1]ERROR VideoRecordings.Program - 打开\\192.168.1.234\md5\视频\桐乡视频\SP0143-视频结构化-桐乡-行人搜图（3.2-3.6）-20180313\城河路附近13个点3.2-3.6\1.258WT城河路鱼行街2电枪\205211001211800379-00010001-20180306150000-20180306160000-205211-01.nsf
System.Exception: 打开成功
2018-07-20 16:08:20,935 [1]ERROR VideoRecordings.Program - 清空F:\源码\VideoRecordings\VideoRecordings\bin\Debug\ScreenCapture
2018-07-20 16:08:20,996 [1]ERROR VideoRecordings.Program - 清空F:\源码\VideoRecordings\VideoRecordings\bin\Debug\ScreenCapture
2018-07-20 16:08:21,349 [1]ERROR VideoRecordings.Program - 清空F:\源码\VideoRecordings\VideoRecordings\bin\Debug\ScreenCapture
2018-07-20 16:08:21,733 [1]ERROR VideoRecordings.Program - 打开\\192.168.1.234\md5\视频\桐乡视频\SP0143-视频结构化-桐乡-行人搜图（3.2-3.6）-20180313\城河路附近13个点3.2-3.6\9.008WT宏远路城河路电枪\205211001211804231-00010001-20180304120000-20180304130000-205211-01.nsf
System.Exception: 打开成功
2018-07-20 16:08:26,063 [1]ERROR VideoRecordings.Program - 清空F:\源码\VideoRecordings\VideoRecordings\bin\Debug\ScreenCapture
2018-07-20 16:08:26,124 [1]ERROR VideoRecordings.Program - 清空F:\源码\VideoRecordings\VideoRecordings\bin\Debug\ScreenCapture
2018-07-20 16:08:26,992 [1]ERROR VideoRecordings.Program - 打开\\192.168.1.234\md5\视频\桐乡视频\SP0143-视频结构化-桐乡-行人搜图（3.2-3.6）-20180313\龙翔菜场五个点3.1-3.8\1.014LX菜场西路口电枪\205211001211802365-00010001-20180305073000-20180305083000-205211-01.nsf
System.Exception: 打开成功
2018-07-20 16:08:49,184 [1]ERROR VideoRecordings.Program - 清空F:\源码\VideoRecordings\VideoRecordings\bin\Debug\ScreenCapture
2018-07-20 16:08:49,254 [1]ERROR VideoRecordings.Program - 清空F:\源码\VideoRecordings\VideoRecordings\bin\Debug\ScreenCapture
2018-07-20 16:08:50,229 [1]ERROR VideoRecordings.Program - 打开\\192.168.1.234\md5\视频\桐乡视频\SP0143-视频结构化-桐乡-行人搜图（3.2-3.6）-20180313\龙翔菜场五个点3.1-3.8\3.008LX秀溪中路菜场和十中路口电枪\205211001211802367-00010001-20180301153000-20180301163000-205211-01.nsf
System.Exception: 打开成功
2018-07-20 16:09:05,316 [1]ERROR VideoRecordings.Program - 清空F:\源码\VideoRecordings\VideoRecordings\bin\Debug\ScreenCapture
2018-07-20 16:09:05,372 [1]ERROR VideoRecordings.Program - 清空F:\源码\VideoRecordings\VideoRecordings\bin\Debug\ScreenCapture
2018-07-20 16:09:06,144 [1]ERROR VideoRecordings.Program - 打开\\192.168.1.234\md5\视频\桐乡视频\SP0143-视频结构化-桐乡-行人搜图（3.2-3.6）-20180313\龙翔菜场五个点3.1-3.8\3.008LX秀溪中路菜场和十中路口电枪\205211001211802367-00010001-20180303163000-20180303173000-205211-01.nsf
System.Exception: 打开成功
2018-07-20 16:09:09,278 [1]ERROR VideoRecordings.Program - 清空F:\源码\VideoRecordings\VideoRecordings\bin\Debug\ScreenCapture
2018-07-20 16:09:09,351 [1]ERROR VideoRecordings.Program - 清空F:\源码\VideoRecordings\VideoRecordings\bin\Debug\ScreenCapture
2018-07-20 16:09:10,262 [1]ERROR VideoRecordings.Program - 打开\\192.168.1.234\md5\视频\桐乡视频\SP0143-视频结构化-桐乡-行人搜图（3.2-3.6）-20180313\龙翔菜场五个点3.1-3.8\3.008LX秀溪中路菜场和十中路口电枪\205211001211802367-00010001-20180304173000-20180304180000-205211-01.nsf
System.Exception: 打开成功
2018-07-20 16:09:14,465 [1]ERROR VideoRecordings.Program - 清空F:\源码\VideoRecordings\VideoRecordings\bin\Debug\ScreenCapture
2018-07-20 16:09:14,549 [1]ERROR VideoRecordings.Program - 清空F:\源码\VideoRecordings\VideoRecordings\bin\Debug\ScreenCapture
2018-07-20 16:09:15,531 [1]ERROR VideoRecordings.Program - 打开\\192.168.1.234\md5\视频\桐乡视频\SP0143-视频结构化-桐乡-行人搜图（3.2-3.6）-20180313\龙翔菜场五个点3.1-3.8\3.008LX秀溪中路菜场和十中路口电枪\205211001211802367-00010001-20180305173000-20180305180000-205211-01.nsf
System.Exception: 打开成功
2018-07-20 16:09:46,566 [1]ERROR VideoRecordings.Program - 清空F:\源码\VideoRecordings\VideoRecordings\bin\Debug\ScreenCapture
2018-07-20 16:09:46,625 [1]ERROR VideoRecordings.Program - 清空F:\源码\VideoRecordings\VideoRecordings\bin\Debug\ScreenCapture
2018-07-20 16:09:47,463 [1]ERROR VideoRecordings.Program - 打开\\192.168.1.234\md5\视频\桐乡视频\SP0143-视频结构化-桐乡-行人搜图（3.2-3.6）-20180313\龙翔菜场五个点3.1-3.8\3.008LX秀溪中路菜场和十中路口电枪\205211001211802367-00010001-20180306073000-20180306083000-205211-01.nsf
System.Exception: 打开成功
2018-07-20 16:09:49,616 [1]ERROR VideoRecordings.Program - 清空F:\源码\VideoRecordings\VideoRecordings\bin\Debug\ScreenCapture
2018-07-20 16:09:49,694 [1]ERROR VideoRecordings.Program - 清空F:\源码\VideoRecordings\VideoRecordings\bin\Debug\ScreenCapture
2018-07-20 16:09:50,471 [1]ERROR VideoRecordings.Program - 打开\\192.168.1.234\md5\视频\桐乡视频\SP0143-视频结构化-桐乡-行人搜图（3.2-3.6）-20180313\龙翔菜场五个点3.1-3.8\3.008LX秀溪中路菜场和十中路口电枪\205211001211802367-00010001-20180306103000-20180306113000-205211-01.nsf
System.Exception: 打开成功
2018-07-20 16:10:03,589 [1]ERROR VideoRecordings.Program - 清空F:\源码\VideoRecordings\VideoRecordings\bin\Debug\ScreenCapture
2018-07-20 16:10:03,606 [1]ERROR VideoRecordings.Program - 清空F:\源码\VideoRecordings\VideoRecordings\bin\Debug\ScreenCapture
2018-07-20 16:10:04,633 [1]ERROR VideoRecordings.Program - 打开\\192.168.1.234\md5\视频\桐乡视频\SP0143-视频结构化-桐乡-行人搜图（3.2-3.6）-20180313\龙翔菜场五个点3.1-3.8\3.008LX秀溪中路菜场和十中路口电枪\205211001211802367-00010001-20180307093000-20180307103000-205211-01.nsf
System.Exception: 打开成功
2018-07-20 16:10:39,208 [1]ERROR VideoRecordings.Program - 清空F:\源码\VideoRecordings\VideoRecordings\bin\Debug\ScreenCapture
2018-07-20 16:10:39,221 [1]ERROR VideoRecordings.Program - 清空F:\源码\VideoRecordings\VideoRecordings\bin\Debug\ScreenCapture
2018-07-20 16:10:39,400 [1]ERROR VideoRecordings.Program - 清空F:\源码\VideoRecordings\VideoRecordings\bin\Debug\ScreenCapture
2018-07-20 16:10:39,469 [1]ERROR VideoRecordings.Program - 清空F:\源码\VideoRecordings\VideoRecordings\bin\Debug\ScreenCapture
2018-07-20 16:10:40,639 [1]ERROR VideoRecordings.Program - 打开\\192.168.1.234\md5\视频\桐乡视频\SP0143-视频结构化-桐乡-行人搜图（3.2-3.6）-20180313\龙翔菜场五个点3.1-3.8\3.008LX秀溪中路菜场和十中路口电枪\205211001211802367-00010001-20180307113000-20180307123000-205211-01.nsf
System.Exception: 打开成功
2018-07-20 16:10:55,259 [1]ERROR VideoRecordings.Program - 清空F:\源码\VideoRecordings\VideoRecordings\bin\Debug\ScreenCapture
2018-07-20 16:10:55,315 [1]ERROR VideoRecordings.Program - 清空F:\源码\VideoRecordings\VideoRecordings\bin\Debug\ScreenCapture
2018-07-20 16:10:55,946 [1]ERROR VideoRecordings.Program - 打开\\192.168.1.234\md5\视频\桐乡视频\SP0143-视频结构化-桐乡-行人搜图（3.2-3.6）-20180313\龙翔菜场五个点3.1-3.8\3.008LX秀溪中路菜场和十中路口电枪\205211001211802367-00010001-20180307063000-20180307073000-205211-01.nsf
System.Exception: 打开成功
2018-07-20 16:11:01,281 [1]ERROR VideoRecordings.Program - 清空F:\源码\VideoRecordings\VideoRecordings\bin\Debug\ScreenCapture
2018-07-20 16:11:01,354 [1]ERROR VideoRecordings.Program - 清空F:\源码\VideoRecordings\VideoRecordings\bin\Debug\ScreenCapture
2018-07-20 16:11:01,870 [1]ERROR VideoRecordings.Program - 打开\\192.168.1.234\md5\视频\桐乡视频\SP0143-视频结构化-桐乡-行人搜图（3.2-3.6）-20180313\龙翔小学3.5-3.6\009LX龙翔小学西侧路口电枪\205211001211802371-00010001-20180305160000-20180305163000-205211-01.nsf
System.Exception: 打开成功
2018-07-20 16:11:05,899 [1]ERROR VideoRecordings.Program - 清空F:\源码\VideoRecordings\VideoRecordings\bin\Debug\ScreenCapture
2018-07-20 16:11:05,980 [1]ERROR VideoRecordings.Program - 清空F:\源码\VideoRecordings\VideoRecordings\bin\Debug\ScreenCapture
2018-07-20 16:11:06,997 [1]ERROR VideoRecordings.Program - 打开\\192.168.1.234\md5\视频\桐乡视频\SP0143-视频结构化-桐乡-行人搜图（3.2-3.6）-20180313\三幼附近3.5-3.6\655WT梧桐第三幼儿园电枪\205211001211802559-00010001-20180305153000-20180305160000-205211-01.nsf
System.Exception: 打开成功
2018-07-20 16:11:13,541 [1]ERROR VideoRecordings.Program - 获取http://192.168.1.198:16080/videos信息
System.Exception: 获取成功
2018-07-20 16:11:14,398 [1]ERROR VideoRecordings.Program - 清空F:\源码\VideoRecordings\VideoRecordings\bin\Debug\ScreenCapture
2018-07-20 16:11:14,447 [1]ERROR VideoRecordings.Program - 清空F:\源码\VideoRecordings\VideoRecordings\bin\Debug\ScreenCapture
2018-07-20 16:11:16,167 [1]ERROR VideoRecordings.Program - 打开\\192.168.1.234\md7\视频\航天二院视频\SP0181-视频结构化-上海-人行道及出入口等视频-2018050820180520\街角人行道+车道\ch05_20180508083102.mp4
System.Exception: 打开成功
2018-07-20 16:11:43,825 [1]ERROR VideoRecordings.Program - 清空F:\源码\VideoRecordings\VideoRecordings\bin\Debug\ScreenCapture
2018-07-20 16:11:43,870 [1]ERROR VideoRecordings.Program - 清空F:\源码\VideoRecordings\VideoRecordings\bin\Debug\ScreenCapture
2018-07-20 16:11:45,751 [1]ERROR VideoRecordings.Program - 打开\\192.168.1.234\md7\视频\航天二院视频\SP0181-视频结构化-上海-人行道及出入口等视频-2018050820180520\社区出入口\ch12_20180520103646.mp4
System.Exception: 打开成功
2018-07-20 16:12:24,421 [1]ERROR VideoRecordings.Program - 获取http://192.168.1.198:16080/videos信息
System.Exception: 获取成功
2018-07-20 16:12:25,320 [1]ERROR VideoRecordings.Program - 清空F:\源码\VideoRecordings\VideoRecordings\bin\Debug\ScreenCapture
2018-07-20 16:12:25,385 [1]ERROR VideoRecordings.Program - 清空F:\源码\VideoRecordings\VideoRecordings\bin\Debug\ScreenCapture
2018-07-20 16:12:26,102 [1]ERROR VideoRecordings.Program - 打开\\192.168.1.234\md5\视频\青岛视频\SP0157-视频结构化-青岛-海信PK数据-20180327\视频样本\1520293987.h264
System.Exception: 打开成功
