2018-07-12 09:42:20,292 [1]ERROR VideoRecordings.Program - 获取http://192.168.1.198:16080/videos信息
System.Exception: 获取成功
2018-07-12 09:42:22,610 [1]ERROR VideoRecordings.Program - 清空F:\源码\VideoRecordings\VideoRecordings\bin\Debug\ScreenCapture
2018-07-12 09:42:27,085 [1]ERROR VideoRecordings.Program - 清空F:\源码\VideoRecordings\VideoRecordings\bin\Debug\ScreenCapture
2018-07-12 09:42:27,948 [1]ERROR VideoRecordings.Program - 清空F:\源码\VideoRecordings\VideoRecordings\bin\Debug\ScreenCapture
2018-07-12 09:42:30,774 [1]ERROR VideoRecordings.Program - 清空F:\源码\VideoRecordings\VideoRecordings\bin\Debug\ScreenCapture
2018-07-12 09:43:39,593 [1]ERROR VideoRecordings.Program - 清空F:\源码\VideoRecordings\VideoRecordings\bin\Debug\ScreenCapture
2018-07-12 09:43:41,475 [1]ERROR VideoRecordings.Program - 清空F:\源码\VideoRecordings\VideoRecordings\bin\Debug\ScreenCapture
2018-07-12 09:44:51,736 [1]ERROR VideoRecordings.Program - 清空F:\源码\VideoRecordings\VideoRecordings\bin\Debug\ScreenCapture
2018-07-12 09:44:52,228 [1]ERROR VideoRecordings.Program - 清空F:\源码\VideoRecordings\VideoRecordings\bin\Debug\ScreenCapture
2018-07-12 09:44:53,021 [1]ERROR VideoRecordings.Program - 清空F:\源码\VideoRecordings\VideoRecordings\bin\Debug\ScreenCapture
2018-07-12 09:44:53,500 [1]ERROR VideoRecordings.Program - 清空F:\源码\VideoRecordings\VideoRecordings\bin\Debug\ScreenCapture
2018-07-12 09:45:31,083 [1]ERROR VideoRecordings.Program - 清空F:\源码\VideoRecordings\VideoRecordings\bin\Debug\ScreenCapture
2018-07-12 09:45:35,060 [1]ERROR VideoRecordings.Program - 清空F:\源码\VideoRecordings\VideoRecordings\bin\Debug\ScreenCapture
2018-07-12 09:46:08,058 [1]ERROR VideoRecordings.Program - 清空F:\源码\VideoRecordings\VideoRecordings\bin\Debug\ScreenCapture
2018-07-12 09:46:09,288 [1]ERROR VideoRecordings.Program - 清空F:\源码\VideoRecordings\VideoRecordings\bin\Debug\ScreenCapture
2018-07-12 09:46:10,613 [1]ERROR VideoRecordings.Program - 清空F:\源码\VideoRecordings\VideoRecordings\bin\Debug\ScreenCapture
2018-07-12 09:46:11,052 [1]ERROR VideoRecordings.Program - 清空F:\源码\VideoRecordings\VideoRecordings\bin\Debug\ScreenCapture
2018-07-12 09:46:12,015 [1]ERROR VideoRecordings.Program - 清空F:\源码\VideoRecordings\VideoRecordings\bin\Debug\ScreenCapture
2018-07-12 09:46:12,705 [1]ERROR VideoRecordings.Program - 清空F:\源码\VideoRecordings\VideoRecordings\bin\Debug\ScreenCapture
2018-07-12 09:46:23,947 [1]ERROR VideoRecordings.Program - 清空F:\源码\VideoRecordings\VideoRecordings\bin\Debug\ScreenCapture
2018-07-12 10:04:48,078 [1]ERROR VideoRecordings.Program - 获取http://192.168.1.198:16080/videos信息
System.Exception: 获取成功
2018-07-12 10:04:49,529 [1]ERROR VideoRecordings.Program - 清空F:\源码\VideoRecordings\VideoRecordings\bin\Debug\ScreenCapture
2018-07-12 10:04:49,699 [1]ERROR VideoRecordings.Program - 清空F:\源码\VideoRecordings\VideoRecordings\bin\Debug\ScreenCapture
2018-07-12 10:04:50,588 [1]ERROR VideoRecordings.Program - 清空F:\源码\VideoRecordings\VideoRecordings\bin\Debug\ScreenCapture
2018-07-12 10:04:50,916 [1]ERROR VideoRecordings.Program - 清空F:\源码\VideoRecordings\VideoRecordings\bin\Debug\ScreenCapture
2018-07-12 10:04:51,388 [1]ERROR VideoRecordings.Program - 清空F:\源码\VideoRecordings\VideoRecordings\bin\Debug\ScreenCapture
2018-07-12 10:04:51,778 [1]ERROR VideoRecordings.Program - 清空F:\源码\VideoRecordings\VideoRecordings\bin\Debug\ScreenCapture
2018-07-12 10:04:52,122 [1]ERROR VideoRecordings.Program - 清空F:\源码\VideoRecordings\VideoRecordings\bin\Debug\ScreenCapture
2018-07-12 10:04:52,494 [1]ERROR VideoRecordings.Program - 清空F:\源码\VideoRecordings\VideoRecordings\bin\Debug\ScreenCapture
2018-07-12 10:04:52,851 [1]ERROR VideoRecordings.Program - 清空F:\源码\VideoRecordings\VideoRecordings\bin\Debug\ScreenCapture
2018-07-12 10:04:53,704 [1]ERROR VideoRecordings.Program - 清空F:\源码\VideoRecordings\VideoRecordings\bin\Debug\ScreenCapture
2018-07-12 10:05:55,016 [1]ERROR VideoRecordings.Program - 获取http://192.168.1.198:16080/videos信息
System.Exception: 获取成功
2018-07-12 10:05:55,050 [1]ERROR VideoRecordings.Program - 清空F:\源码\VideoRecordings\VideoRecordings\bin\Debug\ScreenCapture
2018-07-12 10:06:05,718 [1]ERROR VideoRecordings.Program - 清空F:\源码\VideoRecordings\VideoRecordings\bin\Debug\ScreenCapture
2018-07-12 10:06:07,389 [1]ERROR VideoRecordings.Program - 清空F:\源码\VideoRecordings\VideoRecordings\bin\Debug\ScreenCapture
2018-07-12 10:06:08,104 [1]ERROR VideoRecordings.Program - 清空F:\源码\VideoRecordings\VideoRecordings\bin\Debug\ScreenCapture
2018-07-12 10:06:08,622 [1]ERROR VideoRecordings.Program - 清空F:\源码\VideoRecordings\VideoRecordings\bin\Debug\ScreenCapture
2018-07-12 10:06:08,987 [1]ERROR VideoRecordings.Program - 清空F:\源码\VideoRecordings\VideoRecordings\bin\Debug\ScreenCapture
2018-07-12 10:06:09,283 [1]ERROR VideoRecordings.Program - 清空F:\源码\VideoRecordings\VideoRecordings\bin\Debug\ScreenCapture
2018-07-12 10:06:15,467 [1]ERROR VideoRecordings.Program - 清空F:\源码\VideoRecordings\VideoRecordings\bin\Debug\ScreenCapture
2018-07-12 10:06:16,815 [1]ERROR VideoRecordings.Program - 清空F:\源码\VideoRecordings\VideoRecordings\bin\Debug\ScreenCapture
2018-07-12 10:06:17,223 [1]ERROR VideoRecordings.Program - 清空F:\源码\VideoRecordings\VideoRecordings\bin\Debug\ScreenCapture
2018-07-12 10:06:17,643 [1]ERROR VideoRecordings.Program - 清空F:\源码\VideoRecordings\VideoRecordings\bin\Debug\ScreenCapture
2018-07-12 10:06:18,052 [1]ERROR VideoRecordings.Program - 清空F:\源码\VideoRecordings\VideoRecordings\bin\Debug\ScreenCapture
2018-07-12 10:06:18,555 [1]ERROR VideoRecordings.Program - 清空F:\源码\VideoRecordings\VideoRecordings\bin\Debug\ScreenCapture
2018-07-12 10:06:19,639 [1]ERROR VideoRecordings.Program - 清空F:\源码\VideoRecordings\VideoRecordings\bin\Debug\ScreenCapture
2018-07-12 11:37:44,114 [1]ERROR VideoRecordings.Program - 搜索条件status=0&recorded=1&start_date=2010-01-01&end_date=2018-07-12&start_time=0:00:00&end_time=23:59:59
2018-07-12 11:48:50,817 [1]ERROR VideoRecordings.Program - 获取http://192.168.1.198:16080/videos信息
System.Exception: 获取成功
2018-07-12 11:48:54,421 [1]ERROR VideoRecordings.Program - 获取http://192.168.1.198:16080/videos信息
System.Exception: 获取成功
2018-07-12 14:02:40,829 [1]ERROR VideoRecordings.Program - 获取http://192.168.1.198:16080/videos信息
System.Exception: 获取成功
2018-07-12 14:02:44,123 [1]ERROR VideoRecordings.Program - 清空F:\源码\VideoRecordings\VideoRecordings\bin\Debug\ScreenCapture
2018-07-12 14:02:51,717 [1]ERROR VideoRecordings.Program - 打开\\192.168.1.234\md7\视频\遵义视频\SP0187-行人标注-遵义-行人视频数据-20180624\时代天骄广场1_20180624115307_20180624122302_1.mp4
System.Exception: 打开成功
2018-07-12 14:03:46,731 [1]ERROR VideoRecordings.Program - 清空F:\源码\VideoRecordings\VideoRecordings\bin\Debug\ScreenCapture
2018-07-12 14:03:48,374 [1]ERROR VideoRecordings.Program - 打开\\192.168.1.234\md7\视频\遵义视频\SP0187-行人标注-遵义-行人视频数据-20180624\深圳路中医特色医院_20180624115237_20180624122232_1.mp4
System.Exception: 打开成功
2018-07-12 14:18:17,604 [1]ERROR VideoRecordings.Program - 搜索条件status=0&recorded=1&start_date=2010-01-01&end_date=2018-07-12&start_time=0:00:00&end_time=23:59:59
2018-07-12 14:20:40,061 [1]ERROR VideoRecordings.Program - 搜索条件status=0&recorded=0&start_date=2010-01-01&end_date=2018-07-12&start_time=0:00:00&end_time=23:59:59
2018-07-12 15:39:02,764 [1]ERROR VideoRecordings.Program - 获取http://192.168.1.198:16080/videos信息
System.Exception: 获取成功
2018-07-12 15:39:04,129 [1]ERROR VideoRecordings.Program - 清空F:\源码\VideoRecordings\VideoRecordings\bin\Debug\ScreenCapture
2018-07-12 15:39:24,284 [1]ERROR VideoRecordings.Program - 清空F:\源码\VideoRecordings\VideoRecordings\bin\Debug\ScreenCapture
2018-07-12 15:39:24,904 [1]ERROR VideoRecordings.Program - 清空F:\源码\VideoRecordings\VideoRecordings\bin\Debug\ScreenCapture
2018-07-12 15:39:25,220 [1]ERROR VideoRecordings.Program - 清空F:\源码\VideoRecordings\VideoRecordings\bin\Debug\ScreenCapture
2018-07-12 15:39:27,779 [1]ERROR VideoRecordings.Program - 打开\\192.168.1.234\md5\视频\黄石视频\SP0155-视频结构化-黄石-街道路口行人车辆混杂-20180326\19、黄石A00175(高枪)房产局路口(南)\2018-03-23\黄石A00175(高枪)房产局路口(南) 20180320-064006--20180320-065006.mp4
System.Exception: 打开成功
2018-07-12 15:39:40,740 [1]ERROR VideoRecordings.Program - 清空F:\源码\VideoRecordings\VideoRecordings\bin\Debug\ScreenCapture
2018-07-12 15:39:41,541 [1]ERROR VideoRecordings.Program - 打开\\192.168.1.234\md5\视频\黄石视频\SP0155-视频结构化-黄石-街道路口行人车辆混杂-20180326\19、黄石A00175(高枪)房产局路口(南)\2018-03-23\黄石A00175(高枪)房产局路口(南) 20180320-070006--20180320-071005.mp4
System.Exception: 打开成功
2018-07-12 15:39:53,604 [1]ERROR VideoRecordings.Program - 清空F:\源码\VideoRecordings\VideoRecordings\bin\Debug\ScreenCapture
2018-07-12 15:39:54,067 [1]ERROR VideoRecordings.Program - 打开\\192.168.1.234\md5\视频\黄石视频\SP0155-视频结构化-黄石-街道路口行人车辆混杂-20180326\19、黄石A00175(高枪)房产局路口(南)\2018-03-23\黄石A00175(高枪)房产局路口(南) 20180320-073006--20180320-074006.mp4
System.Exception: 打开成功
2018-07-12 15:40:04,156 [1]ERROR VideoRecordings.Program - 获取http://192.168.1.198:16080/videos信息
System.Exception: 获取成功
2018-07-12 15:40:04,903 [1]ERROR VideoRecordings.Program - 清空F:\源码\VideoRecordings\VideoRecordings\bin\Debug\ScreenCapture
2018-07-12 15:40:06,020 [1]ERROR VideoRecordings.Program - 打开\\192.168.1.234\md5\视频\西藏视频\SP0156-视频结构化-西藏-行人密集-20180321\古树全景球机_20180321173747_1000139-1-0-0.dav
System.Exception: 打开成功
2018-07-12 15:40:22,012 [1]ERROR VideoRecordings.Program - 清空F:\源码\VideoRecordings\VideoRecordings\bin\Debug\ScreenCapture
2018-07-12 15:40:22,485 [1]ERROR VideoRecordings.Program - 打开\\192.168.1.234\md5\视频\西藏视频\SP0156-视频结构化-西藏-行人密集-20180321\清政府衙门全景球机_20180321173752_1000135-1-0-0.dav
System.Exception: 打开成功
2018-07-12 15:40:32,736 [1]ERROR VideoRecordings.Program - 获取http://192.168.1.198:16080/videos信息
System.Exception: 获取成功
2018-07-12 15:40:33,483 [1]ERROR VideoRecordings.Program - 清空F:\源码\VideoRecordings\VideoRecordings\bin\Debug\ScreenCapture
2018-07-12 15:40:33,877 [1]ERROR VideoRecordings.Program - 打开\\192.168.1.234\md5\视频\黄石视频\SP0155-视频结构化-黄石-街道路口行人车辆混杂-20180326\19、黄石A00175(高枪)房产局路口(南)\2018-03-23\黄石A00175(高枪)房产局路口(南) 20180320-065006--20180320-070005.mp4
System.Exception: 打开成功
2018-07-12 15:40:39,412 [1]ERROR VideoRecordings.Program - 清空F:\源码\VideoRecordings\VideoRecordings\bin\Debug\ScreenCapture
2018-07-12 15:40:39,846 [1]ERROR VideoRecordings.Program - 打开\\192.168.1.234\md5\视频\黄石视频\SP0155-视频结构化-黄石-街道路口行人车辆混杂-20180326\19、黄石A00175(高枪)房产局路口(南)\2018-03-23\黄石A00175(高枪)房产局路口(南) 20180320-064006--20180320-065006.mp4
System.Exception: 打开成功
2018-07-12 15:40:44,923 [1]ERROR VideoRecordings.Program - 清空F:\源码\VideoRecordings\VideoRecordings\bin\Debug\ScreenCapture
2018-07-12 15:40:45,436 [1]ERROR VideoRecordings.Program - 打开\\192.168.1.234\md5\视频\黄石视频\SP0155-视频结构化-黄石-街道路口行人车辆混杂-20180326\19、黄石A00175(高枪)房产局路口(南)\2018-03-23\黄石A00175(高枪)房产局路口(南) 20180320-062006--20180320-063005.mp4
System.Exception: 打开成功
2018-07-12 15:40:57,458 [1]ERROR VideoRecordings.Program - 搜索条件status=0&recorded=1&start_date=2010-01-01&end_date=2018-07-12&start_time=0:00:00&end_time=23:59:59
2018-07-12 15:41:01,975 [1]ERROR VideoRecordings.Program - 打开\\192.168.1.234\md5\视频\黄石视频\SP0155-视频结构化-黄石-街道路口行人车辆混杂-20180326\19、黄石A00175(高枪)房产局路口(南)\2018-03-23\黄石A00175(高枪)房产局路口(南) 20180320-060005--20180320-061005.mp4
System.Exception: 打开成功
2018-07-12 15:41:14,010 [1]ERROR VideoRecordings.Program - 打开\\192.168.1.234\md5\视频\黄石视频\SP0155-视频结构化-黄石-街道路口行人车辆混杂-20180326\19、黄石A00175(高枪)房产局路口(南)\2018-03-23\黄石A00175(高枪)房产局路口(南) 20180320-063006--20180320-064006.mp4
System.Exception: 打开成功
2018-07-12 15:41:28,482 [1]ERROR VideoRecordings.Program - 打开\\192.168.1.234\md6\视频\沌口视频\SP0161-视频结构化-沌口-测试视频-20180410\100.120.18.6_2018-04-04_112120.ts
System.Exception: 打开成功
2018-07-12 15:51:13,679 [1]ERROR VideoRecordings.Program - 获取http://192.168.1.198:16080/videos信息
System.Exception: 获取成功
2018-07-12 15:51:22,559 [1]ERROR VideoRecordings.Program - 获取http://192.168.1.198:16080/videos信息
System.Exception: 获取成功
2018-07-12 15:51:24,110 [1]ERROR VideoRecordings.Program - 清空F:\源码\VideoRecordings\VideoRecordings\bin\Debug\ScreenCapture
2018-07-12 15:51:24,427 [1]ERROR VideoRecordings.Program - 清空F:\源码\VideoRecordings\VideoRecordings\bin\Debug\ScreenCapture
2018-07-12 15:51:24,683 [1]ERROR VideoRecordings.Program - 清空F:\源码\VideoRecordings\VideoRecordings\bin\Debug\ScreenCapture
2018-07-12 15:51:24,901 [1]ERROR VideoRecordings.Program - 清空F:\源码\VideoRecordings\VideoRecordings\bin\Debug\ScreenCapture
2018-07-12 15:51:25,171 [1]ERROR VideoRecordings.Program - 清空F:\源码\VideoRecordings\VideoRecordings\bin\Debug\ScreenCapture
2018-07-12 15:51:25,435 [1]ERROR VideoRecordings.Program - 清空F:\源码\VideoRecordings\VideoRecordings\bin\Debug\ScreenCapture
2018-07-12 15:51:25,837 [1]ERROR VideoRecordings.Program - 清空F:\源码\VideoRecordings\VideoRecordings\bin\Debug\ScreenCapture
2018-07-12 15:51:29,859 [1]ERROR VideoRecordings.Program - 获取http://192.168.1.198:16080/videos信息
System.Exception: 获取成功
2018-07-12 15:51:29,878 [1]ERROR VideoRecordings.Program - 清空F:\源码\VideoRecordings\VideoRecordings\bin\Debug\ScreenCapture
2018-07-12 15:51:32,132 [1]ERROR VideoRecordings.Program - 清空F:\源码\VideoRecordings\VideoRecordings\bin\Debug\ScreenCapture
2018-07-12 15:51:46,005 [1]ERROR VideoRecordings.Program - 清空F:\源码\VideoRecordings\VideoRecordings\bin\Debug\ScreenCapture
2018-07-12 15:51:46,204 [1]ERROR VideoRecordings.Program - 清空F:\源码\VideoRecordings\VideoRecordings\bin\Debug\ScreenCapture
2018-07-12 15:51:46,494 [1]ERROR VideoRecordings.Program - 清空F:\源码\VideoRecordings\VideoRecordings\bin\Debug\ScreenCapture
2018-07-12 15:51:46,756 [1]ERROR VideoRecordings.Program - 清空F:\源码\VideoRecordings\VideoRecordings\bin\Debug\ScreenCapture
2018-07-12 15:51:47,125 [1]ERROR VideoRecordings.Program - 清空F:\源码\VideoRecordings\VideoRecordings\bin\Debug\ScreenCapture
2018-07-12 15:51:47,461 [1]ERROR VideoRecordings.Program - 清空F:\源码\VideoRecordings\VideoRecordings\bin\Debug\ScreenCapture
2018-07-12 15:51:47,835 [1]ERROR VideoRecordings.Program - 清空F:\源码\VideoRecordings\VideoRecordings\bin\Debug\ScreenCapture
2018-07-12 15:51:50,241 [1]ERROR VideoRecordings.Program - 获取http://192.168.1.198:16080/videos信息
System.Exception: 获取成功
2018-07-12 15:51:50,265 [1]ERROR VideoRecordings.Program - 清空F:\源码\VideoRecordings\VideoRecordings\bin\Debug\ScreenCapture
2018-07-12 15:51:53,720 [1]ERROR VideoRecordings.Program - 清空F:\源码\VideoRecordings\VideoRecordings\bin\Debug\ScreenCapture
2018-07-12 15:51:58,470 [1]ERROR VideoRecordings.Program - 获取http://192.168.1.198:16080/videos信息
System.Exception: 获取成功
2018-07-12 15:51:58,482 [1]ERROR VideoRecordings.Program - 清空F:\源码\VideoRecordings\VideoRecordings\bin\Debug\ScreenCapture
2018-07-12 15:52:00,887 [1]ERROR VideoRecordings.Program - 获取http://192.168.1.198:16080/videos信息
System.Exception: 获取成功
2018-07-12 15:52:06,755 [1]ERROR VideoRecordings.Program - 清空F:\源码\VideoRecordings\VideoRecordings\bin\Debug\ScreenCapture
2018-07-12 15:52:11,470 [1]ERROR VideoRecordings.Program - 获取http://192.168.1.198:16080/videos信息
System.Exception: 获取成功
2018-07-12 15:52:11,481 [1]ERROR VideoRecordings.Program - 清空F:\源码\VideoRecordings\VideoRecordings\bin\Debug\ScreenCapture
2018-07-12 15:52:13,700 [1]ERROR VideoRecordings.Program - 清空F:\源码\VideoRecordings\VideoRecordings\bin\Debug\ScreenCapture
2018-07-12 15:52:16,666 [1]ERROR VideoRecordings.Program - 清空F:\源码\VideoRecordings\VideoRecordings\bin\Debug\ScreenCapture
2018-07-12 15:52:17,387 [1]ERROR VideoRecordings.Program - 清空F:\源码\VideoRecordings\VideoRecordings\bin\Debug\ScreenCapture
2018-07-12 15:52:18,151 [1]ERROR VideoRecordings.Program - 清空F:\源码\VideoRecordings\VideoRecordings\bin\Debug\ScreenCapture
2018-07-12 15:52:20,496 [1]ERROR VideoRecordings.Program - 清空F:\源码\VideoRecordings\VideoRecordings\bin\Debug\ScreenCapture
2018-07-12 15:52:33,150 [1]ERROR VideoRecordings.Program - 搜索条件status=0&recorded=1&start_date=2010-01-01&end_date=2018-07-12&start_time=0:00:00&end_time=23:59:59&label[]=[137]
2018-07-12 15:53:08,690 [1]ERROR VideoRecordings.Program - 搜索条件status=0&recorded=1&start_date=2010-01-01&end_date=2018-07-12&start_time=0:00:00&end_time=23:59:59&label[]=[137]
2018-07-12 16:14:36,216 [1]ERROR VideoRecordings.Program - 修改视频信息,原信息{"Id":7,"Name":"SP0163","Place":"海口","Scenes":0,"ScenesName":"白天","StartDate":"2018-03-31","EndDate":"2018-04-16","Uri":"/md6/视频/海口视频/SP0163-视频结构化-海口-海口办公区视频-2018033120180416","Size":"241G","VideoCount":260,"Count":260,"Replicator":"韩君","Recorder":"李奇","Note":"办公区视频，含室外出入口、室内通道、电梯口、谈话室等场景，可做行人，人流量较少","RecordTime":"2018-04-25 11:10:00","Status":"视频已加载","Statistic":{"Deframed":0,"Recorded":260,"Total":260},"Percent":"100.0%(260/260)"},修改后{"replicator":"韩君1"}
2018-07-12 16:14:51,941 [1]ERROR VideoRecordings.Program - 修改视频信息,原信息{"Id":7,"Name":"SP0163","Place":"海口","Scenes":0,"ScenesName":"白天","StartDate":"2018-03-31","EndDate":"2018-04-16","Uri":"/md6/视频/海口视频/SP0163-视频结构化-海口-海口办公区视频-2018033120180416","Size":"241G","VideoCount":260,"Count":260,"Replicator":"韩君1","Recorder":"李奇","Note":"办公区视频，含室外出入口、室内通道、电梯口、谈话室等场景，可做行人，人流量较少","RecordTime":"2018-04-25 11:10:00","Status":"视频已加载","Statistic":{"Deframed":0,"Recorded":260,"Total":260},"Percent":"100.0%(260/260)"},修改后{"replicator":"韩君"}
2018-07-12 17:14:05,469 [1]ERROR VideoRecordings.Program - 搜索条件status=0&recorded=1&start_date=2010-01-01&end_date=2018-07-12&start_time=0:00:00&end_time=23:59:59&label[]=[137]
2018-07-12 18:00:10,146 [1]ERROR VideoRecordings.Program - 搜索条件status=0&recorded=1&start_date=2010-01-01&end_date=2018-07-12&start_time=0:00:00&end_time=23:59:59
2018-07-12 18:28:17,366 [1]ERROR VideoRecordings.Program - 获取http://192.168.1.198:16080/videos信息
System.Exception: 获取成功
2018-07-12 18:28:21,302 [1]ERROR VideoRecordings.Program - 获取http://192.168.1.198:16080/videos信息
System.Exception: 获取成功
2018-07-12 18:28:22,555 [1]ERROR VideoRecordings.Program - 清空F:\源码\VideoRecordings\VideoRecordings\bin\Debug\ScreenCapture
2018-07-12 18:28:24,189 [1]ERROR VideoRecordings.Program - 清空F:\源码\VideoRecordings\VideoRecordings\bin\Debug\ScreenCapture
2018-07-12 18:28:24,646 [1]ERROR VideoRecordings.Program - 清空F:\源码\VideoRecordings\VideoRecordings\bin\Debug\ScreenCapture
2018-07-12 18:28:24,953 [1]ERROR VideoRecordings.Program - 清空F:\源码\VideoRecordings\VideoRecordings\bin\Debug\ScreenCapture
2018-07-12 18:28:25,233 [1]ERROR VideoRecordings.Program - 清空F:\源码\VideoRecordings\VideoRecordings\bin\Debug\ScreenCapture
2018-07-12 18:28:25,721 [1]ERROR VideoRecordings.Program - 清空F:\源码\VideoRecordings\VideoRecordings\bin\Debug\ScreenCapture
2018-07-12 18:29:56,134 [1]ERROR VideoRecordings.Program - 获取http://192.168.1.198:16080/videos信息
System.Exception: 获取成功
2018-07-12 18:29:57,796 [1]ERROR VideoRecordings.Program - 清空F:\源码\VideoRecordings\VideoRecordings\bin\Debug\ScreenCapture
2018-07-12 18:29:59,463 [1]ERROR VideoRecordings.Program - 清空F:\源码\VideoRecordings\VideoRecordings\bin\Debug\ScreenCapture
2018-07-12 18:29:59,721 [1]ERROR VideoRecordings.Program - 清空F:\源码\VideoRecordings\VideoRecordings\bin\Debug\ScreenCapture
2018-07-12 18:30:00,028 [1]ERROR VideoRecordings.Program - 清空F:\源码\VideoRecordings\VideoRecordings\bin\Debug\ScreenCapture
2018-07-12 18:30:00,369 [1]ERROR VideoRecordings.Program - 清空F:\源码\VideoRecordings\VideoRecordings\bin\Debug\ScreenCapture
2018-07-12 18:30:00,874 [1]ERROR VideoRecordings.Program - 清空F:\源码\VideoRecordings\VideoRecordings\bin\Debug\ScreenCapture
2018-07-12 18:30:09,060 [1]ERROR VideoRecordings.Program - 获取http://192.168.1.198:16080/videos信息
System.Exception: 获取成功
2018-07-12 18:30:10,465 [1]ERROR VideoRecordings.Program - 清空F:\源码\VideoRecordings\VideoRecordings\bin\Debug\ScreenCapture
2018-07-12 18:30:11,152 [1]ERROR VideoRecordings.Program - 清空F:\源码\VideoRecordings\VideoRecordings\bin\Debug\ScreenCapture
2018-07-12 18:30:12,162 [1]ERROR VideoRecordings.Program - 清空F:\源码\VideoRecordings\VideoRecordings\bin\Debug\ScreenCapture
2018-07-12 18:30:12,561 [1]ERROR VideoRecordings.Program - 清空F:\源码\VideoRecordings\VideoRecordings\bin\Debug\ScreenCapture
2018-07-12 18:30:13,778 [1]ERROR VideoRecordings.Program - 清空F:\源码\VideoRecordings\VideoRecordings\bin\Debug\ScreenCapture
2018-07-12 18:30:14,069 [1]ERROR VideoRecordings.Program - 清空F:\源码\VideoRecordings\VideoRecordings\bin\Debug\ScreenCapture
2018-07-12 18:30:14,417 [1]ERROR VideoRecordings.Program - 清空F:\源码\VideoRecordings\VideoRecordings\bin\Debug\ScreenCapture
2018-07-12 18:30:14,866 [1]ERROR VideoRecordings.Program - 清空F:\源码\VideoRecordings\VideoRecordings\bin\Debug\ScreenCapture
2018-07-12 18:30:15,528 [1]ERROR VideoRecordings.Program - 清空F:\源码\VideoRecordings\VideoRecordings\bin\Debug\ScreenCapture
2018-07-12 18:30:16,017 [1]ERROR VideoRecordings.Program - 清空F:\源码\VideoRecordings\VideoRecordings\bin\Debug\ScreenCapture
2018-07-12 18:30:16,923 [1]ERROR VideoRecordings.Program - 清空F:\源码\VideoRecordings\VideoRecordings\bin\Debug\ScreenCapture
2018-07-12 18:30:21,578 [1]ERROR VideoRecordings.Program - 清空F:\源码\VideoRecordings\VideoRecordings\bin\Debug\ScreenCapture
2018-07-12 18:30:21,882 [1]ERROR VideoRecordings.Program - 清空F:\源码\VideoRecordings\VideoRecordings\bin\Debug\ScreenCapture
2018-07-12 18:30:22,146 [1]ERROR VideoRecordings.Program - 清空F:\源码\VideoRecordings\VideoRecordings\bin\Debug\ScreenCapture
2018-07-12 18:30:22,445 [1]ERROR VideoRecordings.Program - 清空F:\源码\VideoRecordings\VideoRecordings\bin\Debug\ScreenCapture
2018-07-12 18:30:23,083 [1]ERROR VideoRecordings.Program - 清空F:\源码\VideoRecordings\VideoRecordings\bin\Debug\ScreenCapture
2018-07-12 18:30:32,387 [1]ERROR VideoRecordings.Program - 获取http://192.168.1.198:16080/videos信息
System.Exception: 获取成功
2018-07-12 18:30:33,935 [1]ERROR VideoRecordings.Program - 清空F:\源码\VideoRecordings\VideoRecordings\bin\Debug\ScreenCapture
2018-07-12 18:30:40,195 [1]ERROR VideoRecordings.Program - 清空F:\源码\VideoRecordings\VideoRecordings\bin\Debug\ScreenCapture
2018-07-12 18:33:45,994 [1]ERROR VideoRecordings.Program - 搜索条件status=0&recorded=0&start_date=2010-01-01&end_date=2018-07-12&start_time=0:00:00&end_time=23:59:59
2018-07-12 18:34:11,262 [1]ERROR VideoRecordings.Program - 搜索条件status=0&recorded=0&start_date=2010-01-01&end_date=2018-07-12&start_time=0:00:00&end_time=23:59:59
2018-07-12 18:35:42,214 [1]ERROR VideoRecordings.Program - 搜索条件status=0&recorded=0&start_date=2010-01-01&end_date=2018-07-12&start_time=0:00:00&end_time=23:59:59
2018-07-12 18:36:17,624 [1]ERROR VideoRecordings.Program - 搜索条件status=0&recorded=0&start_date=2010-01-01&end_date=2018-07-12&start_time=0:00:00&end_time=23:59:59
2018-07-12 18:37:19,260 [1]ERROR VideoRecordings.Program - 搜索条件status=0&recorded=1&start_date=2010-01-01&end_date=2018-07-12&start_time=0:00:00&end_time=23:59:59
2018-07-12 18:39:32,995 [1]ERROR VideoRecordings.Program - 搜索条件status=0&recorded=0&start_date=2010-01-01&end_date=2018-07-12&start_time=0:00:00&end_time=23:59:59
2018-07-12 18:39:39,818 [1]ERROR VideoRecordings.Program - 搜索条件status=0&recorded=1&start_date=2010-01-01&end_date=2018-07-12&start_time=0:00:00&end_time=23:59:59
2018-07-12 18:39:46,539 [1]ERROR VideoRecordings.Program - 搜索条件status=0&recorded=0&start_date=2010-01-01&end_date=2018-07-12&start_time=0:00:00&end_time=23:59:59
2018-07-12 18:39:51,929 [1]ERROR VideoRecordings.Program - 搜索条件status=0&recorded=1&start_date=2010-01-01&end_date=2018-07-12&start_time=0:00:00&end_time=23:59:59
2018-07-12 18:43:41,795 [1]ERROR VideoRecordings.Program - 搜索条件status=0&recorded=1&start_date=2010-01-01&end_date=2018-07-12&start_time=0:00:00&end_time=23:59:59
2018-07-12 18:43:50,863 [1]ERROR VideoRecordings.Program - 搜索条件status=0&start_date=2010-01-01&end_date=2018-07-12&start_time=0:00:00&end_time=23:59:59
2018-07-12 18:44:04,239 [1]ERROR VideoRecordings.Program - 搜索条件status=0&recorded=0&start_date=2010-01-01&end_date=2018-07-12&start_time=0:00:00&end_time=23:59:59
2018-07-12 18:44:11,185 [1]ERROR VideoRecordings.Program - 搜索条件status=0&recorded=1&start_date=2010-01-01&end_date=2018-07-12&start_time=0:00:00&end_time=23:59:59
2018-07-12 18:44:59,143 [1]ERROR VideoRecordings.Program - 搜索条件status=0&recorded=1&start_date=2010-01-01&end_date=2018-07-12&start_time=0:00:00&end_time=23:59:59
2018-07-12 18:48:13,273 [1]ERROR VideoRecordings.Program - 搜索条件status=0&recorded=1&start_date=2010-01-01&end_date=2018-07-12&start_time=0:00:00&end_time=23:59:59
2018-07-12 18:48:27,918 [1]ERROR VideoRecordings.Program - 搜索条件status=0&recorded=1&start_date=2010-01-01&end_date=2018-07-12&start_time=0:00:00&end_time=23:59:59
2018-07-12 18:48:34,345 [1]ERROR VideoRecordings.Program - 搜索条件status=0&recorded=0&start_date=2010-01-01&end_date=2018-07-12&start_time=0:00:00&end_time=23:59:59
2018-07-12 18:48:41,607 [1]ERROR VideoRecordings.Program - 搜索条件status=0&recorded=1&start_date=2010-01-01&end_date=2018-07-12&start_time=0:00:00&end_time=23:59:59
2018-07-12 18:49:17,484 [1]ERROR VideoRecordings.Program - 搜索条件status=0&recorded=1&start_date=2010-01-01&end_date=2018-07-12&start_time=0:00:00&end_time=23:59:59
2018-07-12 18:49:23,786 [1]ERROR VideoRecordings.Program - 搜索条件status=0&recorded=0&start_date=2010-01-01&end_date=2018-07-12&start_time=0:00:00&end_time=23:59:59
2018-07-12 18:50:41,971 [1]ERROR VideoRecordings.Program - 搜索条件status=0&recorded=0&start_date=2010-01-01&end_date=2018-07-12&start_time=0:00:00&end_time=23:59:59
2018-07-12 18:51:00,603 [1]ERROR VideoRecordings.Program - 搜索条件status=0&recorded=1&start_date=2010-01-01&end_date=2018-07-12&start_time=0:00:00&end_time=23:59:59
2018-07-12 18:52:13,882 [1]ERROR VideoRecordings.Program - 搜索条件status=0&recorded=0&start_date=2010-01-01&end_date=2018-07-12&start_time=0:00:00&end_time=23:59:59
2018-07-12 18:52:28,383 [1]ERROR VideoRecordings.Program - 搜索条件status=0&recorded=1&start_date=2010-01-01&end_date=2018-07-12&start_time=0:00:00&end_time=23:59:59
2018-07-12 18:52:52,800 [1]ERROR VideoRecordings.Program - 搜索条件status=0&recorded=1&start_date=2010-01-01&end_date=2018-07-12&start_time=0:00:00&end_time=23:59:59
2018-07-12 18:53:01,009 [1]ERROR VideoRecordings.Program - 搜索条件status=0&recorded=0&start_date=2010-01-01&end_date=2018-07-12&start_time=0:00:00&end_time=23:59:59
2018-07-12 18:53:07,157 [1]ERROR VideoRecordings.Program - 搜索条件status=0&recorded=1&start_date=2010-01-01&end_date=2018-07-12&start_time=0:00:00&end_time=23:59:59
2018-07-12 18:53:17,873 [1]ERROR VideoRecordings.Program - 搜索条件status=0&start_date=2010-01-01&end_date=2018-07-12&start_time=0:00:00&end_time=23:59:59
